running egg_info
writing ../../build/noisy_sensors/noisy_sensors.egg-info/PKG-INFO
writing dependency_links to ../../build/noisy_sensors/noisy_sensors.egg-info/dependency_links.txt
writing entry points to ../../build/noisy_sensors/noisy_sensors.egg-info/entry_points.txt
writing requirements to ../../build/noisy_sensors/noisy_sensors.egg-info/requires.txt
writing top-level names to ../../build/noisy_sensors/noisy_sensors.egg-info/top_level.txt
reading manifest file '../../build/noisy_sensors/noisy_sensors.egg-info/SOURCES.txt'
writing manifest file '../../build/noisy_sensors/noisy_sensors.egg-info/SOURCES.txt'
running build
running build_py
copying noisy_sensors/noisy_pose_turtlesim.py -> /home/andrepadilha/kalman_ws/build/noisy_sensors/build/lib/noisy_sensors
running install
running install_lib
copying /home/andrepadilha/kalman_ws/build/noisy_sensors/build/lib/noisy_sensors/noisy_pose_turtlesim.py -> /home/andrepadilha/kalman_ws/install/noisy_sensors/lib/python3.8/site-packages/noisy_sensors
byte-compiling /home/andrepadilha/kalman_ws/install/noisy_sensors/lib/python3.8/site-packages/noisy_sensors/noisy_pose_turtlesim.py to noisy_pose_turtlesim.cpython-38.pyc
running install_data
running install_egg_info
removing '/home/andrepadilha/kalman_ws/install/noisy_sensors/lib/python3.8/site-packages/noisy_sensors-0.0.0-py3.8.egg-info' (and everything under it)
Copying ../../build/noisy_sensors/noisy_sensors.egg-info to /home/andrepadilha/kalman_ws/install/noisy_sensors/lib/python3.8/site-packages/noisy_sensors-0.0.0-py3.8.egg-info
running install_scripts
Installing noisyOdom script to /home/andrepadilha/kalman_ws/install/noisy_sensors/lib/noisy_sensors
Installing noisyPoseTurtlesim script to /home/andrepadilha/kalman_ws/install/noisy_sensors/lib/noisy_sensors
writing list of installed files to '/home/andrepadilha/kalman_ws/build/noisy_sensors/install.log'
