[2.012s] Invoking command in '/home/andrejpadilha/kalman_ws/src/kalman_1d': PYTHONPATH=/home/andrejpadilha/kalman_ws/install/kalman_1d/lib/python3.8/site-packages:${PYTHONPATH} /usr/bin/python3 setup.py egg_info --egg-base ../../build/kalman_1d build --build-base /home/andrejpadilha/kalman_ws/build/kalman_1d/build install --prefix /home/andrejpadilha/kalman_ws/install/kalman_1d --record /home/andrejpadilha/kalman_ws/build/kalman_1d/install.log --single-version-externally-managed
[2.321s] /home/andrejpadilha/.local/lib/python3.8/site-packages/setuptools/dist.py:772: UserWarning: Usage of dash-separated 'script-dir' will not be supported in future versions. Please use the underscore name 'script_dir' instead
[2.321s]   warnings.warn(
[2.321s] /home/andrejpadilha/.local/lib/python3.8/site-packages/setuptools/dist.py:772: UserWarning: Usage of dash-separated 'install-scripts' will not be supported in future versions. Please use the underscore name 'install_scripts' instead
[2.321s]   warnings.warn(
[2.893s] running egg_info
[2.955s] writing ../../build/kalman_1d/kalman_1d.egg-info/PKG-INFO
[3.001s] writing dependency_links to ../../build/kalman_1d/kalman_1d.egg-info/dependency_links.txt
[3.147s] writing entry points to ../../build/kalman_1d/kalman_1d.egg-info/entry_points.txt
[3.242s] writing requirements to ../../build/kalman_1d/kalman_1d.egg-info/requires.txt
[3.289s] writing top-level names to ../../build/kalman_1d/kalman_1d.egg-info/top_level.txt
[3.367s] reading manifest file '../../build/kalman_1d/kalman_1d.egg-info/SOURCES.txt'
[3.368s] writing manifest file '../../build/kalman_1d/kalman_1d.egg-info/SOURCES.txt'
[3.368s] running build
[3.368s] running build_py
[3.369s] copying kalman_1d/teleport_service (copy).py -> /home/andrejpadilha/kalman_ws/build/kalman_1d/build/lib/kalman_1d
[3.369s] copying kalman_1d/teleport_service.py -> /home/andrejpadilha/kalman_ws/build/kalman_1d/build/lib/kalman_1d
[3.369s] running install
[3.369s] /home/andrejpadilha/.local/lib/python3.8/site-packages/setuptools/command/install.py:34: SetuptoolsDeprecationWarning: setup.py install is deprecated. Use build and pip and other standards-based tools.
[3.369s]   warnings.warn(
[3.374s] running install_lib
[3.452s] copying /home/andrejpadilha/kalman_ws/build/kalman_1d/build/lib/kalman_1d/teleport_service (copy).py -> /home/andrejpadilha/kalman_ws/install/kalman_1d/lib/python3.8/site-packages/kalman_1d
[3.452s] copying /home/andrejpadilha/kalman_ws/build/kalman_1d/build/lib/kalman_1d/teleport_service.py -> /home/andrejpadilha/kalman_ws/install/kalman_1d/lib/python3.8/site-packages/kalman_1d
[3.453s] byte-compiling /home/andrejpadilha/kalman_ws/install/kalman_1d/lib/python3.8/site-packages/kalman_1d/teleport_service (copy).py to teleport_service (copy).cpython-38.pyc
[3.453s] byte-compiling /home/andrejpadilha/kalman_ws/install/kalman_1d/lib/python3.8/site-packages/kalman_1d/teleport_service.py to teleport_service.cpython-38.pyc
[3.453s]   File "/home/andrejpadilha/kalman_ws/install/kalman_1d/lib/python3.8/site-packages/kalman_1d/teleport_service (copy).py", line 52
[3.453s]     except rospy.ServiceException, e:
[3.453s]                                  ^
[3.453s] SyntaxError: invalid syntax
[3.453s] 
[3.453s]   File "/home/andrejpadilha/kalman_ws/install/kalman_1d/lib/python3.8/site-packages/kalman_1d/teleport_service.py", line 52
[3.453s]     except rospy.ServiceException, e:
[3.454s]                                  ^
[3.454s] SyntaxError: invalid syntax
[3.454s] 
[3.454s] running install_data
[3.468s] running install_egg_info
[3.530s] removing '/home/andrejpadilha/kalman_ws/install/kalman_1d/lib/python3.8/site-packages/kalman_1d-0.0.0-py3.8.egg-info' (and everything under it)
[3.530s] Copying ../../build/kalman_1d/kalman_1d.egg-info to /home/andrejpadilha/kalman_ws/install/kalman_1d/lib/python3.8/site-packages/kalman_1d-0.0.0-py3.8.egg-info
[3.531s] running install_scripts
[3.648s] Installing teleport_service script to /home/andrejpadilha/kalman_ws/install/kalman_1d/lib/kalman_1d
[3.649s] Installing turtlebot3_move script to /home/andrejpadilha/kalman_ws/install/kalman_1d/lib/kalman_1d
[3.649s] writing list of installed files to '/home/andrejpadilha/kalman_ws/build/kalman_1d/install.log'
[3.693s] Invoked command in '/home/andrejpadilha/kalman_ws/src/kalman_1d' returned '0': PYTHONPATH=/home/andrejpadilha/kalman_ws/install/kalman_1d/lib/python3.8/site-packages:${PYTHONPATH} /usr/bin/python3 setup.py egg_info --egg-base ../../build/kalman_1d build --build-base /home/andrejpadilha/kalman_ws/build/kalman_1d/build install --prefix /home/andrejpadilha/kalman_ws/install/kalman_1d --record /home/andrejpadilha/kalman_ws/build/kalman_1d/install.log --single-version-externally-managed
