[0.606s] Invoking command in '/home/andrepadilha/kalman_ws/src/kalman_1d': PYTHONPATH=/home/andrepadilha/kalman_ws/install/kalman_1d/lib/python3.8/site-packages:${PYTHONPATH} /usr/bin/python3 setup.py egg_info --egg-base ../../build/kalman_1d build --build-base /home/andrepadilha/kalman_ws/build/kalman_1d/build install --prefix /home/andrepadilha/kalman_ws/install/kalman_1d --record /home/andrepadilha/kalman_ws/build/kalman_1d/install.log --single-version-externally-managed
[0.750s] running egg_info
[0.751s] writing ../../build/kalman_1d/kalman_1d.egg-info/PKG-INFO
[0.751s] writing dependency_links to ../../build/kalman_1d/kalman_1d.egg-info/dependency_links.txt
[0.751s] writing entry points to ../../build/kalman_1d/kalman_1d.egg-info/entry_points.txt
[0.751s] writing requirements to ../../build/kalman_1d/kalman_1d.egg-info/requires.txt
[0.751s] writing top-level names to ../../build/kalman_1d/kalman_1d.egg-info/top_level.txt
[0.774s] reading manifest file '../../build/kalman_1d/kalman_1d.egg-info/SOURCES.txt'
[0.775s] writing manifest file '../../build/kalman_1d/kalman_1d.egg-info/SOURCES.txt'
[0.775s] running build
[0.775s] running build_py
[0.775s] running install
[0.776s] running install_lib
[0.777s] byte-compiling /home/andrepadilha/kalman_ws/install/kalman_1d/lib/python3.8/site-packages/kalman_1d/teleport_service.py to teleport_service.cpython-38.pyc
[0.777s]   File "/home/andrepadilha/kalman_ws/install/kalman_1d/lib/python3.8/site-packages/kalman_1d/teleport_service.py", line 52
[0.778s]     except rospy.ServiceException, e:
[0.778s]                                  ^
[0.778s] SyntaxError: invalid syntax
[0.778s] 
[0.778s]   File "/home/andrepadilha/kalman_ws/install/kalman_1d/lib/python3.8/site-packages/kalman_1d/teleport_service (copy).py", line 52
[0.778s]     except rospy.ServiceException, e:
[0.778s]                                  ^
[0.778s] SyntaxError: invalid syntax
[0.778s] 
[0.778s] byte-compiling /home/andrepadilha/kalman_ws/install/kalman_1d/lib/python3.8/site-packages/kalman_1d/teleport_service (copy).py to teleport_service (copy).cpython-38.pyc
[0.778s] running install_data
[0.778s] copying launch/main.launch.py -> /home/andrepadilha/kalman_ws/install/kalman_1d/share/kalman_1d
[0.778s] running install_egg_info
[0.779s] removing '/home/andrepadilha/kalman_ws/install/kalman_1d/lib/python3.8/site-packages/kalman_1d-0.0.0-py3.8.egg-info' (and everything under it)
[0.779s] Copying ../../build/kalman_1d/kalman_1d.egg-info to /home/andrepadilha/kalman_ws/install/kalman_1d/lib/python3.8/site-packages/kalman_1d-0.0.0-py3.8.egg-info
[0.780s] running install_scripts
[0.791s] Installing teleport_service script to /home/andrepadilha/kalman_ws/install/kalman_1d/lib/kalman_1d
[0.791s] Installing turtlebot3_move script to /home/andrepadilha/kalman_ws/install/kalman_1d/lib/kalman_1d
[0.791s] writing list of installed files to '/home/andrepadilha/kalman_ws/build/kalman_1d/install.log'
[0.806s] Invoked command in '/home/andrepadilha/kalman_ws/src/kalman_1d' returned '0': PYTHONPATH=/home/andrepadilha/kalman_ws/install/kalman_1d/lib/python3.8/site-packages:${PYTHONPATH} /usr/bin/python3 setup.py egg_info --egg-base ../../build/kalman_1d build --build-base /home/andrepadilha/kalman_ws/build/kalman_1d/build install --prefix /home/andrepadilha/kalman_ws/install/kalman_1d --record /home/andrepadilha/kalman_ws/build/kalman_1d/install.log --single-version-externally-managed
