/home/andrejpadilha/.local/lib/python3.8/site-packages/setuptools/dist.py:772: UserWarning: Usage of dash-separated 'script-dir' will not be supported in future versions. Please use the underscore name 'script_dir' instead
  warnings.warn(
/home/andrejpadilha/.local/lib/python3.8/site-packages/setuptools/dist.py:772: UserWarning: Usage of dash-separated 'install-scripts' will not be supported in future versions. Please use the underscore name 'install_scripts' instead
  warnings.warn(
running egg_info
writing ../../build/kalman_1d/kalman_1d.egg-info/PKG-INFO
writing dependency_links to ../../build/kalman_1d/kalman_1d.egg-info/dependency_links.txt
writing entry points to ../../build/kalman_1d/kalman_1d.egg-info/entry_points.txt
writing requirements to ../../build/kalman_1d/kalman_1d.egg-info/requires.txt
writing top-level names to ../../build/kalman_1d/kalman_1d.egg-info/top_level.txt
reading manifest file '../../build/kalman_1d/kalman_1d.egg-info/SOURCES.txt'
writing manifest file '../../build/kalman_1d/kalman_1d.egg-info/SOURCES.txt'
running build
running build_py
running install
/home/andrejpadilha/.local/lib/python3.8/site-packages/setuptools/command/install.py:34: SetuptoolsDeprecationWarning: setup.py install is deprecated. Use build and pip and other standards-based tools.
  warnings.warn(
running install_lib
running install_data
running install_egg_info
removing '/home/andrejpadilha/kalman_ws/install/kalman_1d/lib/python3.8/site-packages/kalman_1d-0.0.0-py3.8.egg-info' (and everything under it)
Copying ../../build/kalman_1d/kalman_1d.egg-info to /home/andrejpadilha/kalman_ws/install/kalman_1d/lib/python3.8/site-packages/kalman_1d-0.0.0-py3.8.egg-info
running install_scripts
Installing turtlebot3_move script to /home/andrejpadilha/kalman_ws/install/kalman_1d/lib/kalman_1d
writing list of installed files to '/home/andrejpadilha/kalman_ws/build/kalman_1d/install.log'
