[14.483s] Invoking command in '/home/andrejpadilha/kalman_ws/src/kalman_1d': PYTHONPATH=/home/andrejpadilha/kalman_ws/install/kalman_1d/lib/python3.8/site-packages:${PYTHONPATH} /usr/bin/python3 setup.py egg_info --egg-base ../../build/kalman_1d build --build-base /home/andrejpadilha/kalman_ws/build/kalman_1d/build install --prefix /home/andrejpadilha/kalman_ws/install/kalman_1d --record /home/andrejpadilha/kalman_ws/build/kalman_1d/install.log --single-version-externally-managed
[16.345s] /home/andrejpadilha/.local/lib/python3.8/site-packages/setuptools/dist.py:772: UserWarning: Usage of dash-separated 'script-dir' will not be supported in future versions. Please use the underscore name 'script_dir' instead
[16.346s]   warnings.warn(
[16.347s] /home/andrejpadilha/.local/lib/python3.8/site-packages/setuptools/dist.py:772: UserWarning: Usage of dash-separated 'install-scripts' will not be supported in future versions. Please use the underscore name 'install_scripts' instead
[16.347s]   warnings.warn(
[20.917s] running egg_info
[21.431s] writing ../../build/kalman_1d/kalman_1d.egg-info/PKG-INFO
[21.809s] writing dependency_links to ../../build/kalman_1d/kalman_1d.egg-info/dependency_links.txt
[22.936s] writing entry points to ../../build/kalman_1d/kalman_1d.egg-info/entry_points.txt
[23.953s] writing requirements to ../../build/kalman_1d/kalman_1d.egg-info/requires.txt
[24.514s] writing top-level names to ../../build/kalman_1d/kalman_1d.egg-info/top_level.txt
[25.236s] reading manifest file '../../build/kalman_1d/kalman_1d.egg-info/SOURCES.txt'
[25.242s] writing manifest file '../../build/kalman_1d/kalman_1d.egg-info/SOURCES.txt'
[25.243s] running build
[25.243s] running build_py
[25.244s] copying kalman_1d/turtlebot3_move.py -> /home/andrejpadilha/kalman_ws/build/kalman_1d/build/lib/kalman_1d
[25.245s] running install
[25.246s] /home/andrejpadilha/.local/lib/python3.8/site-packages/setuptools/command/install.py:34: SetuptoolsDeprecationWarning: setup.py install is deprecated. Use build and pip and other standards-based tools.
[25.246s]   warnings.warn(
[25.282s] running install_lib
[25.965s] copying /home/andrejpadilha/kalman_ws/build/kalman_1d/build/lib/kalman_1d/turtlebot3_move.py -> /home/andrejpadilha/kalman_ws/install/kalman_1d/lib/python3.8/site-packages/kalman_1d
[25.968s] byte-compiling /home/andrejpadilha/kalman_ws/install/kalman_1d/lib/python3.8/site-packages/kalman_1d/turtlebot3_move.py to turtlebot3_move.cpython-38.pyc
[25.973s] running install_data
[26.069s] running install_egg_info
[26.549s] removing '/home/andrejpadilha/kalman_ws/install/kalman_1d/lib/python3.8/site-packages/kalman_1d-0.0.0-py3.8.egg-info' (and everything under it)
[26.551s] Copying ../../build/kalman_1d/kalman_1d.egg-info to /home/andrejpadilha/kalman_ws/install/kalman_1d/lib/python3.8/site-packages/kalman_1d-0.0.0-py3.8.egg-info
[26.554s] running install_scripts
[27.357s] Installing turtlebot3_move script to /home/andrejpadilha/kalman_ws/install/kalman_1d/lib/kalman_1d
[27.359s] writing list of installed files to '/home/andrejpadilha/kalman_ws/build/kalman_1d/install.log'
[27.753s] Invoked command in '/home/andrejpadilha/kalman_ws/src/kalman_1d' returned '0': PYTHONPATH=/home/andrejpadilha/kalman_ws/install/kalman_1d/lib/python3.8/site-packages:${PYTHONPATH} /usr/bin/python3 setup.py egg_info --egg-base ../../build/kalman_1d build --build-base /home/andrejpadilha/kalman_ws/build/kalman_1d/build install --prefix /home/andrejpadilha/kalman_ws/install/kalman_1d --record /home/andrejpadilha/kalman_ws/build/kalman_1d/install.log --single-version-externally-managed
