[0.775s] Invoking command in '/home/andrepadilha/kalman_ws/src/kalman_1d': PYTHONPATH=/home/andrepadilha/kalman_ws/install/kalman_1d/lib/python3.8/site-packages:${PYTHONPATH} /usr/bin/python3 setup.py egg_info --egg-base ../../build/kalman_1d build --build-base /home/andrepadilha/kalman_ws/build/kalman_1d/build install --prefix /home/andrepadilha/kalman_ws/install/kalman_1d --record /home/andrepadilha/kalman_ws/build/kalman_1d/install.log --single-version-externally-managed
[0.924s] running egg_info
[0.925s] writing ../../build/kalman_1d/kalman_1d.egg-info/PKG-INFO
[0.925s] writing dependency_links to ../../build/kalman_1d/kalman_1d.egg-info/dependency_links.txt
[0.925s] writing entry points to ../../build/kalman_1d/kalman_1d.egg-info/entry_points.txt
[0.925s] writing requirements to ../../build/kalman_1d/kalman_1d.egg-info/requires.txt
[0.925s] writing top-level names to ../../build/kalman_1d/kalman_1d.egg-info/top_level.txt
[0.949s] reading manifest file '../../build/kalman_1d/kalman_1d.egg-info/SOURCES.txt'
[0.949s] writing manifest file '../../build/kalman_1d/kalman_1d.egg-info/SOURCES.txt'
[0.949s] running build
[0.949s] running build_py
[0.949s] running install
[0.950s] running install_lib
[0.951s] running install_data
[0.951s] running install_egg_info
[0.952s] removing '/home/andrepadilha/kalman_ws/install/kalman_1d/lib/python3.8/site-packages/kalman_1d-0.0.0-py3.8.egg-info' (and everything under it)
[0.952s] Copying ../../build/kalman_1d/kalman_1d.egg-info to /home/andrepadilha/kalman_ws/install/kalman_1d/lib/python3.8/site-packages/kalman_1d-0.0.0-py3.8.egg-info
[0.953s] running install_scripts
[0.964s] writing list of installed files to '/home/andrepadilha/kalman_ws/build/kalman_1d/install.log'
[0.984s] Invoked command in '/home/andrepadilha/kalman_ws/src/kalman_1d' returned '0': PYTHONPATH=/home/andrepadilha/kalman_ws/install/kalman_1d/lib/python3.8/site-packages:${PYTHONPATH} /usr/bin/python3 setup.py egg_info --egg-base ../../build/kalman_1d build --build-base /home/andrepadilha/kalman_ws/build/kalman_1d/build install --prefix /home/andrepadilha/kalman_ws/install/kalman_1d --record /home/andrepadilha/kalman_ws/build/kalman_1d/install.log --single-version-externally-managed
