[1.436s] DEBUG:colcon:Command line arguments: ['/usr/bin/colcon', 'build']
[1.437s] DEBUG:colcon:Parsed command line arguments: Namespace(allow_overriding=[], ament_cmake_args=None, base_paths=['.'], build_base='build', catkin_cmake_args=None, catkin_skip_building_tests=False, cmake_args=None, cmake_clean_cache=False, cmake_clean_first=False, cmake_force_configure=False, cmake_target=None, cmake_target_skip_unavailable=False, continue_on_error=False, event_handlers=None, executor='parallel', ignore_user_meta=False, install_base='install', log_base=None, log_level=None, main=<bound method BuildVerb.main of <colcon_core.verb.build.BuildVerb object at 0x7f5945932a30>>, merge_install=False, metas=['./colcon.meta'], packages_above=None, packages_above_and_dependencies=None, packages_above_depth=None, packages_end=None, packages_ignore=None, packages_ignore_regex=None, packages_select=None, packages_select_build_failed=False, packages_select_by_dep=None, packages_select_regex=None, packages_select_test_failures=False, packages_skip=None, packages_skip_build_finished=False, packages_skip_by_dep=None, packages_skip_regex=None, packages_skip_test_passed=False, packages_skip_up_to=None, packages_start=None, packages_up_to=None, packages_up_to_regex=None, parallel_workers=8, paths=None, symlink_install=False, test_result_base=None, verb_extension=<colcon_core.verb.build.BuildVerb object at 0x7f5945932a30>, verb_name='build', verb_parser=<colcon_defaults.argument_parser.defaults.DefaultArgumentsDecorator object at 0x7f59457bb0d0>)
[1.788s] Level 1:colcon.colcon_core.package_discovery:discover_packages(colcon_meta) check parameters
[1.789s] Level 1:colcon.colcon_core.package_discovery:discover_packages(recursive) check parameters
[1.789s] Level 1:colcon.colcon_core.package_discovery:discover_packages(ignore) check parameters
[1.789s] Level 1:colcon.colcon_core.package_discovery:discover_packages(path) check parameters
[1.789s] Level 1:colcon.colcon_core.package_discovery:discover_packages(colcon_meta) discover
[1.790s] Level 1:colcon.colcon_core.package_discovery:discover_packages(recursive) discover
[1.790s] INFO:colcon.colcon_core.package_discovery:Crawling recursively for packages in '/home/andrejpadilha/kalman_ws'
[1.790s] Level 1:colcon.colcon_core.package_identification:_identify(.) by extensions ['ignore', 'ignore_ament_install']
[1.791s] Level 1:colcon.colcon_core.package_identification:_identify(.) by extension 'ignore'
[1.791s] Level 1:colcon.colcon_core.package_identification:_identify(.) by extension 'ignore_ament_install'
[1.791s] Level 1:colcon.colcon_core.package_identification:_identify(.) by extensions ['colcon_pkg']
[1.791s] Level 1:colcon.colcon_core.package_identification:_identify(.) by extension 'colcon_pkg'
[1.791s] Level 1:colcon.colcon_core.package_identification:_identify(.) by extensions ['colcon_meta']
[1.791s] Level 1:colcon.colcon_core.package_identification:_identify(.) by extension 'colcon_meta'
[1.792s] Level 1:colcon.colcon_core.package_identification:_identify(.) by extensions ['ros']
[1.792s] Level 1:colcon.colcon_core.package_identification:_identify(.) by extension 'ros'
[1.990s] Level 1:colcon.colcon_core.package_identification:_identify(.) by extensions ['cmake', 'python']
[1.991s] Level 1:colcon.colcon_core.package_identification:_identify(.) by extension 'cmake'
[1.991s] Level 1:colcon.colcon_core.package_identification:_identify(.) by extension 'python'
[1.991s] Level 1:colcon.colcon_core.package_identification:_identify(.) by extensions ['python_setup_py']
[1.991s] Level 1:colcon.colcon_core.package_identification:_identify(.) by extension 'python_setup_py'
[1.992s] Level 1:colcon.colcon_core.package_identification:_identify(build) by extensions ['ignore', 'ignore_ament_install']
[1.992s] Level 1:colcon.colcon_core.package_identification:_identify(build) by extension 'ignore'
[1.992s] Level 1:colcon.colcon_core.package_identification:_identify(build) ignored
[1.993s] Level 1:colcon.colcon_core.package_identification:_identify(install) by extensions ['ignore', 'ignore_ament_install']
[1.994s] Level 1:colcon.colcon_core.package_identification:_identify(install) by extension 'ignore'
[1.994s] Level 1:colcon.colcon_core.package_identification:_identify(install) ignored
[1.995s] Level 1:colcon.colcon_core.package_identification:_identify(launch) by extensions ['ignore', 'ignore_ament_install']
[1.995s] Level 1:colcon.colcon_core.package_identification:_identify(launch) by extension 'ignore'
[1.995s] Level 1:colcon.colcon_core.package_identification:_identify(launch) by extension 'ignore_ament_install'
[1.995s] Level 1:colcon.colcon_core.package_identification:_identify(launch) by extensions ['colcon_pkg']
[1.995s] Level 1:colcon.colcon_core.package_identification:_identify(launch) by extension 'colcon_pkg'
[1.996s] Level 1:colcon.colcon_core.package_identification:_identify(launch) by extensions ['colcon_meta']
[1.996s] Level 1:colcon.colcon_core.package_identification:_identify(launch) by extension 'colcon_meta'
[1.996s] Level 1:colcon.colcon_core.package_identification:_identify(launch) by extensions ['ros']
[1.996s] Level 1:colcon.colcon_core.package_identification:_identify(launch) by extension 'ros'
[1.996s] Level 1:colcon.colcon_core.package_identification:_identify(launch) by extensions ['cmake', 'python']
[1.996s] Level 1:colcon.colcon_core.package_identification:_identify(launch) by extension 'cmake'
[1.996s] Level 1:colcon.colcon_core.package_identification:_identify(launch) by extension 'python'
[1.996s] Level 1:colcon.colcon_core.package_identification:_identify(launch) by extensions ['python_setup_py']
[1.996s] Level 1:colcon.colcon_core.package_identification:_identify(launch) by extension 'python_setup_py'
[1.997s] Level 1:colcon.colcon_core.package_identification:_identify(launch/__pycache__) by extensions ['ignore', 'ignore_ament_install']
[1.997s] Level 1:colcon.colcon_core.package_identification:_identify(launch/__pycache__) by extension 'ignore'
[1.997s] Level 1:colcon.colcon_core.package_identification:_identify(launch/__pycache__) by extension 'ignore_ament_install'
[1.997s] Level 1:colcon.colcon_core.package_identification:_identify(launch/__pycache__) by extensions ['colcon_pkg']
[1.997s] Level 1:colcon.colcon_core.package_identification:_identify(launch/__pycache__) by extension 'colcon_pkg'
[1.997s] Level 1:colcon.colcon_core.package_identification:_identify(launch/__pycache__) by extensions ['colcon_meta']
[1.997s] Level 1:colcon.colcon_core.package_identification:_identify(launch/__pycache__) by extension 'colcon_meta'
[1.997s] Level 1:colcon.colcon_core.package_identification:_identify(launch/__pycache__) by extensions ['ros']
[1.997s] Level 1:colcon.colcon_core.package_identification:_identify(launch/__pycache__) by extension 'ros'
[1.997s] Level 1:colcon.colcon_core.package_identification:_identify(launch/__pycache__) by extensions ['cmake', 'python']
[1.997s] Level 1:colcon.colcon_core.package_identification:_identify(launch/__pycache__) by extension 'cmake'
[1.997s] Level 1:colcon.colcon_core.package_identification:_identify(launch/__pycache__) by extension 'python'
[1.997s] Level 1:colcon.colcon_core.package_identification:_identify(launch/__pycache__) by extensions ['python_setup_py']
[1.997s] Level 1:colcon.colcon_core.package_identification:_identify(launch/__pycache__) by extension 'python_setup_py'
[1.998s] Level 1:colcon.colcon_core.package_identification:_identify(log) by extensions ['ignore', 'ignore_ament_install']
[1.998s] Level 1:colcon.colcon_core.package_identification:_identify(log) by extension 'ignore'
[1.998s] Level 1:colcon.colcon_core.package_identification:_identify(log) ignored
[1.998s] Level 1:colcon.colcon_core.package_identification:_identify(models) by extensions ['ignore', 'ignore_ament_install']
[1.998s] Level 1:colcon.colcon_core.package_identification:_identify(models) by extension 'ignore'
[1.998s] Level 1:colcon.colcon_core.package_identification:_identify(models) by extension 'ignore_ament_install'
[1.998s] Level 1:colcon.colcon_core.package_identification:_identify(models) by extensions ['colcon_pkg']
[1.998s] Level 1:colcon.colcon_core.package_identification:_identify(models) by extension 'colcon_pkg'
[1.998s] Level 1:colcon.colcon_core.package_identification:_identify(models) by extensions ['colcon_meta']
[1.999s] Level 1:colcon.colcon_core.package_identification:_identify(models) by extension 'colcon_meta'
[1.999s] Level 1:colcon.colcon_core.package_identification:_identify(models) by extensions ['ros']
[1.999s] Level 1:colcon.colcon_core.package_identification:_identify(models) by extension 'ros'
[1.999s] Level 1:colcon.colcon_core.package_identification:_identify(models) by extensions ['cmake', 'python']
[1.999s] Level 1:colcon.colcon_core.package_identification:_identify(models) by extension 'cmake'
[1.999s] Level 1:colcon.colcon_core.package_identification:_identify(models) by extension 'python'
[1.999s] Level 1:colcon.colcon_core.package_identification:_identify(models) by extensions ['python_setup_py']
[1.999s] Level 1:colcon.colcon_core.package_identification:_identify(models) by extension 'python_setup_py'
[2.001s] Level 1:colcon.colcon_core.package_identification:_identify(models/brick_box_3x1x3) by extensions ['ignore', 'ignore_ament_install']
[2.002s] Level 1:colcon.colcon_core.package_identification:_identify(models/brick_box_3x1x3) by extension 'ignore'
[2.003s] Level 1:colcon.colcon_core.package_identification:_identify(models/brick_box_3x1x3) by extension 'ignore_ament_install'
[2.004s] Level 1:colcon.colcon_core.package_identification:_identify(models/brick_box_3x1x3) by extensions ['colcon_pkg']
[2.004s] Level 1:colcon.colcon_core.package_identification:_identify(models/brick_box_3x1x3) by extension 'colcon_pkg'
[2.004s] Level 1:colcon.colcon_core.package_identification:_identify(models/brick_box_3x1x3) by extensions ['colcon_meta']
[2.004s] Level 1:colcon.colcon_core.package_identification:_identify(models/brick_box_3x1x3) by extension 'colcon_meta'
[2.004s] Level 1:colcon.colcon_core.package_identification:_identify(models/brick_box_3x1x3) by extensions ['ros']
[2.005s] Level 1:colcon.colcon_core.package_identification:_identify(models/brick_box_3x1x3) by extension 'ros'
[2.005s] Level 1:colcon.colcon_core.package_identification:_identify(models/brick_box_3x1x3) by extensions ['cmake', 'python']
[2.005s] Level 1:colcon.colcon_core.package_identification:_identify(models/brick_box_3x1x3) by extension 'cmake'
[2.005s] Level 1:colcon.colcon_core.package_identification:_identify(models/brick_box_3x1x3) by extension 'python'
[2.005s] Level 1:colcon.colcon_core.package_identification:_identify(models/brick_box_3x1x3) by extensions ['python_setup_py']
[2.005s] Level 1:colcon.colcon_core.package_identification:_identify(models/brick_box_3x1x3) by extension 'python_setup_py'
[2.006s] Level 1:colcon.colcon_core.package_identification:_identify(models/brick_box_3x1x3/materials) by extensions ['ignore', 'ignore_ament_install']
[2.006s] Level 1:colcon.colcon_core.package_identification:_identify(models/brick_box_3x1x3/materials) by extension 'ignore'
[2.007s] Level 1:colcon.colcon_core.package_identification:_identify(models/brick_box_3x1x3/materials) by extension 'ignore_ament_install'
[2.007s] Level 1:colcon.colcon_core.package_identification:_identify(models/brick_box_3x1x3/materials) by extensions ['colcon_pkg']
[2.007s] Level 1:colcon.colcon_core.package_identification:_identify(models/brick_box_3x1x3/materials) by extension 'colcon_pkg'
[2.007s] Level 1:colcon.colcon_core.package_identification:_identify(models/brick_box_3x1x3/materials) by extensions ['colcon_meta']
[2.007s] Level 1:colcon.colcon_core.package_identification:_identify(models/brick_box_3x1x3/materials) by extension 'colcon_meta'
[2.007s] Level 1:colcon.colcon_core.package_identification:_identify(models/brick_box_3x1x3/materials) by extensions ['ros']
[2.008s] Level 1:colcon.colcon_core.package_identification:_identify(models/brick_box_3x1x3/materials) by extension 'ros'
[2.008s] Level 1:colcon.colcon_core.package_identification:_identify(models/brick_box_3x1x3/materials) by extensions ['cmake', 'python']
[2.008s] Level 1:colcon.colcon_core.package_identification:_identify(models/brick_box_3x1x3/materials) by extension 'cmake'
[2.008s] Level 1:colcon.colcon_core.package_identification:_identify(models/brick_box_3x1x3/materials) by extension 'python'
[2.008s] Level 1:colcon.colcon_core.package_identification:_identify(models/brick_box_3x1x3/materials) by extensions ['python_setup_py']
[2.009s] Level 1:colcon.colcon_core.package_identification:_identify(models/brick_box_3x1x3/materials) by extension 'python_setup_py'
[2.010s] Level 1:colcon.colcon_core.package_identification:_identify(models/brick_box_3x1x3/materials/scripts) by extensions ['ignore', 'ignore_ament_install']
[2.010s] Level 1:colcon.colcon_core.package_identification:_identify(models/brick_box_3x1x3/materials/scripts) by extension 'ignore'
[2.011s] Level 1:colcon.colcon_core.package_identification:_identify(models/brick_box_3x1x3/materials/scripts) by extension 'ignore_ament_install'
[2.011s] Level 1:colcon.colcon_core.package_identification:_identify(models/brick_box_3x1x3/materials/scripts) by extensions ['colcon_pkg']
[2.011s] Level 1:colcon.colcon_core.package_identification:_identify(models/brick_box_3x1x3/materials/scripts) by extension 'colcon_pkg'
[2.011s] Level 1:colcon.colcon_core.package_identification:_identify(models/brick_box_3x1x3/materials/scripts) by extensions ['colcon_meta']
[2.011s] Level 1:colcon.colcon_core.package_identification:_identify(models/brick_box_3x1x3/materials/scripts) by extension 'colcon_meta'
[2.012s] Level 1:colcon.colcon_core.package_identification:_identify(models/brick_box_3x1x3/materials/scripts) by extensions ['ros']
[2.012s] Level 1:colcon.colcon_core.package_identification:_identify(models/brick_box_3x1x3/materials/scripts) by extension 'ros'
[2.012s] Level 1:colcon.colcon_core.package_identification:_identify(models/brick_box_3x1x3/materials/scripts) by extensions ['cmake', 'python']
[2.012s] Level 1:colcon.colcon_core.package_identification:_identify(models/brick_box_3x1x3/materials/scripts) by extension 'cmake'
[2.012s] Level 1:colcon.colcon_core.package_identification:_identify(models/brick_box_3x1x3/materials/scripts) by extension 'python'
[2.012s] Level 1:colcon.colcon_core.package_identification:_identify(models/brick_box_3x1x3/materials/scripts) by extensions ['python_setup_py']
[2.012s] Level 1:colcon.colcon_core.package_identification:_identify(models/brick_box_3x1x3/materials/scripts) by extension 'python_setup_py'
[2.013s] Level 1:colcon.colcon_core.package_identification:_identify(models/brick_box_3x1x3/materials/textures) by extensions ['ignore', 'ignore_ament_install']
[2.013s] Level 1:colcon.colcon_core.package_identification:_identify(models/brick_box_3x1x3/materials/textures) by extension 'ignore'
[2.013s] Level 1:colcon.colcon_core.package_identification:_identify(models/brick_box_3x1x3/materials/textures) by extension 'ignore_ament_install'
[2.014s] Level 1:colcon.colcon_core.package_identification:_identify(models/brick_box_3x1x3/materials/textures) by extensions ['colcon_pkg']
[2.014s] Level 1:colcon.colcon_core.package_identification:_identify(models/brick_box_3x1x3/materials/textures) by extension 'colcon_pkg'
[2.014s] Level 1:colcon.colcon_core.package_identification:_identify(models/brick_box_3x1x3/materials/textures) by extensions ['colcon_meta']
[2.014s] Level 1:colcon.colcon_core.package_identification:_identify(models/brick_box_3x1x3/materials/textures) by extension 'colcon_meta'
[2.014s] Level 1:colcon.colcon_core.package_identification:_identify(models/brick_box_3x1x3/materials/textures) by extensions ['ros']
[2.014s] Level 1:colcon.colcon_core.package_identification:_identify(models/brick_box_3x1x3/materials/textures) by extension 'ros'
[2.014s] Level 1:colcon.colcon_core.package_identification:_identify(models/brick_box_3x1x3/materials/textures) by extensions ['cmake', 'python']
[2.014s] Level 1:colcon.colcon_core.package_identification:_identify(models/brick_box_3x1x3/materials/textures) by extension 'cmake'
[2.014s] Level 1:colcon.colcon_core.package_identification:_identify(models/brick_box_3x1x3/materials/textures) by extension 'python'
[2.014s] Level 1:colcon.colcon_core.package_identification:_identify(models/brick_box_3x1x3/materials/textures) by extensions ['python_setup_py']
[2.014s] Level 1:colcon.colcon_core.package_identification:_identify(models/brick_box_3x1x3/materials/textures) by extension 'python_setup_py'
[2.015s] Level 1:colcon.colcon_core.package_identification:_identify(models/brick_box_3x1x3/meshes) by extensions ['ignore', 'ignore_ament_install']
[2.015s] Level 1:colcon.colcon_core.package_identification:_identify(models/brick_box_3x1x3/meshes) by extension 'ignore'
[2.015s] Level 1:colcon.colcon_core.package_identification:_identify(models/brick_box_3x1x3/meshes) by extension 'ignore_ament_install'
[2.015s] Level 1:colcon.colcon_core.package_identification:_identify(models/brick_box_3x1x3/meshes) by extensions ['colcon_pkg']
[2.015s] Level 1:colcon.colcon_core.package_identification:_identify(models/brick_box_3x1x3/meshes) by extension 'colcon_pkg'
[2.015s] Level 1:colcon.colcon_core.package_identification:_identify(models/brick_box_3x1x3/meshes) by extensions ['colcon_meta']
[2.015s] Level 1:colcon.colcon_core.package_identification:_identify(models/brick_box_3x1x3/meshes) by extension 'colcon_meta'
[2.015s] Level 1:colcon.colcon_core.package_identification:_identify(models/brick_box_3x1x3/meshes) by extensions ['ros']
[2.015s] Level 1:colcon.colcon_core.package_identification:_identify(models/brick_box_3x1x3/meshes) by extension 'ros'
[2.015s] Level 1:colcon.colcon_core.package_identification:_identify(models/brick_box_3x1x3/meshes) by extensions ['cmake', 'python']
[2.015s] Level 1:colcon.colcon_core.package_identification:_identify(models/brick_box_3x1x3/meshes) by extension 'cmake'
[2.016s] Level 1:colcon.colcon_core.package_identification:_identify(models/brick_box_3x1x3/meshes) by extension 'python'
[2.016s] Level 1:colcon.colcon_core.package_identification:_identify(models/brick_box_3x1x3/meshes) by extensions ['python_setup_py']
[2.016s] Level 1:colcon.colcon_core.package_identification:_identify(models/brick_box_3x1x3/meshes) by extension 'python_setup_py'
[2.016s] Level 1:colcon.colcon_core.package_identification:_identify(src) by extensions ['ignore', 'ignore_ament_install']
[2.016s] Level 1:colcon.colcon_core.package_identification:_identify(src) by extension 'ignore'
[2.016s] Level 1:colcon.colcon_core.package_identification:_identify(src) by extension 'ignore_ament_install'
[2.016s] Level 1:colcon.colcon_core.package_identification:_identify(src) by extensions ['colcon_pkg']
[2.016s] Level 1:colcon.colcon_core.package_identification:_identify(src) by extension 'colcon_pkg'
[2.017s] Level 1:colcon.colcon_core.package_identification:_identify(src) by extensions ['colcon_meta']
[2.018s] Level 1:colcon.colcon_core.package_identification:_identify(src) by extension 'colcon_meta'
[2.019s] Level 1:colcon.colcon_core.package_identification:_identify(src) by extensions ['ros']
[2.019s] Level 1:colcon.colcon_core.package_identification:_identify(src) by extension 'ros'
[2.021s] Level 1:colcon.colcon_core.package_identification:_identify(src) by extensions ['cmake', 'python']
[2.022s] Level 1:colcon.colcon_core.package_identification:_identify(src) by extension 'cmake'
[2.022s] Level 1:colcon.colcon_core.package_identification:_identify(src) by extension 'python'
[2.022s] Level 1:colcon.colcon_core.package_identification:_identify(src) by extensions ['python_setup_py']
[2.022s] Level 1:colcon.colcon_core.package_identification:_identify(src) by extension 'python_setup_py'
[2.022s] Level 1:colcon.colcon_core.package_identification:_identify(src/kalman_1d) by extensions ['ignore', 'ignore_ament_install']
[2.022s] Level 1:colcon.colcon_core.package_identification:_identify(src/kalman_1d) by extension 'ignore'
[2.023s] Level 1:colcon.colcon_core.package_identification:_identify(src/kalman_1d) by extension 'ignore_ament_install'
[2.023s] Level 1:colcon.colcon_core.package_identification:_identify(src/kalman_1d) by extensions ['colcon_pkg']
[2.023s] Level 1:colcon.colcon_core.package_identification:_identify(src/kalman_1d) by extension 'colcon_pkg'
[2.024s] Level 1:colcon.colcon_core.package_identification:_identify(src/kalman_1d) by extensions ['colcon_meta']
[2.024s] Level 1:colcon.colcon_core.package_identification:_identify(src/kalman_1d) by extension 'colcon_meta'
[2.025s] Level 1:colcon.colcon_core.package_identification:_identify(src/kalman_1d) by extensions ['ros']
[2.025s] Level 1:colcon.colcon_core.package_identification:_identify(src/kalman_1d) by extension 'ros'
[2.032s] DEBUG:colcon.colcon_core.package_identification:Package 'src/kalman_1d' with type 'ros.ament_python' and name 'kalman_1d'
[2.032s] Level 1:colcon.colcon_core.package_discovery:discover_packages(recursive) using defaults
[2.032s] Level 1:colcon.colcon_core.package_discovery:discover_packages(ignore) discover
[2.032s] Level 1:colcon.colcon_core.package_discovery:discover_packages(ignore) using defaults
[2.032s] Level 1:colcon.colcon_core.package_discovery:discover_packages(path) discover
[2.032s] Level 1:colcon.colcon_core.package_discovery:discover_packages(path) using defaults
[2.121s] Level 1:colcon.colcon_core.package_discovery:discover_packages(prefix_path) check parameters
[2.122s] Level 1:colcon.colcon_core.package_discovery:discover_packages(prefix_path) discover
[2.132s] DEBUG:colcon.colcon_installed_package_information.package_discovery:Found 1 installed packages in /home/andrejpadilha/kalman_ws/install
[2.139s] DEBUG:colcon.colcon_installed_package_information.package_discovery:Found 313 installed packages in /opt/ros/foxy
[2.143s] Level 1:colcon.colcon_core.package_discovery:discover_packages(prefix_path) using defaults
[2.517s] Level 5:colcon.colcon_core.verb:set package 'kalman_1d' build argument 'cmake_args' from command line to 'None'
[2.517s] Level 5:colcon.colcon_core.verb:set package 'kalman_1d' build argument 'cmake_target' from command line to 'None'
[2.517s] Level 5:colcon.colcon_core.verb:set package 'kalman_1d' build argument 'cmake_target_skip_unavailable' from command line to 'False'
[2.517s] Level 5:colcon.colcon_core.verb:set package 'kalman_1d' build argument 'cmake_clean_cache' from command line to 'False'
[2.517s] Level 5:colcon.colcon_core.verb:set package 'kalman_1d' build argument 'cmake_clean_first' from command line to 'False'
[2.517s] Level 5:colcon.colcon_core.verb:set package 'kalman_1d' build argument 'cmake_force_configure' from command line to 'False'
[2.518s] Level 5:colcon.colcon_core.verb:set package 'kalman_1d' build argument 'ament_cmake_args' from command line to 'None'
[2.518s] Level 5:colcon.colcon_core.verb:set package 'kalman_1d' build argument 'catkin_cmake_args' from command line to 'None'
[2.518s] Level 5:colcon.colcon_core.verb:set package 'kalman_1d' build argument 'catkin_skip_building_tests' from command line to 'False'
[2.518s] DEBUG:colcon.colcon_core.verb:Building package 'kalman_1d' with the following arguments: {'ament_cmake_args': None, 'build_base': '/home/andrejpadilha/kalman_ws/build/kalman_1d', 'catkin_cmake_args': None, 'catkin_skip_building_tests': False, 'cmake_args': None, 'cmake_clean_cache': False, 'cmake_clean_first': False, 'cmake_force_configure': False, 'cmake_target': None, 'cmake_target_skip_unavailable': False, 'install_base': '/home/andrejpadilha/kalman_ws/install/kalman_1d', 'merge_install': False, 'path': '/home/andrejpadilha/kalman_ws/src/kalman_1d', 'symlink_install': False, 'test_result_base': None}
[2.521s] INFO:colcon.colcon_core.executor:Executing jobs using 'parallel' executor
[2.529s] DEBUG:colcon.colcon_parallel_executor.executor.parallel:run_until_complete
[2.532s] INFO:colcon.colcon_ros.task.ament_python.build:Building ROS package in '/home/andrejpadilha/kalman_ws/src/kalman_1d' with build type 'ament_python'
[2.534s] Level 1:colcon.colcon_core.shell:create_environment_hook('kalman_1d', 'ament_prefix_path')
[2.551s] INFO:colcon.colcon_core.plugin_system:Skipping extension 'colcon_core.shell.bat': Not used on non-Windows systems
[2.552s] INFO:colcon.colcon_core.shell:Creating environment hook '/home/andrejpadilha/kalman_ws/install/kalman_1d/share/kalman_1d/hook/ament_prefix_path.ps1'
[2.556s] INFO:colcon.colcon_core.shell:Creating environment descriptor '/home/andrejpadilha/kalman_ws/install/kalman_1d/share/kalman_1d/hook/ament_prefix_path.dsv'
[2.557s] INFO:colcon.colcon_core.shell:Creating environment hook '/home/andrejpadilha/kalman_ws/install/kalman_1d/share/kalman_1d/hook/ament_prefix_path.sh'
[2.559s] INFO:colcon.colcon_core.shell:Skip shell extension 'powershell' for command environment: Not usable outside of PowerShell
[2.559s] DEBUG:colcon.colcon_core.shell:Skip shell extension 'dsv' for command environment
[7.738s] INFO:colcon.colcon_core.task.python.build:Building Python package in '/home/andrejpadilha/kalman_ws/src/kalman_1d'
[7.744s] INFO:colcon.colcon_core.shell:Skip shell extension 'powershell' for command environment: Not usable outside of PowerShell
[7.745s] DEBUG:colcon.colcon_core.shell:Skip shell extension 'dsv' for command environment
[15.670s] DEBUG:colcon.colcon_core.event_handler.log_command:Invoking command in '/home/andrejpadilha/kalman_ws/src/kalman_1d': PYTHONPATH=/home/andrejpadilha/kalman_ws/install/kalman_1d/lib/python3.8/site-packages:${PYTHONPATH} /usr/bin/python3 setup.py egg_info --egg-base ../../build/kalman_1d build --build-base /home/andrejpadilha/kalman_ws/build/kalman_1d/build install --prefix /home/andrejpadilha/kalman_ws/install/kalman_1d --record /home/andrejpadilha/kalman_ws/build/kalman_1d/install.log --single-version-externally-managed
[28.733s] DEBUG:colcon.colcon_core.event_handler.log_command:Invoked command in '/home/andrejpadilha/kalman_ws/src/kalman_1d' returned '0': PYTHONPATH=/home/andrejpadilha/kalman_ws/install/kalman_1d/lib/python3.8/site-packages:${PYTHONPATH} /usr/bin/python3 setup.py egg_info --egg-base ../../build/kalman_1d build --build-base /home/andrejpadilha/kalman_ws/build/kalman_1d/build install --prefix /home/andrejpadilha/kalman_ws/install/kalman_1d --record /home/andrejpadilha/kalman_ws/build/kalman_1d/install.log --single-version-externally-managed
[28.756s] Level 1:colcon.colcon_core.environment:checking '/home/andrejpadilha/kalman_ws/install/kalman_1d' for CMake module files
[28.759s] Level 1:colcon.colcon_core.environment:checking '/home/andrejpadilha/kalman_ws/install/kalman_1d' for CMake config files
[28.772s] Level 1:colcon.colcon_core.environment:checking '/home/andrejpadilha/kalman_ws/install/kalman_1d/lib'
[28.774s] Level 1:colcon.colcon_core.environment:checking '/home/andrejpadilha/kalman_ws/install/kalman_1d/bin'
[28.776s] Level 1:colcon.colcon_core.environment:checking '/home/andrejpadilha/kalman_ws/install/kalman_1d/lib/pkgconfig/kalman_1d.pc'
[28.780s] Level 1:colcon.colcon_core.environment:checking '/home/andrejpadilha/kalman_ws/install/kalman_1d/lib/python3.8/site-packages'
[28.781s] Level 1:colcon.colcon_core.shell:create_environment_hook('kalman_1d', 'pythonpath')
[28.790s] INFO:colcon.colcon_core.shell:Creating environment hook '/home/andrejpadilha/kalman_ws/install/kalman_1d/share/kalman_1d/hook/pythonpath.ps1'
[28.798s] INFO:colcon.colcon_core.shell:Creating environment descriptor '/home/andrejpadilha/kalman_ws/install/kalman_1d/share/kalman_1d/hook/pythonpath.dsv'
[28.802s] INFO:colcon.colcon_core.shell:Creating environment hook '/home/andrejpadilha/kalman_ws/install/kalman_1d/share/kalman_1d/hook/pythonpath.sh'
[28.807s] Level 1:colcon.colcon_core.environment:checking '/home/andrejpadilha/kalman_ws/install/kalman_1d/bin'
[28.809s] Level 1:colcon.colcon_core.environment:create_environment_scripts_only(kalman_1d)
[28.817s] INFO:colcon.colcon_core.shell:Creating package script '/home/andrejpadilha/kalman_ws/install/kalman_1d/share/kalman_1d/package.ps1'
[28.824s] INFO:colcon.colcon_core.shell:Creating package descriptor '/home/andrejpadilha/kalman_ws/install/kalman_1d/share/kalman_1d/package.dsv'
[28.830s] INFO:colcon.colcon_core.shell:Creating package script '/home/andrejpadilha/kalman_ws/install/kalman_1d/share/kalman_1d/package.sh'
[28.838s] INFO:colcon.colcon_core.shell:Creating package script '/home/andrejpadilha/kalman_ws/install/kalman_1d/share/kalman_1d/package.bash'
[28.842s] INFO:colcon.colcon_core.shell:Creating package script '/home/andrejpadilha/kalman_ws/install/kalman_1d/share/kalman_1d/package.zsh'
[28.847s] Level 1:colcon.colcon_core.environment:create_file_with_runtime_dependencies(/home/andrejpadilha/kalman_ws/install/kalman_1d/share/colcon-core/packages/kalman_1d)
[28.858s] DEBUG:colcon.colcon_parallel_executor.executor.parallel:closing loop
[28.860s] DEBUG:colcon.colcon_parallel_executor.executor.parallel:loop closed
[28.861s] DEBUG:colcon.colcon_parallel_executor.executor.parallel:run_until_complete finished with '0'
[28.864s] DEBUG:colcon.colcon_core.event_reactor:joining thread
[28.939s] INFO:colcon.colcon_core.plugin_system:Skipping extension 'colcon_notification.desktop_notification.terminal_notifier': Not used on non-Darwin systems
[28.941s] INFO:colcon.colcon_core.plugin_system:Skipping extension 'colcon_notification.desktop_notification.win32': Not used on non-Windows systems
[28.942s] INFO:colcon.colcon_notification.desktop_notification:Sending desktop notification using 'notify2'
[29.227s] DEBUG:colcon.colcon_core.event_reactor:joined thread
[29.236s] INFO:colcon.colcon_core.shell:Creating prefix script '/home/andrejpadilha/kalman_ws/install/local_setup.ps1'
[29.244s] INFO:colcon.colcon_core.shell:Creating prefix util module '/home/andrejpadilha/kalman_ws/install/_local_setup_util_ps1.py'
[29.257s] INFO:colcon.colcon_core.shell:Creating prefix chain script '/home/andrejpadilha/kalman_ws/install/setup.ps1'
[29.270s] INFO:colcon.colcon_core.shell:Creating prefix script '/home/andrejpadilha/kalman_ws/install/local_setup.sh'
[29.275s] INFO:colcon.colcon_core.shell:Creating prefix util module '/home/andrejpadilha/kalman_ws/install/_local_setup_util_sh.py'
[29.281s] INFO:colcon.colcon_core.shell:Creating prefix chain script '/home/andrejpadilha/kalman_ws/install/setup.sh'
[29.292s] INFO:colcon.colcon_core.shell:Creating prefix script '/home/andrejpadilha/kalman_ws/install/local_setup.bash'
[29.293s] INFO:colcon.colcon_core.shell:Creating prefix chain script '/home/andrejpadilha/kalman_ws/install/setup.bash'
[29.301s] INFO:colcon.colcon_core.shell:Creating prefix script '/home/andrejpadilha/kalman_ws/install/local_setup.zsh'
[29.304s] INFO:colcon.colcon_core.shell:Creating prefix chain script '/home/andrejpadilha/kalman_ws/install/setup.zsh'
