[2.171s] Invoking command in '/home/andrejpadilha/kalman_ws/src/kalman_1d': PYTHONPATH=/home/andrejpadilha/kalman_ws/install/kalman_1d/lib/python3.8/site-packages:${PYTHONPATH} /usr/bin/python3 setup.py egg_info --egg-base ../../build/kalman_1d build --build-base /home/andrejpadilha/kalman_ws/build/kalman_1d/build install --prefix /home/andrejpadilha/kalman_ws/install/kalman_1d --record /home/andrejpadilha/kalman_ws/build/kalman_1d/install.log --single-version-externally-managed
[2.566s] /home/andrejpadilha/.local/lib/python3.8/site-packages/setuptools/dist.py:772: UserWarning: Usage of dash-separated 'script-dir' will not be supported in future versions. Please use the underscore name 'script_dir' instead
[2.567s]   warnings.warn(
[2.567s] /home/andrejpadilha/.local/lib/python3.8/site-packages/setuptools/dist.py:772: UserWarning: Usage of dash-separated 'install-scripts' will not be supported in future versions. Please use the underscore name 'install_scripts' instead
[2.567s]   warnings.warn(
[3.205s] running egg_info
[3.274s] writing ../../build/kalman_1d/kalman_1d.egg-info/PKG-INFO
[3.327s] writing dependency_links to ../../build/kalman_1d/kalman_1d.egg-info/dependency_links.txt
[3.487s] writing entry points to ../../build/kalman_1d/kalman_1d.egg-info/entry_points.txt
[3.593s] writing requirements to ../../build/kalman_1d/kalman_1d.egg-info/requires.txt
[3.648s] writing top-level names to ../../build/kalman_1d/kalman_1d.egg-info/top_level.txt
[3.733s] reading manifest file '../../build/kalman_1d/kalman_1d.egg-info/SOURCES.txt'
[3.734s] writing manifest file '../../build/kalman_1d/kalman_1d.egg-info/SOURCES.txt'
[3.734s] running build
[3.734s] running build_py
[3.734s] running install
[3.735s] /home/andrejpadilha/.local/lib/python3.8/site-packages/setuptools/command/install.py:34: SetuptoolsDeprecationWarning: setup.py install is deprecated. Use build and pip and other standards-based tools.
[3.735s]   warnings.warn(
[3.740s] running install_lib
[3.821s] byte-compiling /home/andrejpadilha/kalman_ws/install/kalman_1d/lib/python3.8/site-packages/kalman_1d/teleport_service.py to teleport_service.cpython-38.pyc
[3.821s]   File "/home/andrejpadilha/kalman_ws/install/kalman_1d/lib/python3.8/site-packages/kalman_1d/teleport_service.py", line 51
[3.821s]     except rospy.ServiceException, e:
[3.821s]                                  ^
[3.821s] SyntaxError: invalid syntax
[3.821s] 
[3.822s] running install_data
[3.837s] running install_egg_info
[3.906s] removing '/home/andrejpadilha/kalman_ws/install/kalman_1d/lib/python3.8/site-packages/kalman_1d-0.0.0-py3.8.egg-info' (and everything under it)
[3.907s] Copying ../../build/kalman_1d/kalman_1d.egg-info to /home/andrejpadilha/kalman_ws/install/kalman_1d/lib/python3.8/site-packages/kalman_1d-0.0.0-py3.8.egg-info
[3.907s] running install_scripts
[4.039s] Installing teleport_service script to /home/andrejpadilha/kalman_ws/install/kalman_1d/lib/kalman_1d
[4.039s] Installing turtlebot3_move script to /home/andrejpadilha/kalman_ws/install/kalman_1d/lib/kalman_1d
[4.039s] writing list of installed files to '/home/andrejpadilha/kalman_ws/build/kalman_1d/install.log'
[4.084s] Invoked command in '/home/andrejpadilha/kalman_ws/src/kalman_1d' returned '0': PYTHONPATH=/home/andrejpadilha/kalman_ws/install/kalman_1d/lib/python3.8/site-packages:${PYTHONPATH} /usr/bin/python3 setup.py egg_info --egg-base ../../build/kalman_1d build --build-base /home/andrejpadilha/kalman_ws/build/kalman_1d/build install --prefix /home/andrejpadilha/kalman_ws/install/kalman_1d --record /home/andrejpadilha/kalman_ws/build/kalman_1d/install.log --single-version-externally-managed
