[6.994s] Invoking command in '/home/andrejpadilha/kalman_ws/src/kalman_1d': PYTHONPATH=/home/andrejpadilha/kalman_ws/install/kalman_1d/lib/python3.8/site-packages:${PYTHONPATH} /usr/bin/python3 setup.py egg_info --egg-base ../../build/kalman_1d build --build-base /home/andrejpadilha/kalman_ws/build/kalman_1d/build install --prefix /home/andrejpadilha/kalman_ws/install/kalman_1d --record /home/andrejpadilha/kalman_ws/build/kalman_1d/install.log --single-version-externally-managed
[8.228s] /home/andrejpadilha/.local/lib/python3.8/site-packages/setuptools/dist.py:772: UserWarning: Usage of dash-separated 'script-dir' will not be supported in future versions. Please use the underscore name 'script_dir' instead
[8.228s]   warnings.warn(
[8.229s] /home/andrejpadilha/.local/lib/python3.8/site-packages/setuptools/dist.py:772: UserWarning: Usage of dash-separated 'install-scripts' will not be supported in future versions. Please use the underscore name 'install_scripts' instead
[8.229s]   warnings.warn(
[10.342s] running egg_info
[10.568s] writing ../../build/kalman_1d/kalman_1d.egg-info/PKG-INFO
[10.735s] writing dependency_links to ../../build/kalman_1d/kalman_1d.egg-info/dependency_links.txt
[11.253s] writing entry points to ../../build/kalman_1d/kalman_1d.egg-info/entry_points.txt
[11.614s] writing requirements to ../../build/kalman_1d/kalman_1d.egg-info/requires.txt
[11.794s] writing top-level names to ../../build/kalman_1d/kalman_1d.egg-info/top_level.txt
[12.061s] reading manifest file '../../build/kalman_1d/kalman_1d.egg-info/SOURCES.txt'
[12.063s] writing manifest file '../../build/kalman_1d/kalman_1d.egg-info/SOURCES.txt'
[12.064s] running build
[12.064s] running build_py
[12.065s] running install
[12.065s] /home/andrejpadilha/.local/lib/python3.8/site-packages/setuptools/command/install.py:34: SetuptoolsDeprecationWarning: setup.py install is deprecated. Use build and pip and other standards-based tools.
[12.065s]   warnings.warn(
[12.081s] running install_lib
[12.358s] byte-compiling /home/andrejpadilha/kalman_ws/install/kalman_1d/lib/python3.8/site-packages/kalman_1d/teleport_service (copy).py to teleport_service (copy).cpython-38.pyc
[12.359s]   File "/home/andrejpadilha/kalman_ws/install/kalman_1d/lib/python3.8/site-packages/kalman_1d/teleport_service (copy).py", line 52
[12.359s]     except rospy.ServiceException, e:
[12.359s]                                  ^
[12.359s] SyntaxError: invalid syntax
[12.360s] 
[12.360s] byte-compiling /home/andrejpadilha/kalman_ws/install/kalman_1d/lib/python3.8/site-packages/kalman_1d/teleport_service.py to teleport_service.cpython-38.pyc
[12.360s]   File "/home/andrejpadilha/kalman_ws/install/kalman_1d/lib/python3.8/site-packages/kalman_1d/teleport_service.py", line 52
[12.360s]     except rospy.ServiceException, e:
[12.360s]                                  ^
[12.360s] SyntaxError: invalid syntax
[12.360s] 
[12.361s] running install_data
[12.408s] running install_egg_info
[12.626s] removing '/home/andrejpadilha/kalman_ws/install/kalman_1d/lib/python3.8/site-packages/kalman_1d-0.0.0-py3.8.egg-info' (and everything under it)
[12.627s] Copying ../../build/kalman_1d/kalman_1d.egg-info to /home/andrejpadilha/kalman_ws/install/kalman_1d/lib/python3.8/site-packages/kalman_1d-0.0.0-py3.8.egg-info
[12.629s] running install_scripts
[13.009s] Installing teleport_service script to /home/andrejpadilha/kalman_ws/install/kalman_1d/lib/kalman_1d
[13.009s] Installing turtlebot3_move script to /home/andrejpadilha/kalman_ws/install/kalman_1d/lib/kalman_1d
[13.011s] writing list of installed files to '/home/andrejpadilha/kalman_ws/build/kalman_1d/install.log'
[13.234s] Invoked command in '/home/andrejpadilha/kalman_ws/src/kalman_1d' returned '0': PYTHONPATH=/home/andrejpadilha/kalman_ws/install/kalman_1d/lib/python3.8/site-packages:${PYTHONPATH} /usr/bin/python3 setup.py egg_info --egg-base ../../build/kalman_1d build --build-base /home/andrejpadilha/kalman_ws/build/kalman_1d/build install --prefix /home/andrejpadilha/kalman_ws/install/kalman_1d --record /home/andrejpadilha/kalman_ws/build/kalman_1d/install.log --single-version-externally-managed
