[2.064s] Invoking command in '/home/andrejpadilha/kalman_ws/src/kalman_1d': PYTHONPATH=/home/andrejpadilha/kalman_ws/install/kalman_1d/lib/python3.8/site-packages:${PYTHONPATH} /usr/bin/python3 setup.py egg_info --egg-base ../../build/kalman_1d build --build-base /home/andrejpadilha/kalman_ws/build/kalman_1d/build install --prefix /home/andrejpadilha/kalman_ws/install/kalman_1d --record /home/andrejpadilha/kalman_ws/build/kalman_1d/install.log --single-version-externally-managed
[2.388s] /home/andrejpadilha/.local/lib/python3.8/site-packages/setuptools/dist.py:772: UserWarning: Usage of dash-separated 'script-dir' will not be supported in future versions. Please use the underscore name 'script_dir' instead
[2.388s]   warnings.warn(
[2.388s] /home/andrejpadilha/.local/lib/python3.8/site-packages/setuptools/dist.py:772: UserWarning: Usage of dash-separated 'install-scripts' will not be supported in future versions. Please use the underscore name 'install_scripts' instead
[2.388s]   warnings.warn(
[3.003s] running egg_info
[3.068s] writing ../../build/kalman_1d/kalman_1d.egg-info/PKG-INFO
[3.117s] writing dependency_links to ../../build/kalman_1d/kalman_1d.egg-info/dependency_links.txt
[3.265s] writing entry points to ../../build/kalman_1d/kalman_1d.egg-info/entry_points.txt
[3.364s] writing requirements to ../../build/kalman_1d/kalman_1d.egg-info/requires.txt
[3.413s] writing top-level names to ../../build/kalman_1d/kalman_1d.egg-info/top_level.txt
[3.495s] reading manifest file '../../build/kalman_1d/kalman_1d.egg-info/SOURCES.txt'
[3.496s] writing manifest file '../../build/kalman_1d/kalman_1d.egg-info/SOURCES.txt'
[3.496s] running build
[3.496s] running build_py
[3.496s] copying kalman_1d/teleport_service.py -> /home/andrejpadilha/kalman_ws/build/kalman_1d/build/lib/kalman_1d
[3.497s] running install
[3.497s] /home/andrejpadilha/.local/lib/python3.8/site-packages/setuptools/command/install.py:34: SetuptoolsDeprecationWarning: setup.py install is deprecated. Use build and pip and other standards-based tools.
[3.497s]   warnings.warn(
[3.502s] running install_lib
[3.588s] copying /home/andrejpadilha/kalman_ws/build/kalman_1d/build/lib/kalman_1d/teleport_service.py -> /home/andrejpadilha/kalman_ws/install/kalman_1d/lib/python3.8/site-packages/kalman_1d
[3.588s] byte-compiling /home/andrejpadilha/kalman_ws/install/kalman_1d/lib/python3.8/site-packages/kalman_1d/teleport_service.py to teleport_service.cpython-38.pyc
[3.588s]   File "/home/andrejpadilha/kalman_ws/install/kalman_1d/lib/python3.8/site-packages/kalman_1d/teleport_service.py", line 51
[3.588s]     except rospy.ServiceException, e:
[3.588s]                                  ^
[3.588s] SyntaxError: invalid syntax
[3.589s] 
[3.589s] running install_data
[3.604s] running install_egg_info
[3.670s] removing '/home/andrejpadilha/kalman_ws/install/kalman_1d/lib/python3.8/site-packages/kalman_1d-0.0.0-py3.8.egg-info' (and everything under it)
[3.670s] Copying ../../build/kalman_1d/kalman_1d.egg-info to /home/andrejpadilha/kalman_ws/install/kalman_1d/lib/python3.8/site-packages/kalman_1d-0.0.0-py3.8.egg-info
[3.671s] running install_scripts
[3.800s] Installing turtlebot3_move script to /home/andrejpadilha/kalman_ws/install/kalman_1d/lib/kalman_1d
[3.801s] writing list of installed files to '/home/andrejpadilha/kalman_ws/build/kalman_1d/install.log'
[3.847s] Invoked command in '/home/andrejpadilha/kalman_ws/src/kalman_1d' returned '0': PYTHONPATH=/home/andrejpadilha/kalman_ws/install/kalman_1d/lib/python3.8/site-packages:${PYTHONPATH} /usr/bin/python3 setup.py egg_info --egg-base ../../build/kalman_1d build --build-base /home/andrejpadilha/kalman_ws/build/kalman_1d/build install --prefix /home/andrejpadilha/kalman_ws/install/kalman_1d --record /home/andrejpadilha/kalman_ws/build/kalman_1d/install.log --single-version-externally-managed
