[0.766s] Invoking command in '/home/andrepadilha/kalman_ws/src/obstacles_3d': PYTHONPATH=/home/andrepadilha/kalman_ws/install/obstacles_3d/lib/python3.8/site-packages:${PYTHONPATH} /usr/bin/python3 setup.py egg_info --egg-base ../../build/obstacles_3d build --build-base /home/andrepadilha/kalman_ws/build/obstacles_3d/build install --prefix /home/andrepadilha/kalman_ws/install/obstacles_3d --record /home/andrepadilha/kalman_ws/build/obstacles_3d/install.log --single-version-externally-managed
[0.913s] running egg_info
[0.914s] writing ../../build/obstacles_3d/obstacles_3d.egg-info/PKG-INFO
[0.914s] writing dependency_links to ../../build/obstacles_3d/obstacles_3d.egg-info/dependency_links.txt
[0.914s] writing entry points to ../../build/obstacles_3d/obstacles_3d.egg-info/entry_points.txt
[0.914s] writing requirements to ../../build/obstacles_3d/obstacles_3d.egg-info/requires.txt
[0.914s] writing top-level names to ../../build/obstacles_3d/obstacles_3d.egg-info/top_level.txt
[0.937s] reading manifest file '../../build/obstacles_3d/obstacles_3d.egg-info/SOURCES.txt'
[0.938s] writing manifest file '../../build/obstacles_3d/obstacles_3d.egg-info/SOURCES.txt'
[0.938s] running build
[0.938s] running build_py
[0.938s] running install
[0.939s] running install_lib
[0.940s] running install_data
[0.940s] running install_egg_info
[0.941s] removing '/home/andrepadilha/kalman_ws/install/obstacles_3d/lib/python3.8/site-packages/obstacles_3d-0.0.0-py3.8.egg-info' (and everything under it)
[0.941s] Copying ../../build/obstacles_3d/obstacles_3d.egg-info to /home/andrepadilha/kalman_ws/install/obstacles_3d/lib/python3.8/site-packages/obstacles_3d-0.0.0-py3.8.egg-info
[0.941s] running install_scripts
[0.953s] writing list of installed files to '/home/andrepadilha/kalman_ws/build/obstacles_3d/install.log'
[0.976s] Invoked command in '/home/andrepadilha/kalman_ws/src/obstacles_3d' returned '0': PYTHONPATH=/home/andrepadilha/kalman_ws/install/obstacles_3d/lib/python3.8/site-packages:${PYTHONPATH} /usr/bin/python3 setup.py egg_info --egg-base ../../build/obstacles_3d build --build-base /home/andrepadilha/kalman_ws/build/obstacles_3d/build install --prefix /home/andrepadilha/kalman_ws/install/obstacles_3d --record /home/andrepadilha/kalman_ws/build/obstacles_3d/install.log --single-version-externally-managed
