[0.088s] DEBUG:colcon:Command line arguments: ['/usr/bin/colcon', 'build']
[0.088s] DEBUG:colcon:Parsed command line arguments: Namespace(allow_overriding=[], ament_cmake_args=None, base_paths=['.'], build_base='build', catkin_cmake_args=None, catkin_skip_building_tests=False, cmake_args=None, cmake_clean_cache=False, cmake_clean_first=False, cmake_force_configure=False, cmake_target=None, cmake_target_skip_unavailable=False, continue_on_error=False, event_handlers=None, executor='parallel', ignore_user_meta=False, install_base='install', log_base=None, log_level=None, main=<bound method BuildVerb.main of <colcon_core.verb.build.BuildVerb object at 0x7f42c68c9ac0>>, merge_install=False, metas=['./colcon.meta'], packages_above=None, packages_above_and_dependencies=None, packages_above_depth=None, packages_end=None, packages_ignore=None, packages_ignore_regex=None, packages_select=None, packages_select_build_failed=False, packages_select_by_dep=None, packages_select_regex=None, packages_select_test_failures=False, packages_skip=None, packages_skip_build_finished=False, packages_skip_by_dep=None, packages_skip_regex=None, packages_skip_test_passed=False, packages_skip_up_to=None, packages_start=None, packages_up_to=None, packages_up_to_regex=None, parallel_workers=16, paths=None, symlink_install=False, test_result_base=None, verb_extension=<colcon_core.verb.build.BuildVerb object at 0x7f42c68c9ac0>, verb_name='build', verb_parser=<colcon_defaults.argument_parser.defaults.DefaultArgumentsDecorator object at 0x7f42c68d4070>)
[0.104s] Level 1:colcon.colcon_core.package_discovery:discover_packages(colcon_meta) check parameters
[0.104s] Level 1:colcon.colcon_core.package_discovery:discover_packages(recursive) check parameters
[0.104s] Level 1:colcon.colcon_core.package_discovery:discover_packages(ignore) check parameters
[0.104s] Level 1:colcon.colcon_core.package_discovery:discover_packages(path) check parameters
[0.104s] Level 1:colcon.colcon_core.package_discovery:discover_packages(colcon_meta) discover
[0.104s] Level 1:colcon.colcon_core.package_discovery:discover_packages(recursive) discover
[0.104s] INFO:colcon.colcon_core.package_discovery:Crawling recursively for packages in '/home/andrepadilha/kalman_ws'
[0.104s] Level 1:colcon.colcon_core.package_identification:_identify(.) by extensions ['ignore', 'ignore_ament_install']
[0.105s] Level 1:colcon.colcon_core.package_identification:_identify(.) by extension 'ignore'
[0.105s] Level 1:colcon.colcon_core.package_identification:_identify(.) by extension 'ignore_ament_install'
[0.105s] Level 1:colcon.colcon_core.package_identification:_identify(.) by extensions ['colcon_pkg']
[0.105s] Level 1:colcon.colcon_core.package_identification:_identify(.) by extension 'colcon_pkg'
[0.105s] Level 1:colcon.colcon_core.package_identification:_identify(.) by extensions ['colcon_meta']
[0.105s] Level 1:colcon.colcon_core.package_identification:_identify(.) by extension 'colcon_meta'
[0.105s] Level 1:colcon.colcon_core.package_identification:_identify(.) by extensions ['ros']
[0.105s] Level 1:colcon.colcon_core.package_identification:_identify(.) by extension 'ros'
[0.118s] Level 1:colcon.colcon_core.package_identification:_identify(.) by extensions ['cmake', 'python']
[0.118s] Level 1:colcon.colcon_core.package_identification:_identify(.) by extension 'cmake'
[0.118s] Level 1:colcon.colcon_core.package_identification:_identify(.) by extension 'python'
[0.118s] Level 1:colcon.colcon_core.package_identification:_identify(.) by extensions ['python_setup_py']
[0.118s] Level 1:colcon.colcon_core.package_identification:_identify(.) by extension 'python_setup_py'
[0.118s] Level 1:colcon.colcon_core.package_identification:_identify(build) by extensions ['ignore', 'ignore_ament_install']
[0.118s] Level 1:colcon.colcon_core.package_identification:_identify(build) by extension 'ignore'
[0.119s] Level 1:colcon.colcon_core.package_identification:_identify(build) ignored
[0.119s] Level 1:colcon.colcon_core.package_identification:_identify(install) by extensions ['ignore', 'ignore_ament_install']
[0.119s] Level 1:colcon.colcon_core.package_identification:_identify(install) by extension 'ignore'
[0.119s] Level 1:colcon.colcon_core.package_identification:_identify(install) ignored
[0.119s] Level 1:colcon.colcon_core.package_identification:_identify(log) by extensions ['ignore', 'ignore_ament_install']
[0.119s] Level 1:colcon.colcon_core.package_identification:_identify(log) by extension 'ignore'
[0.119s] Level 1:colcon.colcon_core.package_identification:_identify(log) ignored
[0.119s] Level 1:colcon.colcon_core.package_identification:_identify(src) by extensions ['ignore', 'ignore_ament_install']
[0.119s] Level 1:colcon.colcon_core.package_identification:_identify(src) by extension 'ignore'
[0.119s] Level 1:colcon.colcon_core.package_identification:_identify(src) by extension 'ignore_ament_install'
[0.119s] Level 1:colcon.colcon_core.package_identification:_identify(src) by extensions ['colcon_pkg']
[0.119s] Level 1:colcon.colcon_core.package_identification:_identify(src) by extension 'colcon_pkg'
[0.119s] Level 1:colcon.colcon_core.package_identification:_identify(src) by extensions ['colcon_meta']
[0.119s] Level 1:colcon.colcon_core.package_identification:_identify(src) by extension 'colcon_meta'
[0.119s] Level 1:colcon.colcon_core.package_identification:_identify(src) by extensions ['ros']
[0.119s] Level 1:colcon.colcon_core.package_identification:_identify(src) by extension 'ros'
[0.119s] Level 1:colcon.colcon_core.package_identification:_identify(src) by extensions ['cmake', 'python']
[0.119s] Level 1:colcon.colcon_core.package_identification:_identify(src) by extension 'cmake'
[0.119s] Level 1:colcon.colcon_core.package_identification:_identify(src) by extension 'python'
[0.119s] Level 1:colcon.colcon_core.package_identification:_identify(src) by extensions ['python_setup_py']
[0.119s] Level 1:colcon.colcon_core.package_identification:_identify(src) by extension 'python_setup_py'
[0.119s] Level 1:colcon.colcon_core.package_identification:_identify(src/kalman_1d) by extensions ['ignore', 'ignore_ament_install']
[0.120s] Level 1:colcon.colcon_core.package_identification:_identify(src/kalman_1d) by extension 'ignore'
[0.120s] Level 1:colcon.colcon_core.package_identification:_identify(src/kalman_1d) by extension 'ignore_ament_install'
[0.120s] Level 1:colcon.colcon_core.package_identification:_identify(src/kalman_1d) by extensions ['colcon_pkg']
[0.120s] Level 1:colcon.colcon_core.package_identification:_identify(src/kalman_1d) by extension 'colcon_pkg'
[0.120s] Level 1:colcon.colcon_core.package_identification:_identify(src/kalman_1d) by extensions ['colcon_meta']
[0.120s] Level 1:colcon.colcon_core.package_identification:_identify(src/kalman_1d) by extension 'colcon_meta'
[0.120s] Level 1:colcon.colcon_core.package_identification:_identify(src/kalman_1d) by extensions ['ros']
[0.120s] Level 1:colcon.colcon_core.package_identification:_identify(src/kalman_1d) by extension 'ros'
[0.121s] DEBUG:colcon.colcon_core.package_identification:Package 'src/kalman_1d' with type 'ros.ament_python' and name 'kalman_1d'
[0.121s] Level 1:colcon.colcon_core.package_identification:_identify(src/noisy_sensors) by extensions ['ignore', 'ignore_ament_install']
[0.121s] Level 1:colcon.colcon_core.package_identification:_identify(src/noisy_sensors) by extension 'ignore'
[0.121s] Level 1:colcon.colcon_core.package_identification:_identify(src/noisy_sensors) by extension 'ignore_ament_install'
[0.122s] Level 1:colcon.colcon_core.package_identification:_identify(src/noisy_sensors) by extensions ['colcon_pkg']
[0.122s] Level 1:colcon.colcon_core.package_identification:_identify(src/noisy_sensors) by extension 'colcon_pkg'
[0.122s] Level 1:colcon.colcon_core.package_identification:_identify(src/noisy_sensors) by extensions ['colcon_meta']
[0.122s] Level 1:colcon.colcon_core.package_identification:_identify(src/noisy_sensors) by extension 'colcon_meta'
[0.122s] Level 1:colcon.colcon_core.package_identification:_identify(src/noisy_sensors) by extensions ['ros']
[0.122s] Level 1:colcon.colcon_core.package_identification:_identify(src/noisy_sensors) by extension 'ros'
[0.122s] DEBUG:colcon.colcon_core.package_identification:Package 'src/noisy_sensors' with type 'ros.ament_python' and name 'noisy_sensors'
[0.122s] Level 1:colcon.colcon_core.package_identification:_identify(src/obstacles_3d) by extensions ['ignore', 'ignore_ament_install']
[0.122s] Level 1:colcon.colcon_core.package_identification:_identify(src/obstacles_3d) by extension 'ignore'
[0.122s] Level 1:colcon.colcon_core.package_identification:_identify(src/obstacles_3d) by extension 'ignore_ament_install'
[0.122s] Level 1:colcon.colcon_core.package_identification:_identify(src/obstacles_3d) by extensions ['colcon_pkg']
[0.122s] Level 1:colcon.colcon_core.package_identification:_identify(src/obstacles_3d) by extension 'colcon_pkg'
[0.122s] Level 1:colcon.colcon_core.package_identification:_identify(src/obstacles_3d) by extensions ['colcon_meta']
[0.122s] Level 1:colcon.colcon_core.package_identification:_identify(src/obstacles_3d) by extension 'colcon_meta'
[0.122s] Level 1:colcon.colcon_core.package_identification:_identify(src/obstacles_3d) by extensions ['ros']
[0.123s] Level 1:colcon.colcon_core.package_identification:_identify(src/obstacles_3d) by extension 'ros'
[0.123s] DEBUG:colcon.colcon_core.package_identification:Package 'src/obstacles_3d' with type 'ros.ament_python' and name 'obstacles_3d'
[0.123s] Level 1:colcon.colcon_core.package_discovery:discover_packages(recursive) using defaults
[0.123s] Level 1:colcon.colcon_core.package_discovery:discover_packages(ignore) discover
[0.123s] Level 1:colcon.colcon_core.package_discovery:discover_packages(ignore) using defaults
[0.123s] Level 1:colcon.colcon_core.package_discovery:discover_packages(path) discover
[0.123s] Level 1:colcon.colcon_core.package_discovery:discover_packages(path) using defaults
[0.140s] Level 1:colcon.colcon_core.package_discovery:discover_packages(prefix_path) check parameters
[0.140s] Level 1:colcon.colcon_core.package_discovery:discover_packages(prefix_path) discover
[0.142s] DEBUG:colcon.colcon_installed_package_information.package_discovery:Found 3 installed packages in /home/andrepadilha/kalman_ws/install
[0.142s] DEBUG:colcon.colcon_installed_package_information.package_discovery:Found 312 installed packages in /opt/ros/foxy
[0.144s] Level 1:colcon.colcon_core.package_discovery:discover_packages(prefix_path) using defaults
[0.193s] Level 5:colcon.colcon_core.verb:set package 'kalman_1d' build argument 'cmake_args' from command line to 'None'
[0.194s] Level 5:colcon.colcon_core.verb:set package 'kalman_1d' build argument 'cmake_target' from command line to 'None'
[0.194s] Level 5:colcon.colcon_core.verb:set package 'kalman_1d' build argument 'cmake_target_skip_unavailable' from command line to 'False'
[0.194s] Level 5:colcon.colcon_core.verb:set package 'kalman_1d' build argument 'cmake_clean_cache' from command line to 'False'
[0.194s] Level 5:colcon.colcon_core.verb:set package 'kalman_1d' build argument 'cmake_clean_first' from command line to 'False'
[0.194s] Level 5:colcon.colcon_core.verb:set package 'kalman_1d' build argument 'cmake_force_configure' from command line to 'False'
[0.194s] Level 5:colcon.colcon_core.verb:set package 'kalman_1d' build argument 'ament_cmake_args' from command line to 'None'
[0.194s] Level 5:colcon.colcon_core.verb:set package 'kalman_1d' build argument 'catkin_cmake_args' from command line to 'None'
[0.194s] Level 5:colcon.colcon_core.verb:set package 'kalman_1d' build argument 'catkin_skip_building_tests' from command line to 'False'
[0.194s] DEBUG:colcon.colcon_core.verb:Building package 'kalman_1d' with the following arguments: {'ament_cmake_args': None, 'build_base': '/home/andrepadilha/kalman_ws/build/kalman_1d', 'catkin_cmake_args': None, 'catkin_skip_building_tests': False, 'cmake_args': None, 'cmake_clean_cache': False, 'cmake_clean_first': False, 'cmake_force_configure': False, 'cmake_target': None, 'cmake_target_skip_unavailable': False, 'install_base': '/home/andrepadilha/kalman_ws/install/kalman_1d', 'merge_install': False, 'path': '/home/andrepadilha/kalman_ws/src/kalman_1d', 'symlink_install': False, 'test_result_base': None}
[0.194s] Level 5:colcon.colcon_core.verb:set package 'noisy_sensors' build argument 'cmake_args' from command line to 'None'
[0.194s] Level 5:colcon.colcon_core.verb:set package 'noisy_sensors' build argument 'cmake_target' from command line to 'None'
[0.194s] Level 5:colcon.colcon_core.verb:set package 'noisy_sensors' build argument 'cmake_target_skip_unavailable' from command line to 'False'
[0.194s] Level 5:colcon.colcon_core.verb:set package 'noisy_sensors' build argument 'cmake_clean_cache' from command line to 'False'
[0.194s] Level 5:colcon.colcon_core.verb:set package 'noisy_sensors' build argument 'cmake_clean_first' from command line to 'False'
[0.194s] Level 5:colcon.colcon_core.verb:set package 'noisy_sensors' build argument 'cmake_force_configure' from command line to 'False'
[0.194s] Level 5:colcon.colcon_core.verb:set package 'noisy_sensors' build argument 'ament_cmake_args' from command line to 'None'
[0.194s] Level 5:colcon.colcon_core.verb:set package 'noisy_sensors' build argument 'catkin_cmake_args' from command line to 'None'
[0.194s] Level 5:colcon.colcon_core.verb:set package 'noisy_sensors' build argument 'catkin_skip_building_tests' from command line to 'False'
[0.194s] DEBUG:colcon.colcon_core.verb:Building package 'noisy_sensors' with the following arguments: {'ament_cmake_args': None, 'build_base': '/home/andrepadilha/kalman_ws/build/noisy_sensors', 'catkin_cmake_args': None, 'catkin_skip_building_tests': False, 'cmake_args': None, 'cmake_clean_cache': False, 'cmake_clean_first': False, 'cmake_force_configure': False, 'cmake_target': None, 'cmake_target_skip_unavailable': False, 'install_base': '/home/andrepadilha/kalman_ws/install/noisy_sensors', 'merge_install': False, 'path': '/home/andrepadilha/kalman_ws/src/noisy_sensors', 'symlink_install': False, 'test_result_base': None}
[0.195s] Level 5:colcon.colcon_core.verb:set package 'obstacles_3d' build argument 'cmake_args' from command line to 'None'
[0.195s] Level 5:colcon.colcon_core.verb:set package 'obstacles_3d' build argument 'cmake_target' from command line to 'None'
[0.195s] Level 5:colcon.colcon_core.verb:set package 'obstacles_3d' build argument 'cmake_target_skip_unavailable' from command line to 'False'
[0.195s] Level 5:colcon.colcon_core.verb:set package 'obstacles_3d' build argument 'cmake_clean_cache' from command line to 'False'
[0.195s] Level 5:colcon.colcon_core.verb:set package 'obstacles_3d' build argument 'cmake_clean_first' from command line to 'False'
[0.195s] Level 5:colcon.colcon_core.verb:set package 'obstacles_3d' build argument 'cmake_force_configure' from command line to 'False'
[0.195s] Level 5:colcon.colcon_core.verb:set package 'obstacles_3d' build argument 'ament_cmake_args' from command line to 'None'
[0.195s] Level 5:colcon.colcon_core.verb:set package 'obstacles_3d' build argument 'catkin_cmake_args' from command line to 'None'
[0.195s] Level 5:colcon.colcon_core.verb:set package 'obstacles_3d' build argument 'catkin_skip_building_tests' from command line to 'False'
[0.195s] DEBUG:colcon.colcon_core.verb:Building package 'obstacles_3d' with the following arguments: {'ament_cmake_args': None, 'build_base': '/home/andrepadilha/kalman_ws/build/obstacles_3d', 'catkin_cmake_args': None, 'catkin_skip_building_tests': False, 'cmake_args': None, 'cmake_clean_cache': False, 'cmake_clean_first': False, 'cmake_force_configure': False, 'cmake_target': None, 'cmake_target_skip_unavailable': False, 'install_base': '/home/andrepadilha/kalman_ws/install/obstacles_3d', 'merge_install': False, 'path': '/home/andrepadilha/kalman_ws/src/obstacles_3d', 'symlink_install': False, 'test_result_base': None}
[0.195s] INFO:colcon.colcon_core.executor:Executing jobs using 'parallel' executor
[0.196s] DEBUG:colcon.colcon_parallel_executor.executor.parallel:run_until_complete
[0.196s] INFO:colcon.colcon_ros.task.ament_python.build:Building ROS package in '/home/andrepadilha/kalman_ws/src/kalman_1d' with build type 'ament_python'
[0.197s] Level 1:colcon.colcon_core.shell:create_environment_hook('kalman_1d', 'ament_prefix_path')
[0.199s] INFO:colcon.colcon_core.plugin_system:Skipping extension 'colcon_core.shell.bat': Not used on non-Windows systems
[0.199s] INFO:colcon.colcon_core.shell:Creating environment hook '/home/andrepadilha/kalman_ws/install/kalman_1d/share/kalman_1d/hook/ament_prefix_path.ps1'
[0.199s] INFO:colcon.colcon_core.shell:Creating environment descriptor '/home/andrepadilha/kalman_ws/install/kalman_1d/share/kalman_1d/hook/ament_prefix_path.dsv'
[0.200s] INFO:colcon.colcon_core.shell:Creating environment hook '/home/andrepadilha/kalman_ws/install/kalman_1d/share/kalman_1d/hook/ament_prefix_path.sh'
[0.200s] INFO:colcon.colcon_core.shell:Skip shell extension 'powershell' for command environment: Not usable outside of PowerShell
[0.200s] DEBUG:colcon.colcon_core.shell:Skip shell extension 'dsv' for command environment
[0.203s] INFO:colcon.colcon_ros.task.ament_python.build:Building ROS package in '/home/andrepadilha/kalman_ws/src/noisy_sensors' with build type 'ament_python'
[0.204s] Level 1:colcon.colcon_core.shell:create_environment_hook('noisy_sensors', 'ament_prefix_path')
[0.204s] INFO:colcon.colcon_core.shell:Creating environment hook '/home/andrepadilha/kalman_ws/install/noisy_sensors/share/noisy_sensors/hook/ament_prefix_path.ps1'
[0.205s] INFO:colcon.colcon_core.shell:Creating environment descriptor '/home/andrepadilha/kalman_ws/install/noisy_sensors/share/noisy_sensors/hook/ament_prefix_path.dsv'
[0.205s] INFO:colcon.colcon_core.shell:Creating environment hook '/home/andrepadilha/kalman_ws/install/noisy_sensors/share/noisy_sensors/hook/ament_prefix_path.sh'
[0.205s] INFO:colcon.colcon_core.shell:Skip shell extension 'powershell' for command environment: Not usable outside of PowerShell
[0.205s] DEBUG:colcon.colcon_core.shell:Skip shell extension 'dsv' for command environment
[0.208s] INFO:colcon.colcon_ros.task.ament_python.build:Building ROS package in '/home/andrepadilha/kalman_ws/src/obstacles_3d' with build type 'ament_python'
[0.208s] Level 1:colcon.colcon_core.shell:create_environment_hook('obstacles_3d', 'ament_prefix_path')
[0.209s] INFO:colcon.colcon_core.shell:Creating environment hook '/home/andrepadilha/kalman_ws/install/obstacles_3d/share/obstacles_3d/hook/ament_prefix_path.ps1'
[0.209s] INFO:colcon.colcon_core.shell:Creating environment descriptor '/home/andrepadilha/kalman_ws/install/obstacles_3d/share/obstacles_3d/hook/ament_prefix_path.dsv'
[0.209s] INFO:colcon.colcon_core.shell:Creating environment hook '/home/andrepadilha/kalman_ws/install/obstacles_3d/share/obstacles_3d/hook/ament_prefix_path.sh'
[0.210s] INFO:colcon.colcon_core.shell:Skip shell extension 'powershell' for command environment: Not usable outside of PowerShell
[0.210s] DEBUG:colcon.colcon_core.shell:Skip shell extension 'dsv' for command environment
[0.367s] INFO:colcon.colcon_core.task.python.build:Building Python package in '/home/andrepadilha/kalman_ws/src/kalman_1d'
[0.368s] INFO:colcon.colcon_core.shell:Skip shell extension 'powershell' for command environment: Not usable outside of PowerShell
[0.368s] DEBUG:colcon.colcon_core.shell:Skip shell extension 'dsv' for command environment
[0.521s] INFO:colcon.colcon_core.task.python.build:Building Python package in '/home/andrepadilha/kalman_ws/src/noisy_sensors'
[0.522s] INFO:colcon.colcon_core.shell:Skip shell extension 'powershell' for command environment: Not usable outside of PowerShell
[0.522s] DEBUG:colcon.colcon_core.shell:Skip shell extension 'dsv' for command environment
[0.674s] INFO:colcon.colcon_core.task.python.build:Building Python package in '/home/andrepadilha/kalman_ws/src/obstacles_3d'
[0.675s] INFO:colcon.colcon_core.shell:Skip shell extension 'powershell' for command environment: Not usable outside of PowerShell
[0.675s] DEBUG:colcon.colcon_core.shell:Skip shell extension 'dsv' for command environment
[0.959s] DEBUG:colcon.colcon_core.event_handler.log_command:Invoking command in '/home/andrepadilha/kalman_ws/src/kalman_1d': PYTHONPATH=/home/andrepadilha/kalman_ws/install/kalman_1d/lib/python3.8/site-packages:${PYTHONPATH} /usr/bin/python3 setup.py egg_info --egg-base ../../build/kalman_1d build --build-base /home/andrepadilha/kalman_ws/build/kalman_1d/build install --prefix /home/andrepadilha/kalman_ws/install/kalman_1d --record /home/andrepadilha/kalman_ws/build/kalman_1d/install.log --single-version-externally-managed
[0.968s] DEBUG:colcon.colcon_core.event_handler.log_command:Invoking command in '/home/andrepadilha/kalman_ws/src/obstacles_3d': PYTHONPATH=/home/andrepadilha/kalman_ws/install/obstacles_3d/lib/python3.8/site-packages:${PYTHONPATH} /usr/bin/python3 setup.py egg_info --egg-base ../../build/obstacles_3d build --build-base /home/andrepadilha/kalman_ws/build/obstacles_3d/build install --prefix /home/andrepadilha/kalman_ws/install/obstacles_3d --record /home/andrepadilha/kalman_ws/build/obstacles_3d/install.log --single-version-externally-managed
[0.972s] DEBUG:colcon.colcon_core.event_handler.log_command:Invoking command in '/home/andrepadilha/kalman_ws/src/noisy_sensors': PYTHONPATH=/home/andrepadilha/kalman_ws/install/noisy_sensors/lib/python3.8/site-packages:${PYTHONPATH} /usr/bin/python3 setup.py egg_info --egg-base ../../build/noisy_sensors build --build-base /home/andrepadilha/kalman_ws/build/noisy_sensors/build install --prefix /home/andrepadilha/kalman_ws/install/noisy_sensors --record /home/andrepadilha/kalman_ws/build/noisy_sensors/install.log --single-version-externally-managed
[1.162s] DEBUG:colcon.colcon_core.event_handler.log_command:Invoked command in '/home/andrepadilha/kalman_ws/src/kalman_1d' returned '0': PYTHONPATH=/home/andrepadilha/kalman_ws/install/kalman_1d/lib/python3.8/site-packages:${PYTHONPATH} /usr/bin/python3 setup.py egg_info --egg-base ../../build/kalman_1d build --build-base /home/andrepadilha/kalman_ws/build/kalman_1d/build install --prefix /home/andrepadilha/kalman_ws/install/kalman_1d --record /home/andrepadilha/kalman_ws/build/kalman_1d/install.log --single-version-externally-managed
[1.164s] Level 1:colcon.colcon_core.environment:checking '/home/andrepadilha/kalman_ws/install/kalman_1d' for CMake module files
[1.165s] Level 1:colcon.colcon_core.environment:checking '/home/andrepadilha/kalman_ws/install/kalman_1d' for CMake config files
[1.165s] Level 1:colcon.colcon_core.environment:checking '/home/andrepadilha/kalman_ws/install/kalman_1d/lib'
[1.165s] Level 1:colcon.colcon_core.environment:checking '/home/andrepadilha/kalman_ws/install/kalman_1d/bin'
[1.165s] Level 1:colcon.colcon_core.environment:checking '/home/andrepadilha/kalman_ws/install/kalman_1d/lib/pkgconfig/kalman_1d.pc'
[1.166s] Level 1:colcon.colcon_core.environment:checking '/home/andrepadilha/kalman_ws/install/kalman_1d/lib/python3.8/site-packages'
[1.166s] Level 1:colcon.colcon_core.shell:create_environment_hook('kalman_1d', 'pythonpath')
[1.166s] INFO:colcon.colcon_core.shell:Creating environment hook '/home/andrepadilha/kalman_ws/install/kalman_1d/share/kalman_1d/hook/pythonpath.ps1'
[1.166s] INFO:colcon.colcon_core.shell:Creating environment descriptor '/home/andrepadilha/kalman_ws/install/kalman_1d/share/kalman_1d/hook/pythonpath.dsv'
[1.167s] INFO:colcon.colcon_core.shell:Creating environment hook '/home/andrepadilha/kalman_ws/install/kalman_1d/share/kalman_1d/hook/pythonpath.sh'
[1.167s] Level 1:colcon.colcon_core.environment:checking '/home/andrepadilha/kalman_ws/install/kalman_1d/bin'
[1.167s] Level 1:colcon.colcon_core.environment:create_environment_scripts_only(kalman_1d)
[1.167s] INFO:colcon.colcon_core.shell:Creating package script '/home/andrepadilha/kalman_ws/install/kalman_1d/share/kalman_1d/package.ps1'
[1.168s] INFO:colcon.colcon_core.shell:Creating package descriptor '/home/andrepadilha/kalman_ws/install/kalman_1d/share/kalman_1d/package.dsv'
[1.168s] INFO:colcon.colcon_core.shell:Creating package script '/home/andrepadilha/kalman_ws/install/kalman_1d/share/kalman_1d/package.sh'
[1.169s] INFO:colcon.colcon_core.shell:Creating package script '/home/andrepadilha/kalman_ws/install/kalman_1d/share/kalman_1d/package.bash'
[1.169s] INFO:colcon.colcon_core.shell:Creating package script '/home/andrepadilha/kalman_ws/install/kalman_1d/share/kalman_1d/package.zsh'
[1.170s] Level 1:colcon.colcon_core.environment:create_file_with_runtime_dependencies(/home/andrepadilha/kalman_ws/install/kalman_1d/share/colcon-core/packages/kalman_1d)
[1.171s] Level 1:colcon.colcon_core.environment:checking '/home/andrepadilha/kalman_ws/install/obstacles_3d' for CMake module files
[1.172s] DEBUG:colcon.colcon_core.event_handler.log_command:Invoked command in '/home/andrepadilha/kalman_ws/src/obstacles_3d' returned '0': PYTHONPATH=/home/andrepadilha/kalman_ws/install/obstacles_3d/lib/python3.8/site-packages:${PYTHONPATH} /usr/bin/python3 setup.py egg_info --egg-base ../../build/obstacles_3d build --build-base /home/andrepadilha/kalman_ws/build/obstacles_3d/build install --prefix /home/andrepadilha/kalman_ws/install/obstacles_3d --record /home/andrepadilha/kalman_ws/build/obstacles_3d/install.log --single-version-externally-managed
[1.172s] Level 1:colcon.colcon_core.environment:checking '/home/andrepadilha/kalman_ws/install/obstacles_3d' for CMake config files
[1.172s] Level 1:colcon.colcon_core.environment:checking '/home/andrepadilha/kalman_ws/install/obstacles_3d/lib'
[1.172s] Level 1:colcon.colcon_core.environment:checking '/home/andrepadilha/kalman_ws/install/obstacles_3d/bin'
[1.172s] Level 1:colcon.colcon_core.environment:checking '/home/andrepadilha/kalman_ws/install/obstacles_3d/lib/pkgconfig/obstacles_3d.pc'
[1.172s] Level 1:colcon.colcon_core.environment:checking '/home/andrepadilha/kalman_ws/install/obstacles_3d/lib/python3.8/site-packages'
[1.172s] Level 1:colcon.colcon_core.shell:create_environment_hook('obstacles_3d', 'pythonpath')
[1.173s] INFO:colcon.colcon_core.shell:Creating environment hook '/home/andrepadilha/kalman_ws/install/obstacles_3d/share/obstacles_3d/hook/pythonpath.ps1'
[1.173s] INFO:colcon.colcon_core.shell:Creating environment descriptor '/home/andrepadilha/kalman_ws/install/obstacles_3d/share/obstacles_3d/hook/pythonpath.dsv'
[1.173s] INFO:colcon.colcon_core.shell:Creating environment hook '/home/andrepadilha/kalman_ws/install/obstacles_3d/share/obstacles_3d/hook/pythonpath.sh'
[1.173s] Level 1:colcon.colcon_core.environment:checking '/home/andrepadilha/kalman_ws/install/obstacles_3d/bin'
[1.174s] Level 1:colcon.colcon_core.environment:create_environment_scripts_only(obstacles_3d)
[1.174s] INFO:colcon.colcon_core.shell:Creating package script '/home/andrepadilha/kalman_ws/install/obstacles_3d/share/obstacles_3d/package.ps1'
[1.174s] INFO:colcon.colcon_core.shell:Creating package descriptor '/home/andrepadilha/kalman_ws/install/obstacles_3d/share/obstacles_3d/package.dsv'
[1.174s] INFO:colcon.colcon_core.shell:Creating package script '/home/andrepadilha/kalman_ws/install/obstacles_3d/share/obstacles_3d/package.sh'
[1.175s] INFO:colcon.colcon_core.shell:Creating package script '/home/andrepadilha/kalman_ws/install/obstacles_3d/share/obstacles_3d/package.bash'
[1.175s] INFO:colcon.colcon_core.shell:Creating package script '/home/andrepadilha/kalman_ws/install/obstacles_3d/share/obstacles_3d/package.zsh'
[1.175s] Level 1:colcon.colcon_core.environment:create_file_with_runtime_dependencies(/home/andrepadilha/kalman_ws/install/obstacles_3d/share/colcon-core/packages/obstacles_3d)
[1.176s] Level 1:colcon.colcon_core.environment:checking '/home/andrepadilha/kalman_ws/install/noisy_sensors' for CMake module files
[1.177s] DEBUG:colcon.colcon_core.event_handler.log_command:Invoked command in '/home/andrepadilha/kalman_ws/src/noisy_sensors' returned '0': PYTHONPATH=/home/andrepadilha/kalman_ws/install/noisy_sensors/lib/python3.8/site-packages:${PYTHONPATH} /usr/bin/python3 setup.py egg_info --egg-base ../../build/noisy_sensors build --build-base /home/andrepadilha/kalman_ws/build/noisy_sensors/build install --prefix /home/andrepadilha/kalman_ws/install/noisy_sensors --record /home/andrepadilha/kalman_ws/build/noisy_sensors/install.log --single-version-externally-managed
[1.177s] Level 1:colcon.colcon_core.environment:checking '/home/andrepadilha/kalman_ws/install/noisy_sensors' for CMake config files
[1.177s] Level 1:colcon.colcon_core.environment:checking '/home/andrepadilha/kalman_ws/install/noisy_sensors/lib'
[1.177s] Level 1:colcon.colcon_core.environment:checking '/home/andrepadilha/kalman_ws/install/noisy_sensors/bin'
[1.177s] Level 1:colcon.colcon_core.environment:checking '/home/andrepadilha/kalman_ws/install/noisy_sensors/lib/pkgconfig/noisy_sensors.pc'
[1.177s] Level 1:colcon.colcon_core.environment:checking '/home/andrepadilha/kalman_ws/install/noisy_sensors/lib/python3.8/site-packages'
[1.177s] Level 1:colcon.colcon_core.shell:create_environment_hook('noisy_sensors', 'pythonpath')
[1.178s] INFO:colcon.colcon_core.shell:Creating environment hook '/home/andrepadilha/kalman_ws/install/noisy_sensors/share/noisy_sensors/hook/pythonpath.ps1'
[1.178s] INFO:colcon.colcon_core.shell:Creating environment descriptor '/home/andrepadilha/kalman_ws/install/noisy_sensors/share/noisy_sensors/hook/pythonpath.dsv'
[1.178s] INFO:colcon.colcon_core.shell:Creating environment hook '/home/andrepadilha/kalman_ws/install/noisy_sensors/share/noisy_sensors/hook/pythonpath.sh'
[1.178s] Level 1:colcon.colcon_core.environment:checking '/home/andrepadilha/kalman_ws/install/noisy_sensors/bin'
[1.178s] Level 1:colcon.colcon_core.environment:create_environment_scripts_only(noisy_sensors)
[1.179s] INFO:colcon.colcon_core.shell:Creating package script '/home/andrepadilha/kalman_ws/install/noisy_sensors/share/noisy_sensors/package.ps1'
[1.179s] INFO:colcon.colcon_core.shell:Creating package descriptor '/home/andrepadilha/kalman_ws/install/noisy_sensors/share/noisy_sensors/package.dsv'
[1.179s] INFO:colcon.colcon_core.shell:Creating package script '/home/andrepadilha/kalman_ws/install/noisy_sensors/share/noisy_sensors/package.sh'
[1.180s] INFO:colcon.colcon_core.shell:Creating package script '/home/andrepadilha/kalman_ws/install/noisy_sensors/share/noisy_sensors/package.bash'
[1.180s] INFO:colcon.colcon_core.shell:Creating package script '/home/andrepadilha/kalman_ws/install/noisy_sensors/share/noisy_sensors/package.zsh'
[1.180s] Level 1:colcon.colcon_core.environment:create_file_with_runtime_dependencies(/home/andrepadilha/kalman_ws/install/noisy_sensors/share/colcon-core/packages/noisy_sensors)
[1.180s] DEBUG:colcon.colcon_parallel_executor.executor.parallel:closing loop
[1.180s] DEBUG:colcon.colcon_parallel_executor.executor.parallel:loop closed
[1.180s] DEBUG:colcon.colcon_parallel_executor.executor.parallel:run_until_complete finished with '0'
[1.180s] DEBUG:colcon.colcon_core.event_reactor:joining thread
[1.184s] INFO:colcon.colcon_core.plugin_system:Skipping extension 'colcon_notification.desktop_notification.terminal_notifier': Not used on non-Darwin systems
[1.184s] INFO:colcon.colcon_core.plugin_system:Skipping extension 'colcon_notification.desktop_notification.win32': Not used on non-Windows systems
[1.185s] INFO:colcon.colcon_notification.desktop_notification:Sending desktop notification using 'notify2'
[1.194s] DEBUG:colcon.colcon_core.event_reactor:joined thread
[1.194s] INFO:colcon.colcon_core.shell:Creating prefix script '/home/andrepadilha/kalman_ws/install/local_setup.ps1'
[1.195s] INFO:colcon.colcon_core.shell:Creating prefix util module '/home/andrepadilha/kalman_ws/install/_local_setup_util_ps1.py'
[1.196s] INFO:colcon.colcon_core.shell:Creating prefix chain script '/home/andrepadilha/kalman_ws/install/setup.ps1'
[1.196s] INFO:colcon.colcon_core.shell:Creating prefix script '/home/andrepadilha/kalman_ws/install/local_setup.sh'
[1.197s] INFO:colcon.colcon_core.shell:Creating prefix util module '/home/andrepadilha/kalman_ws/install/_local_setup_util_sh.py'
[1.197s] INFO:colcon.colcon_core.shell:Creating prefix chain script '/home/andrepadilha/kalman_ws/install/setup.sh'
[1.198s] INFO:colcon.colcon_core.shell:Creating prefix script '/home/andrepadilha/kalman_ws/install/local_setup.bash'
[1.198s] INFO:colcon.colcon_core.shell:Creating prefix chain script '/home/andrepadilha/kalman_ws/install/setup.bash'
[1.199s] INFO:colcon.colcon_core.shell:Creating prefix script '/home/andrepadilha/kalman_ws/install/local_setup.zsh'
[1.199s] INFO:colcon.colcon_core.shell:Creating prefix chain script '/home/andrepadilha/kalman_ws/install/setup.zsh'
