/home/andrejpadilha/.local/lib/python3.8/site-packages/setuptools/dist.py:772: UserWarning: Usage of dash-separated 'script-dir' will not be supported in future versions. Please use the underscore name 'script_dir' instead
  warnings.warn(
/home/andrejpadilha/.local/lib/python3.8/site-packages/setuptools/dist.py:772: UserWarning: Usage of dash-separated 'install-scripts' will not be supported in future versions. Please use the underscore name 'install_scripts' instead
  warnings.warn(
running egg_info
creating ../../build/kalman_1d/kalman_1d.egg-info
writing ../../build/kalman_1d/kalman_1d.egg-info/PKG-INFO
writing dependency_links to ../../build/kalman_1d/kalman_1d.egg-info/dependency_links.txt
writing entry points to ../../build/kalman_1d/kalman_1d.egg-info/entry_points.txt
writing requirements to ../../build/kalman_1d/kalman_1d.egg-info/requires.txt
writing top-level names to ../../build/kalman_1d/kalman_1d.egg-info/top_level.txt
writing manifest file '../../build/kalman_1d/kalman_1d.egg-info/SOURCES.txt'
reading manifest file '../../build/kalman_1d/kalman_1d.egg-info/SOURCES.txt'
writing manifest file '../../build/kalman_1d/kalman_1d.egg-info/SOURCES.txt'
running build
running build_py
creating /home/andrejpadilha/kalman_ws/build/kalman_1d/build
creating /home/andrejpadilha/kalman_ws/build/kalman_1d/build/lib
creating /home/andrejpadilha/kalman_ws/build/kalman_1d/build/lib/kalman_1d
copying kalman_1d/turtlebot3_move.py -> /home/andrejpadilha/kalman_ws/build/kalman_1d/build/lib/kalman_1d
copying kalman_1d/__init__.py -> /home/andrejpadilha/kalman_ws/build/kalman_1d/build/lib/kalman_1d
running install
/home/andrejpadilha/.local/lib/python3.8/site-packages/setuptools/command/install.py:34: SetuptoolsDeprecationWarning: setup.py install is deprecated. Use build and pip and other standards-based tools.
  warnings.warn(
running install_lib
creating /home/andrejpadilha/kalman_ws/install/kalman_1d/lib/python3.8/site-packages/kalman_1d
copying /home/andrejpadilha/kalman_ws/build/kalman_1d/build/lib/kalman_1d/turtlebot3_move.py -> /home/andrejpadilha/kalman_ws/install/kalman_1d/lib/python3.8/site-packages/kalman_1d
copying /home/andrejpadilha/kalman_ws/build/kalman_1d/build/lib/kalman_1d/__init__.py -> /home/andrejpadilha/kalman_ws/install/kalman_1d/lib/python3.8/site-packages/kalman_1d
byte-compiling /home/andrejpadilha/kalman_ws/install/kalman_1d/lib/python3.8/site-packages/kalman_1d/turtlebot3_move.py to turtlebot3_move.cpython-38.pyc
byte-compiling /home/andrejpadilha/kalman_ws/install/kalman_1d/lib/python3.8/site-packages/kalman_1d/__init__.py to __init__.cpython-38.pyc
running install_data
creating /home/andrejpadilha/kalman_ws/install/kalman_1d/share/ament_index
creating /home/andrejpadilha/kalman_ws/install/kalman_1d/share/ament_index/resource_index
creating /home/andrejpadilha/kalman_ws/install/kalman_1d/share/ament_index/resource_index/packages
copying resource/kalman_1d -> /home/andrejpadilha/kalman_ws/install/kalman_1d/share/ament_index/resource_index/packages
copying package.xml -> /home/andrejpadilha/kalman_ws/install/kalman_1d/share/kalman_1d
running install_egg_info
Copying ../../build/kalman_1d/kalman_1d.egg-info to /home/andrejpadilha/kalman_ws/install/kalman_1d/lib/python3.8/site-packages/kalman_1d-0.0.0-py3.8.egg-info
running install_scripts
Installing talker script to /home/andrejpadilha/kalman_ws/install/kalman_1d/lib/kalman_1d
writing list of installed files to '/home/andrejpadilha/kalman_ws/build/kalman_1d/install.log'
