[14.079s] Invoking command in '/home/andrejpadilha/kalman_ws/src/kalman_1d': PYTHONPATH=/home/andrejpadilha/kalman_ws/install/kalman_1d/lib/python3.8/site-packages:${PYTHONPATH} /usr/bin/python3 setup.py egg_info --egg-base ../../build/kalman_1d build --build-base /home/andrejpadilha/kalman_ws/build/kalman_1d/build install --prefix /home/andrejpadilha/kalman_ws/install/kalman_1d --record /home/andrejpadilha/kalman_ws/build/kalman_1d/install.log --single-version-externally-managed
[15.703s] /home/andrejpadilha/.local/lib/python3.8/site-packages/setuptools/dist.py:772: UserWarning: Usage of dash-separated 'script-dir' will not be supported in future versions. Please use the underscore name 'script_dir' instead
[15.703s]   warnings.warn(
[15.704s] /home/andrejpadilha/.local/lib/python3.8/site-packages/setuptools/dist.py:772: UserWarning: Usage of dash-separated 'install-scripts' will not be supported in future versions. Please use the underscore name 'install_scripts' instead
[15.705s]   warnings.warn(
[19.933s] running egg_info
[19.936s] creating ../../build/kalman_1d/kalman_1d.egg-info
[20.401s] writing ../../build/kalman_1d/kalman_1d.egg-info/PKG-INFO
[20.751s] writing dependency_links to ../../build/kalman_1d/kalman_1d.egg-info/dependency_links.txt
[21.829s] writing entry points to ../../build/kalman_1d/kalman_1d.egg-info/entry_points.txt
[22.569s] writing requirements to ../../build/kalman_1d/kalman_1d.egg-info/requires.txt
[22.996s] writing top-level names to ../../build/kalman_1d/kalman_1d.egg-info/top_level.txt
[23.010s] writing manifest file '../../build/kalman_1d/kalman_1d.egg-info/SOURCES.txt'
[23.604s] reading manifest file '../../build/kalman_1d/kalman_1d.egg-info/SOURCES.txt'
[23.610s] writing manifest file '../../build/kalman_1d/kalman_1d.egg-info/SOURCES.txt'
[23.611s] running build
[23.613s] running build_py
[23.613s] creating /home/andrejpadilha/kalman_ws/build/kalman_1d/build
[23.614s] creating /home/andrejpadilha/kalman_ws/build/kalman_1d/build/lib
[23.614s] creating /home/andrejpadilha/kalman_ws/build/kalman_1d/build/lib/kalman_1d
[23.614s] copying kalman_1d/turtlebot3_move.py -> /home/andrejpadilha/kalman_ws/build/kalman_1d/build/lib/kalman_1d
[23.614s] copying kalman_1d/__init__.py -> /home/andrejpadilha/kalman_ws/build/kalman_1d/build/lib/kalman_1d
[23.616s] running install
[23.617s] /home/andrejpadilha/.local/lib/python3.8/site-packages/setuptools/command/install.py:34: SetuptoolsDeprecationWarning: setup.py install is deprecated. Use build and pip and other standards-based tools.
[23.617s]   warnings.warn(
[23.646s] running install_lib
[24.069s] creating /home/andrejpadilha/kalman_ws/install/kalman_1d/lib/python3.8/site-packages/kalman_1d
[24.071s] copying /home/andrejpadilha/kalman_ws/build/kalman_1d/build/lib/kalman_1d/turtlebot3_move.py -> /home/andrejpadilha/kalman_ws/install/kalman_1d/lib/python3.8/site-packages/kalman_1d
[24.071s] copying /home/andrejpadilha/kalman_ws/build/kalman_1d/build/lib/kalman_1d/__init__.py -> /home/andrejpadilha/kalman_ws/install/kalman_1d/lib/python3.8/site-packages/kalman_1d
[24.073s] byte-compiling /home/andrejpadilha/kalman_ws/install/kalman_1d/lib/python3.8/site-packages/kalman_1d/turtlebot3_move.py to turtlebot3_move.cpython-38.pyc
[24.075s] byte-compiling /home/andrejpadilha/kalman_ws/install/kalman_1d/lib/python3.8/site-packages/kalman_1d/__init__.py to __init__.cpython-38.pyc
[24.076s] running install_data
[24.161s] creating /home/andrejpadilha/kalman_ws/install/kalman_1d/share/ament_index
[24.162s] creating /home/andrejpadilha/kalman_ws/install/kalman_1d/share/ament_index/resource_index
[24.163s] creating /home/andrejpadilha/kalman_ws/install/kalman_1d/share/ament_index/resource_index/packages
[24.164s] copying resource/kalman_1d -> /home/andrejpadilha/kalman_ws/install/kalman_1d/share/ament_index/resource_index/packages
[24.165s] copying package.xml -> /home/andrejpadilha/kalman_ws/install/kalman_1d/share/kalman_1d
[24.166s] running install_egg_info
[24.679s] Copying ../../build/kalman_1d/kalman_1d.egg-info to /home/andrejpadilha/kalman_ws/install/kalman_1d/lib/python3.8/site-packages/kalman_1d-0.0.0-py3.8.egg-info
[24.684s] running install_scripts
[25.389s] Installing talker script to /home/andrejpadilha/kalman_ws/install/kalman_1d/lib/kalman_1d
[25.391s] writing list of installed files to '/home/andrejpadilha/kalman_ws/build/kalman_1d/install.log'
[25.706s] Invoked command in '/home/andrejpadilha/kalman_ws/src/kalman_1d' returned '0': PYTHONPATH=/home/andrejpadilha/kalman_ws/install/kalman_1d/lib/python3.8/site-packages:${PYTHONPATH} /usr/bin/python3 setup.py egg_info --egg-base ../../build/kalman_1d build --build-base /home/andrejpadilha/kalman_ws/build/kalman_1d/build install --prefix /home/andrejpadilha/kalman_ws/install/kalman_1d --record /home/andrejpadilha/kalman_ws/build/kalman_1d/install.log --single-version-externally-managed
