[14.641s] Invoking command in '/home/andrejpadilha/kalman_ws/src/kalman_1d': PYTHONPATH=/home/andrejpadilha/kalman_ws/install/kalman_1d/lib/python3.8/site-packages:${PYTHONPATH} /usr/bin/python3 setup.py egg_info --egg-base ../../build/kalman_1d build --build-base /home/andrejpadilha/kalman_ws/build/kalman_1d/build install --prefix /home/andrejpadilha/kalman_ws/install/kalman_1d --record /home/andrejpadilha/kalman_ws/build/kalman_1d/install.log --single-version-externally-managed
[16.985s] /home/andrejpadilha/.local/lib/python3.8/site-packages/setuptools/dist.py:772: UserWarning: Usage of dash-separated 'script-dir' will not be supported in future versions. Please use the underscore name 'script_dir' instead
[16.986s]   warnings.warn(
[16.987s] /home/andrejpadilha/.local/lib/python3.8/site-packages/setuptools/dist.py:772: UserWarning: Usage of dash-separated 'install-scripts' will not be supported in future versions. Please use the underscore name 'install_scripts' instead
[16.988s]   warnings.warn(
[21.866s] running egg_info
[22.348s] writing ../../build/kalman_1d/kalman_1d.egg-info/PKG-INFO
[22.741s] writing dependency_links to ../../build/kalman_1d/kalman_1d.egg-info/dependency_links.txt
[24.070s] writing entry points to ../../build/kalman_1d/kalman_1d.egg-info/entry_points.txt
[24.947s] writing requirements to ../../build/kalman_1d/kalman_1d.egg-info/requires.txt
[25.343s] writing top-level names to ../../build/kalman_1d/kalman_1d.egg-info/top_level.txt
[26.058s] reading manifest file '../../build/kalman_1d/kalman_1d.egg-info/SOURCES.txt'
[26.064s] writing manifest file '../../build/kalman_1d/kalman_1d.egg-info/SOURCES.txt'
[26.065s] running build
[26.065s] running build_py
[26.066s] copying kalman_1d/turtlebot3_move.py -> /home/andrejpadilha/kalman_ws/build/kalman_1d/build/lib/kalman_1d
[26.066s] running install
[26.067s] /home/andrejpadilha/.local/lib/python3.8/site-packages/setuptools/command/install.py:34: SetuptoolsDeprecationWarning: setup.py install is deprecated. Use build and pip and other standards-based tools.
[26.067s]   warnings.warn(
[26.092s] running install_lib
[26.704s] copying /home/andrejpadilha/kalman_ws/build/kalman_1d/build/lib/kalman_1d/turtlebot3_move.py -> /home/andrejpadilha/kalman_ws/install/kalman_1d/lib/python3.8/site-packages/kalman_1d
[26.708s] byte-compiling /home/andrejpadilha/kalman_ws/install/kalman_1d/lib/python3.8/site-packages/kalman_1d/turtlebot3_move.py to turtlebot3_move.cpython-38.pyc
[26.713s] running install_data
[26.813s] running install_egg_info
[27.336s] removing '/home/andrejpadilha/kalman_ws/install/kalman_1d/lib/python3.8/site-packages/kalman_1d-0.0.0-py3.8.egg-info' (and everything under it)
[27.337s] Copying ../../build/kalman_1d/kalman_1d.egg-info to /home/andrejpadilha/kalman_ws/install/kalman_1d/lib/python3.8/site-packages/kalman_1d-0.0.0-py3.8.egg-info
[27.340s] running install_scripts
[28.272s] Installing turtlebot3_move script to /home/andrejpadilha/kalman_ws/install/kalman_1d/lib/kalman_1d
[28.274s] writing list of installed files to '/home/andrejpadilha/kalman_ws/build/kalman_1d/install.log'
[28.661s] Invoked command in '/home/andrejpadilha/kalman_ws/src/kalman_1d' returned '0': PYTHONPATH=/home/andrejpadilha/kalman_ws/install/kalman_1d/lib/python3.8/site-packages:${PYTHONPATH} /usr/bin/python3 setup.py egg_info --egg-base ../../build/kalman_1d build --build-base /home/andrejpadilha/kalman_ws/build/kalman_1d/build install --prefix /home/andrejpadilha/kalman_ws/install/kalman_1d --record /home/andrejpadilha/kalman_ws/build/kalman_1d/install.log --single-version-externally-managed
