/home/andrepadilha/kalman_ws/install/kalman_1d/lib/python3.8/site-packages/kalman_1d/teleport_service.py
/home/andrepadilha/kalman_ws/install/kalman_1d/lib/python3.8/site-packages/kalman_1d/__init__.py
/home/andrepadilha/kalman_ws/install/kalman_1d/lib/python3.8/site-packages/kalman_1d/turtlebot3_move.py
/home/andrepadilha/kalman_ws/install/kalman_1d/lib/python3.8/site-packages/kalman_1d/teleport_service (copy).py
/home/andrepadilha/kalman_ws/install/kalman_1d/lib/python3.8/site-packages/kalman_1d/__pycache__/teleport_service.cpython-38.pyc
/home/andrepadilha/kalman_ws/install/kalman_1d/lib/python3.8/site-packages/kalman_1d/__pycache__/__init__.cpython-38.pyc
/home/andrepadilha/kalman_ws/install/kalman_1d/lib/python3.8/site-packages/kalman_1d/__pycache__/turtlebot3_move.cpython-38.pyc
/home/andrepadilha/kalman_ws/install/kalman_1d/lib/python3.8/site-packages/kalman_1d/__pycache__/teleport_service (copy).cpython-38.pyc
/home/andrepadilha/kalman_ws/install/kalman_1d/share/ament_index/resource_index/packages/kalman_1d
/home/andrepadilha/kalman_ws/install/kalman_1d/share/kalman_1d/package.xml
/home/andrepadilha/kalman_ws/install/kalman_1d/share/kalman_1d/main.launch.py
/home/andrepadilha/kalman_ws/install/kalman_1d/lib/python3.8/site-packages/kalman_1d-0.0.0-py3.8.egg-info/SOURCES.txt
/home/andrepadilha/kalman_ws/install/kalman_1d/lib/python3.8/site-packages/kalman_1d-0.0.0-py3.8.egg-info/requires.txt
/home/andrepadilha/kalman_ws/install/kalman_1d/lib/python3.8/site-packages/kalman_1d-0.0.0-py3.8.egg-info/PKG-INFO
/home/andrepadilha/kalman_ws/install/kalman_1d/lib/python3.8/site-packages/kalman_1d-0.0.0-py3.8.egg-info/entry_points.txt
/home/andrepadilha/kalman_ws/install/kalman_1d/lib/python3.8/site-packages/kalman_1d-0.0.0-py3.8.egg-info/dependency_links.txt
/home/andrepadilha/kalman_ws/install/kalman_1d/lib/python3.8/site-packages/kalman_1d-0.0.0-py3.8.egg-info/top_level.txt
/home/andrepadilha/kalman_ws/install/kalman_1d/lib/python3.8/site-packages/kalman_1d-0.0.0-py3.8.egg-info/zip-safe
/home/andrepadilha/kalman_ws/install/kalman_1d/lib/kalman_1d/teleport_service
/home/andrepadilha/kalman_ws/install/kalman_1d/lib/kalman_1d/turtlebot3_move
