[7.640s] Invoking command in '/home/andrejpadilha/kalman_ws/src/kalman_1d': PYTHONPATH=/home/andrejpadilha/kalman_ws/install/kalman_1d/lib/python3.8/site-packages:${PYTHONPATH} /usr/bin/python3 setup.py egg_info --egg-base ../../build/kalman_1d build --build-base /home/andrejpadilha/kalman_ws/build/kalman_1d/build install --prefix /home/andrejpadilha/kalman_ws/install/kalman_1d --record /home/andrejpadilha/kalman_ws/build/kalman_1d/install.log --single-version-externally-managed
[8.722s] /home/andrejpadilha/.local/lib/python3.8/site-packages/setuptools/dist.py:772: UserWarning: Usage of dash-separated 'script-dir' will not be supported in future versions. Please use the underscore name 'script_dir' instead
[8.723s]   warnings.warn(
[8.724s] /home/andrejpadilha/.local/lib/python3.8/site-packages/setuptools/dist.py:772: UserWarning: Usage of dash-separated 'install-scripts' will not be supported in future versions. Please use the underscore name 'install_scripts' instead
[8.724s]   warnings.warn(
[10.938s] running egg_info
[11.173s] writing ../../build/kalman_1d/kalman_1d.egg-info/PKG-INFO
[11.380s] writing dependency_links to ../../build/kalman_1d/kalman_1d.egg-info/dependency_links.txt
[11.927s] writing entry points to ../../build/kalman_1d/kalman_1d.egg-info/entry_points.txt
[12.624s] writing requirements to ../../build/kalman_1d/kalman_1d.egg-info/requires.txt
[12.880s] writing top-level names to ../../build/kalman_1d/kalman_1d.egg-info/top_level.txt
[13.220s] reading manifest file '../../build/kalman_1d/kalman_1d.egg-info/SOURCES.txt'
[13.222s] writing manifest file '../../build/kalman_1d/kalman_1d.egg-info/SOURCES.txt'
[13.222s] running build
[13.222s] running build_py
[13.223s] running install
[13.224s] /home/andrejpadilha/.local/lib/python3.8/site-packages/setuptools/command/install.py:34: SetuptoolsDeprecationWarning: setup.py install is deprecated. Use build and pip and other standards-based tools.
[13.224s]   warnings.warn(
[13.245s] running install_lib
[13.639s] byte-compiling /home/andrejpadilha/kalman_ws/install/kalman_1d/lib/python3.8/site-packages/kalman_1d/teleport_service (copy).py to teleport_service (copy).cpython-38.pyc
[13.640s]   File "/home/andrejpadilha/kalman_ws/install/kalman_1d/lib/python3.8/site-packages/kalman_1d/teleport_service (copy).py", line 52
[13.640s]     except rospy.ServiceException, e:
[13.641s]                                  ^
[13.641s] SyntaxError: invalid syntax
[13.641s] 
[13.641s] byte-compiling /home/andrejpadilha/kalman_ws/install/kalman_1d/lib/python3.8/site-packages/kalman_1d/teleport_service.py to teleport_service.cpython-38.pyc
[13.641s]   File "/home/andrejpadilha/kalman_ws/install/kalman_1d/lib/python3.8/site-packages/kalman_1d/teleport_service.py", line 52
[13.641s]     except rospy.ServiceException, e:
[13.642s]                                  ^
[13.642s] SyntaxError: invalid syntax
[13.642s] 
[13.642s] running install_data
[13.692s] running install_egg_info
[13.952s] removing '/home/andrejpadilha/kalman_ws/install/kalman_1d/lib/python3.8/site-packages/kalman_1d-0.0.0-py3.8.egg-info' (and everything under it)
[13.953s] Copying ../../build/kalman_1d/kalman_1d.egg-info to /home/andrejpadilha/kalman_ws/install/kalman_1d/lib/python3.8/site-packages/kalman_1d-0.0.0-py3.8.egg-info
[13.955s] running install_scripts
[14.364s] Installing teleport_service script to /home/andrejpadilha/kalman_ws/install/kalman_1d/lib/kalman_1d
[14.366s] Installing turtlebot3_move script to /home/andrejpadilha/kalman_ws/install/kalman_1d/lib/kalman_1d
[14.368s] writing list of installed files to '/home/andrejpadilha/kalman_ws/build/kalman_1d/install.log'
[14.632s] Invoked command in '/home/andrejpadilha/kalman_ws/src/kalman_1d' returned '0': PYTHONPATH=/home/andrejpadilha/kalman_ws/install/kalman_1d/lib/python3.8/site-packages:${PYTHONPATH} /usr/bin/python3 setup.py egg_info --egg-base ../../build/kalman_1d build --build-base /home/andrejpadilha/kalman_ws/build/kalman_1d/build install --prefix /home/andrejpadilha/kalman_ws/install/kalman_1d --record /home/andrejpadilha/kalman_ws/build/kalman_1d/install.log --single-version-externally-managed
