[0.753s] Invoking command in '/home/andrepadilha/kalman_ws/src/noisy_sensors': PYTHONPATH=/home/andrepadilha/kalman_ws/install/noisy_sensors/lib/python3.8/site-packages:${PYTHONPATH} /usr/bin/python3 setup.py egg_info --egg-base ../../build/noisy_sensors build --build-base /home/andrepadilha/kalman_ws/build/noisy_sensors/build install --prefix /home/andrepadilha/kalman_ws/install/noisy_sensors --record /home/andrepadilha/kalman_ws/build/noisy_sensors/install.log --single-version-externally-managed
[0.899s] running egg_info
[0.899s] creating ../../build/noisy_sensors/noisy_sensors.egg-info
[0.899s] writing ../../build/noisy_sensors/noisy_sensors.egg-info/PKG-INFO
[0.900s] writing dependency_links to ../../build/noisy_sensors/noisy_sensors.egg-info/dependency_links.txt
[0.900s] writing entry points to ../../build/noisy_sensors/noisy_sensors.egg-info/entry_points.txt
[0.900s] writing requirements to ../../build/noisy_sensors/noisy_sensors.egg-info/requires.txt
[0.900s] writing top-level names to ../../build/noisy_sensors/noisy_sensors.egg-info/top_level.txt
[0.900s] writing manifest file '../../build/noisy_sensors/noisy_sensors.egg-info/SOURCES.txt'
[0.923s] reading manifest file '../../build/noisy_sensors/noisy_sensors.egg-info/SOURCES.txt'
[0.923s] writing manifest file '../../build/noisy_sensors/noisy_sensors.egg-info/SOURCES.txt'
[0.924s] running build
[0.924s] running build_py
[0.924s] creating /home/andrepadilha/kalman_ws/build/noisy_sensors/build
[0.924s] creating /home/andrepadilha/kalman_ws/build/noisy_sensors/build/lib
[0.924s] creating /home/andrepadilha/kalman_ws/build/noisy_sensors/build/lib/noisy_sensors
[0.924s] copying noisy_sensors/noisy_pose_turtlesim.py -> /home/andrepadilha/kalman_ws/build/noisy_sensors/build/lib/noisy_sensors
[0.924s] copying noisy_sensors/__init__.py -> /home/andrepadilha/kalman_ws/build/noisy_sensors/build/lib/noisy_sensors
[0.924s] copying noisy_sensors/noisy_odom.py -> /home/andrepadilha/kalman_ws/build/noisy_sensors/build/lib/noisy_sensors
[0.924s] running install
[0.924s] running install_lib
[0.925s] creating /home/andrepadilha/kalman_ws/install/noisy_sensors/lib/python3.8/site-packages/noisy_sensors
[0.925s] copying /home/andrepadilha/kalman_ws/build/noisy_sensors/build/lib/noisy_sensors/noisy_pose_turtlesim.py -> /home/andrepadilha/kalman_ws/install/noisy_sensors/lib/python3.8/site-packages/noisy_sensors
[0.925s] copying /home/andrepadilha/kalman_ws/build/noisy_sensors/build/lib/noisy_sensors/__init__.py -> /home/andrepadilha/kalman_ws/install/noisy_sensors/lib/python3.8/site-packages/noisy_sensors
[0.925s] copying /home/andrepadilha/kalman_ws/build/noisy_sensors/build/lib/noisy_sensors/noisy_odom.py -> /home/andrepadilha/kalman_ws/install/noisy_sensors/lib/python3.8/site-packages/noisy_sensors
[0.925s] byte-compiling /home/andrepadilha/kalman_ws/install/noisy_sensors/lib/python3.8/site-packages/noisy_sensors/noisy_pose_turtlesim.py to noisy_pose_turtlesim.cpython-38.pyc
[0.926s] byte-compiling /home/andrepadilha/kalman_ws/install/noisy_sensors/lib/python3.8/site-packages/noisy_sensors/__init__.py to __init__.cpython-38.pyc
[0.927s] byte-compiling /home/andrepadilha/kalman_ws/install/noisy_sensors/lib/python3.8/site-packages/noisy_sensors/noisy_odom.py to noisy_odom.cpython-38.pyc
[0.927s] running install_data
[0.927s] creating /home/andrepadilha/kalman_ws/install/noisy_sensors/share/ament_index
[0.927s] creating /home/andrepadilha/kalman_ws/install/noisy_sensors/share/ament_index/resource_index
[0.927s] creating /home/andrepadilha/kalman_ws/install/noisy_sensors/share/ament_index/resource_index/packages
[0.927s] copying resource/noisy_sensors -> /home/andrepadilha/kalman_ws/install/noisy_sensors/share/ament_index/resource_index/packages
[0.927s] copying package.xml -> /home/andrepadilha/kalman_ws/install/noisy_sensors/share/noisy_sensors
[0.927s] running install_egg_info
[0.928s] Copying ../../build/noisy_sensors/noisy_sensors.egg-info to /home/andrepadilha/kalman_ws/install/noisy_sensors/lib/python3.8/site-packages/noisy_sensors-0.0.0-py3.8.egg-info
[0.929s] running install_scripts
[0.940s] Installing noisyOdom = noisy_sensors.noisy_odom:mainnoisyPoseTurtlesim script to /home/andrepadilha/kalman_ws/install/noisy_sensors/lib/noisy_sensors
[0.941s] writing list of installed files to '/home/andrepadilha/kalman_ws/build/noisy_sensors/install.log'
[0.962s] Invoked command in '/home/andrepadilha/kalman_ws/src/noisy_sensors' returned '0': PYTHONPATH=/home/andrepadilha/kalman_ws/install/noisy_sensors/lib/python3.8/site-packages:${PYTHONPATH} /usr/bin/python3 setup.py egg_info --egg-base ../../build/noisy_sensors build --build-base /home/andrepadilha/kalman_ws/build/noisy_sensors/build install --prefix /home/andrepadilha/kalman_ws/install/noisy_sensors --record /home/andrepadilha/kalman_ws/build/noisy_sensors/install.log --single-version-externally-managed
