[2.139s] Invoking command in '/home/andrejpadilha/kalman_ws/src/kalman_1d': PYTHONPATH=/home/andrejpadilha/kalman_ws/install/kalman_1d/lib/python3.8/site-packages:${PYTHONPATH} /usr/bin/python3 setup.py egg_info --egg-base ../../build/kalman_1d build --build-base /home/andrejpadilha/kalman_ws/build/kalman_1d/build install --prefix /home/andrejpadilha/kalman_ws/install/kalman_1d --record /home/andrejpadilha/kalman_ws/build/kalman_1d/install.log --single-version-externally-managed
[2.468s] /home/andrejpadilha/.local/lib/python3.8/site-packages/setuptools/dist.py:772: UserWarning: Usage of dash-separated 'script-dir' will not be supported in future versions. Please use the underscore name 'script_dir' instead
[2.468s]   warnings.warn(
[2.468s] /home/andrejpadilha/.local/lib/python3.8/site-packages/setuptools/dist.py:772: UserWarning: Usage of dash-separated 'install-scripts' will not be supported in future versions. Please use the underscore name 'install_scripts' instead
[2.468s]   warnings.warn(
[3.076s] running egg_info
[3.141s] writing ../../build/kalman_1d/kalman_1d.egg-info/PKG-INFO
[3.191s] writing dependency_links to ../../build/kalman_1d/kalman_1d.egg-info/dependency_links.txt
[3.345s] writing entry points to ../../build/kalman_1d/kalman_1d.egg-info/entry_points.txt
[3.445s] writing requirements to ../../build/kalman_1d/kalman_1d.egg-info/requires.txt
[3.501s] writing top-level names to ../../build/kalman_1d/kalman_1d.egg-info/top_level.txt
[3.584s] reading manifest file '../../build/kalman_1d/kalman_1d.egg-info/SOURCES.txt'
[3.584s] writing manifest file '../../build/kalman_1d/kalman_1d.egg-info/SOURCES.txt'
[3.584s] running build
[3.585s] running build_py
[3.585s] copying kalman_1d/turtlebot3_move.py -> /home/andrejpadilha/kalman_ws/build/kalman_1d/build/lib/kalman_1d
[3.585s] running install
[3.585s] /home/andrejpadilha/.local/lib/python3.8/site-packages/setuptools/command/install.py:34: SetuptoolsDeprecationWarning: setup.py install is deprecated. Use build and pip and other standards-based tools.
[3.585s]   warnings.warn(
[3.590s] running install_lib
[3.668s] copying /home/andrejpadilha/kalman_ws/build/kalman_1d/build/lib/kalman_1d/turtlebot3_move.py -> /home/andrejpadilha/kalman_ws/install/kalman_1d/lib/python3.8/site-packages/kalman_1d
[3.668s] byte-compiling /home/andrejpadilha/kalman_ws/install/kalman_1d/lib/python3.8/site-packages/kalman_1d/turtlebot3_move.py to turtlebot3_move.cpython-38.pyc
[3.669s] running install_data
[3.683s] running install_egg_info
[3.747s] removing '/home/andrejpadilha/kalman_ws/install/kalman_1d/lib/python3.8/site-packages/kalman_1d-0.0.0-py3.8.egg-info' (and everything under it)
[3.747s] Copying ../../build/kalman_1d/kalman_1d.egg-info to /home/andrejpadilha/kalman_ws/install/kalman_1d/lib/python3.8/site-packages/kalman_1d-0.0.0-py3.8.egg-info
[3.748s] running install_scripts
[3.870s] Installing turtlebot3_move script to /home/andrejpadilha/kalman_ws/install/kalman_1d/lib/kalman_1d
[3.870s] writing list of installed files to '/home/andrejpadilha/kalman_ws/build/kalman_1d/install.log'
[3.911s] Invoked command in '/home/andrejpadilha/kalman_ws/src/kalman_1d' returned '0': PYTHONPATH=/home/andrejpadilha/kalman_ws/install/kalman_1d/lib/python3.8/site-packages:${PYTHONPATH} /usr/bin/python3 setup.py egg_info --egg-base ../../build/kalman_1d build --build-base /home/andrejpadilha/kalman_ws/build/kalman_1d/build install --prefix /home/andrejpadilha/kalman_ws/install/kalman_1d --record /home/andrejpadilha/kalman_ws/build/kalman_1d/install.log --single-version-externally-managed
