running egg_info
creating ../../build/obstacles_3d/obstacles_3d.egg-info
writing ../../build/obstacles_3d/obstacles_3d.egg-info/PKG-INFO
writing dependency_links to ../../build/obstacles_3d/obstacles_3d.egg-info/dependency_links.txt
writing entry points to ../../build/obstacles_3d/obstacles_3d.egg-info/entry_points.txt
writing requirements to ../../build/obstacles_3d/obstacles_3d.egg-info/requires.txt
writing top-level names to ../../build/obstacles_3d/obstacles_3d.egg-info/top_level.txt
writing manifest file '../../build/obstacles_3d/obstacles_3d.egg-info/SOURCES.txt'
reading manifest file '../../build/obstacles_3d/obstacles_3d.egg-info/SOURCES.txt'
writing manifest file '../../build/obstacles_3d/obstacles_3d.egg-info/SOURCES.txt'
running build
running build_py
creating /home/andrepadilha/kalman_ws/build/obstacles_3d/build
creating /home/andrepadilha/kalman_ws/build/obstacles_3d/build/lib
creating /home/andrepadilha/kalman_ws/build/obstacles_3d/build/lib/obstacles_3d
copying obstacles_3d/__init__.py -> /home/andrepadilha/kalman_ws/build/obstacles_3d/build/lib/obstacles_3d
running install
running install_lib
creating /home/andrepadilha/kalman_ws/install/obstacles_3d/lib/python3.8/site-packages/obstacles_3d
copying /home/andrepadilha/kalman_ws/build/obstacles_3d/build/lib/obstacles_3d/__init__.py -> /home/andrepadilha/kalman_ws/install/obstacles_3d/lib/python3.8/site-packages/obstacles_3d
byte-compiling /home/andrepadilha/kalman_ws/install/obstacles_3d/lib/python3.8/site-packages/obstacles_3d/__init__.py to __init__.cpython-38.pyc
running install_data
creating /home/andrepadilha/kalman_ws/install/obstacles_3d/share/ament_index
creating /home/andrepadilha/kalman_ws/install/obstacles_3d/share/ament_index/resource_index
creating /home/andrepadilha/kalman_ws/install/obstacles_3d/share/ament_index/resource_index/packages
copying resource/obstacles_3d -> /home/andrepadilha/kalman_ws/install/obstacles_3d/share/ament_index/resource_index/packages
copying package.xml -> /home/andrepadilha/kalman_ws/install/obstacles_3d/share/obstacles_3d
running install_egg_info
Copying ../../build/obstacles_3d/obstacles_3d.egg-info to /home/andrepadilha/kalman_ws/install/obstacles_3d/lib/python3.8/site-packages/obstacles_3d-0.0.0-py3.8.egg-info
running install_scripts
writing list of installed files to '/home/andrepadilha/kalman_ws/build/obstacles_3d/install.log'
