[0.942s] DEBUG:colcon:Command line arguments: ['/usr/bin/colcon', 'build']
[0.943s] DEBUG:colcon:Parsed command line arguments: Namespace(allow_overriding=[], ament_cmake_args=None, base_paths=['.'], build_base='build', catkin_cmake_args=None, catkin_skip_building_tests=False, cmake_args=None, cmake_clean_cache=False, cmake_clean_first=False, cmake_force_configure=False, cmake_target=None, cmake_target_skip_unavailable=False, continue_on_error=False, event_handlers=None, executor='parallel', ignore_user_meta=False, install_base='install', log_base=None, log_level=None, main=<bound method BuildVerb.main of <colcon_core.verb.build.BuildVerb object at 0x7f01ad5fa820>>, merge_install=False, metas=['./colcon.meta'], packages_above=None, packages_above_and_dependencies=None, packages_above_depth=None, packages_end=None, packages_ignore=None, packages_ignore_regex=None, packages_select=None, packages_select_build_failed=False, packages_select_by_dep=None, packages_select_regex=None, packages_select_test_failures=False, packages_skip=None, packages_skip_build_finished=False, packages_skip_by_dep=None, packages_skip_regex=None, packages_skip_test_passed=False, packages_skip_up_to=None, packages_start=None, packages_up_to=None, packages_up_to_regex=None, parallel_workers=8, paths=None, symlink_install=False, test_result_base=None, verb_extension=<colcon_core.verb.build.BuildVerb object at 0x7f01ad5fa820>, verb_name='build', verb_parser=<colcon_defaults.argument_parser.defaults.DefaultArgumentsDecorator object at 0x7f01ad53ddf0>)
[1.176s] Level 1:colcon.colcon_core.package_discovery:discover_packages(colcon_meta) check parameters
[1.176s] Level 1:colcon.colcon_core.package_discovery:discover_packages(recursive) check parameters
[1.176s] Level 1:colcon.colcon_core.package_discovery:discover_packages(ignore) check parameters
[1.176s] Level 1:colcon.colcon_core.package_discovery:discover_packages(path) check parameters
[1.176s] Level 1:colcon.colcon_core.package_discovery:discover_packages(colcon_meta) discover
[1.176s] Level 1:colcon.colcon_core.package_discovery:discover_packages(recursive) discover
[1.176s] INFO:colcon.colcon_core.package_discovery:Crawling recursively for packages in '/home/andrejpadilha/kalman_ws'
[1.176s] Level 1:colcon.colcon_core.package_identification:_identify(.) by extensions ['ignore', 'ignore_ament_install']
[1.177s] Level 1:colcon.colcon_core.package_identification:_identify(.) by extension 'ignore'
[1.177s] Level 1:colcon.colcon_core.package_identification:_identify(.) by extension 'ignore_ament_install'
[1.177s] Level 1:colcon.colcon_core.package_identification:_identify(.) by extensions ['colcon_pkg']
[1.177s] Level 1:colcon.colcon_core.package_identification:_identify(.) by extension 'colcon_pkg'
[1.177s] Level 1:colcon.colcon_core.package_identification:_identify(.) by extensions ['colcon_meta']
[1.177s] Level 1:colcon.colcon_core.package_identification:_identify(.) by extension 'colcon_meta'
[1.177s] Level 1:colcon.colcon_core.package_identification:_identify(.) by extensions ['ros']
[1.177s] Level 1:colcon.colcon_core.package_identification:_identify(.) by extension 'ros'
[1.318s] Level 1:colcon.colcon_core.package_identification:_identify(.) by extensions ['cmake', 'python']
[1.319s] Level 1:colcon.colcon_core.package_identification:_identify(.) by extension 'cmake'
[1.319s] Level 1:colcon.colcon_core.package_identification:_identify(.) by extension 'python'
[1.319s] Level 1:colcon.colcon_core.package_identification:_identify(.) by extensions ['python_setup_py']
[1.319s] Level 1:colcon.colcon_core.package_identification:_identify(.) by extension 'python_setup_py'
[1.319s] Level 1:colcon.colcon_core.package_identification:_identify(build) by extensions ['ignore', 'ignore_ament_install']
[1.319s] Level 1:colcon.colcon_core.package_identification:_identify(build) by extension 'ignore'
[1.320s] Level 1:colcon.colcon_core.package_identification:_identify(build) ignored
[1.320s] Level 1:colcon.colcon_core.package_identification:_identify(install) by extensions ['ignore', 'ignore_ament_install']
[1.321s] Level 1:colcon.colcon_core.package_identification:_identify(install) by extension 'ignore'
[1.321s] Level 1:colcon.colcon_core.package_identification:_identify(install) ignored
[1.322s] Level 1:colcon.colcon_core.package_identification:_identify(log) by extensions ['ignore', 'ignore_ament_install']
[1.322s] Level 1:colcon.colcon_core.package_identification:_identify(log) by extension 'ignore'
[1.322s] Level 1:colcon.colcon_core.package_identification:_identify(log) ignored
[1.322s] Level 1:colcon.colcon_core.package_identification:_identify(models) by extensions ['ignore', 'ignore_ament_install']
[1.323s] Level 1:colcon.colcon_core.package_identification:_identify(models) by extension 'ignore'
[1.323s] Level 1:colcon.colcon_core.package_identification:_identify(models) by extension 'ignore_ament_install'
[1.323s] Level 1:colcon.colcon_core.package_identification:_identify(models) by extensions ['colcon_pkg']
[1.323s] Level 1:colcon.colcon_core.package_identification:_identify(models) by extension 'colcon_pkg'
[1.323s] Level 1:colcon.colcon_core.package_identification:_identify(models) by extensions ['colcon_meta']
[1.323s] Level 1:colcon.colcon_core.package_identification:_identify(models) by extension 'colcon_meta'
[1.323s] Level 1:colcon.colcon_core.package_identification:_identify(models) by extensions ['ros']
[1.323s] Level 1:colcon.colcon_core.package_identification:_identify(models) by extension 'ros'
[1.323s] Level 1:colcon.colcon_core.package_identification:_identify(models) by extensions ['cmake', 'python']
[1.323s] Level 1:colcon.colcon_core.package_identification:_identify(models) by extension 'cmake'
[1.323s] Level 1:colcon.colcon_core.package_identification:_identify(models) by extension 'python'
[1.323s] Level 1:colcon.colcon_core.package_identification:_identify(models) by extensions ['python_setup_py']
[1.323s] Level 1:colcon.colcon_core.package_identification:_identify(models) by extension 'python_setup_py'
[1.324s] Level 1:colcon.colcon_core.package_identification:_identify(models/brick_box_3x1x3) by extensions ['ignore', 'ignore_ament_install']
[1.324s] Level 1:colcon.colcon_core.package_identification:_identify(models/brick_box_3x1x3) by extension 'ignore'
[1.324s] Level 1:colcon.colcon_core.package_identification:_identify(models/brick_box_3x1x3) by extension 'ignore_ament_install'
[1.324s] Level 1:colcon.colcon_core.package_identification:_identify(models/brick_box_3x1x3) by extensions ['colcon_pkg']
[1.324s] Level 1:colcon.colcon_core.package_identification:_identify(models/brick_box_3x1x3) by extension 'colcon_pkg'
[1.324s] Level 1:colcon.colcon_core.package_identification:_identify(models/brick_box_3x1x3) by extensions ['colcon_meta']
[1.324s] Level 1:colcon.colcon_core.package_identification:_identify(models/brick_box_3x1x3) by extension 'colcon_meta'
[1.324s] Level 1:colcon.colcon_core.package_identification:_identify(models/brick_box_3x1x3) by extensions ['ros']
[1.324s] Level 1:colcon.colcon_core.package_identification:_identify(models/brick_box_3x1x3) by extension 'ros'
[1.325s] Level 1:colcon.colcon_core.package_identification:_identify(models/brick_box_3x1x3) by extensions ['cmake', 'python']
[1.325s] Level 1:colcon.colcon_core.package_identification:_identify(models/brick_box_3x1x3) by extension 'cmake'
[1.325s] Level 1:colcon.colcon_core.package_identification:_identify(models/brick_box_3x1x3) by extension 'python'
[1.325s] Level 1:colcon.colcon_core.package_identification:_identify(models/brick_box_3x1x3) by extensions ['python_setup_py']
[1.325s] Level 1:colcon.colcon_core.package_identification:_identify(models/brick_box_3x1x3) by extension 'python_setup_py'
[1.325s] Level 1:colcon.colcon_core.package_identification:_identify(models/brick_box_3x1x3/materials) by extensions ['ignore', 'ignore_ament_install']
[1.325s] Level 1:colcon.colcon_core.package_identification:_identify(models/brick_box_3x1x3/materials) by extension 'ignore'
[1.325s] Level 1:colcon.colcon_core.package_identification:_identify(models/brick_box_3x1x3/materials) by extension 'ignore_ament_install'
[1.326s] Level 1:colcon.colcon_core.package_identification:_identify(models/brick_box_3x1x3/materials) by extensions ['colcon_pkg']
[1.326s] Level 1:colcon.colcon_core.package_identification:_identify(models/brick_box_3x1x3/materials) by extension 'colcon_pkg'
[1.326s] Level 1:colcon.colcon_core.package_identification:_identify(models/brick_box_3x1x3/materials) by extensions ['colcon_meta']
[1.326s] Level 1:colcon.colcon_core.package_identification:_identify(models/brick_box_3x1x3/materials) by extension 'colcon_meta'
[1.326s] Level 1:colcon.colcon_core.package_identification:_identify(models/brick_box_3x1x3/materials) by extensions ['ros']
[1.326s] Level 1:colcon.colcon_core.package_identification:_identify(models/brick_box_3x1x3/materials) by extension 'ros'
[1.326s] Level 1:colcon.colcon_core.package_identification:_identify(models/brick_box_3x1x3/materials) by extensions ['cmake', 'python']
[1.326s] Level 1:colcon.colcon_core.package_identification:_identify(models/brick_box_3x1x3/materials) by extension 'cmake'
[1.326s] Level 1:colcon.colcon_core.package_identification:_identify(models/brick_box_3x1x3/materials) by extension 'python'
[1.326s] Level 1:colcon.colcon_core.package_identification:_identify(models/brick_box_3x1x3/materials) by extensions ['python_setup_py']
[1.327s] Level 1:colcon.colcon_core.package_identification:_identify(models/brick_box_3x1x3/materials) by extension 'python_setup_py'
[1.327s] Level 1:colcon.colcon_core.package_identification:_identify(models/brick_box_3x1x3/materials/scripts) by extensions ['ignore', 'ignore_ament_install']
[1.327s] Level 1:colcon.colcon_core.package_identification:_identify(models/brick_box_3x1x3/materials/scripts) by extension 'ignore'
[1.327s] Level 1:colcon.colcon_core.package_identification:_identify(models/brick_box_3x1x3/materials/scripts) by extension 'ignore_ament_install'
[1.327s] Level 1:colcon.colcon_core.package_identification:_identify(models/brick_box_3x1x3/materials/scripts) by extensions ['colcon_pkg']
[1.327s] Level 1:colcon.colcon_core.package_identification:_identify(models/brick_box_3x1x3/materials/scripts) by extension 'colcon_pkg'
[1.327s] Level 1:colcon.colcon_core.package_identification:_identify(models/brick_box_3x1x3/materials/scripts) by extensions ['colcon_meta']
[1.327s] Level 1:colcon.colcon_core.package_identification:_identify(models/brick_box_3x1x3/materials/scripts) by extension 'colcon_meta'
[1.328s] Level 1:colcon.colcon_core.package_identification:_identify(models/brick_box_3x1x3/materials/scripts) by extensions ['ros']
[1.328s] Level 1:colcon.colcon_core.package_identification:_identify(models/brick_box_3x1x3/materials/scripts) by extension 'ros'
[1.328s] Level 1:colcon.colcon_core.package_identification:_identify(models/brick_box_3x1x3/materials/scripts) by extensions ['cmake', 'python']
[1.328s] Level 1:colcon.colcon_core.package_identification:_identify(models/brick_box_3x1x3/materials/scripts) by extension 'cmake'
[1.328s] Level 1:colcon.colcon_core.package_identification:_identify(models/brick_box_3x1x3/materials/scripts) by extension 'python'
[1.328s] Level 1:colcon.colcon_core.package_identification:_identify(models/brick_box_3x1x3/materials/scripts) by extensions ['python_setup_py']
[1.328s] Level 1:colcon.colcon_core.package_identification:_identify(models/brick_box_3x1x3/materials/scripts) by extension 'python_setup_py'
[1.328s] Level 1:colcon.colcon_core.package_identification:_identify(models/brick_box_3x1x3/materials/textures) by extensions ['ignore', 'ignore_ament_install']
[1.329s] Level 1:colcon.colcon_core.package_identification:_identify(models/brick_box_3x1x3/materials/textures) by extension 'ignore'
[1.329s] Level 1:colcon.colcon_core.package_identification:_identify(models/brick_box_3x1x3/materials/textures) by extension 'ignore_ament_install'
[1.330s] Level 1:colcon.colcon_core.package_identification:_identify(models/brick_box_3x1x3/materials/textures) by extensions ['colcon_pkg']
[1.330s] Level 1:colcon.colcon_core.package_identification:_identify(models/brick_box_3x1x3/materials/textures) by extension 'colcon_pkg'
[1.331s] Level 1:colcon.colcon_core.package_identification:_identify(models/brick_box_3x1x3/materials/textures) by extensions ['colcon_meta']
[1.331s] Level 1:colcon.colcon_core.package_identification:_identify(models/brick_box_3x1x3/materials/textures) by extension 'colcon_meta'
[1.332s] Level 1:colcon.colcon_core.package_identification:_identify(models/brick_box_3x1x3/materials/textures) by extensions ['ros']
[1.332s] Level 1:colcon.colcon_core.package_identification:_identify(models/brick_box_3x1x3/materials/textures) by extension 'ros'
[1.332s] Level 1:colcon.colcon_core.package_identification:_identify(models/brick_box_3x1x3/materials/textures) by extensions ['cmake', 'python']
[1.332s] Level 1:colcon.colcon_core.package_identification:_identify(models/brick_box_3x1x3/materials/textures) by extension 'cmake'
[1.332s] Level 1:colcon.colcon_core.package_identification:_identify(models/brick_box_3x1x3/materials/textures) by extension 'python'
[1.332s] Level 1:colcon.colcon_core.package_identification:_identify(models/brick_box_3x1x3/materials/textures) by extensions ['python_setup_py']
[1.332s] Level 1:colcon.colcon_core.package_identification:_identify(models/brick_box_3x1x3/materials/textures) by extension 'python_setup_py'
[1.333s] Level 1:colcon.colcon_core.package_identification:_identify(models/brick_box_3x1x3/meshes) by extensions ['ignore', 'ignore_ament_install']
[1.333s] Level 1:colcon.colcon_core.package_identification:_identify(models/brick_box_3x1x3/meshes) by extension 'ignore'
[1.333s] Level 1:colcon.colcon_core.package_identification:_identify(models/brick_box_3x1x3/meshes) by extension 'ignore_ament_install'
[1.333s] Level 1:colcon.colcon_core.package_identification:_identify(models/brick_box_3x1x3/meshes) by extensions ['colcon_pkg']
[1.333s] Level 1:colcon.colcon_core.package_identification:_identify(models/brick_box_3x1x3/meshes) by extension 'colcon_pkg'
[1.333s] Level 1:colcon.colcon_core.package_identification:_identify(models/brick_box_3x1x3/meshes) by extensions ['colcon_meta']
[1.333s] Level 1:colcon.colcon_core.package_identification:_identify(models/brick_box_3x1x3/meshes) by extension 'colcon_meta'
[1.333s] Level 1:colcon.colcon_core.package_identification:_identify(models/brick_box_3x1x3/meshes) by extensions ['ros']
[1.333s] Level 1:colcon.colcon_core.package_identification:_identify(models/brick_box_3x1x3/meshes) by extension 'ros'
[1.334s] Level 1:colcon.colcon_core.package_identification:_identify(models/brick_box_3x1x3/meshes) by extensions ['cmake', 'python']
[1.334s] Level 1:colcon.colcon_core.package_identification:_identify(models/brick_box_3x1x3/meshes) by extension 'cmake'
[1.334s] Level 1:colcon.colcon_core.package_identification:_identify(models/brick_box_3x1x3/meshes) by extension 'python'
[1.334s] Level 1:colcon.colcon_core.package_identification:_identify(models/brick_box_3x1x3/meshes) by extensions ['python_setup_py']
[1.334s] Level 1:colcon.colcon_core.package_identification:_identify(models/brick_box_3x1x3/meshes) by extension 'python_setup_py'
[1.334s] Level 1:colcon.colcon_core.package_identification:_identify(src) by extensions ['ignore', 'ignore_ament_install']
[1.334s] Level 1:colcon.colcon_core.package_identification:_identify(src) by extension 'ignore'
[1.334s] Level 1:colcon.colcon_core.package_identification:_identify(src) by extension 'ignore_ament_install'
[1.334s] Level 1:colcon.colcon_core.package_identification:_identify(src) by extensions ['colcon_pkg']
[1.334s] Level 1:colcon.colcon_core.package_identification:_identify(src) by extension 'colcon_pkg'
[1.335s] Level 1:colcon.colcon_core.package_identification:_identify(src) by extensions ['colcon_meta']
[1.335s] Level 1:colcon.colcon_core.package_identification:_identify(src) by extension 'colcon_meta'
[1.335s] Level 1:colcon.colcon_core.package_identification:_identify(src) by extensions ['ros']
[1.335s] Level 1:colcon.colcon_core.package_identification:_identify(src) by extension 'ros'
[1.335s] Level 1:colcon.colcon_core.package_identification:_identify(src) by extensions ['cmake', 'python']
[1.335s] Level 1:colcon.colcon_core.package_identification:_identify(src) by extension 'cmake'
[1.335s] Level 1:colcon.colcon_core.package_identification:_identify(src) by extension 'python'
[1.335s] Level 1:colcon.colcon_core.package_identification:_identify(src) by extensions ['python_setup_py']
[1.335s] Level 1:colcon.colcon_core.package_identification:_identify(src) by extension 'python_setup_py'
[1.336s] Level 1:colcon.colcon_core.package_identification:_identify(src/kalman_1d) by extensions ['ignore', 'ignore_ament_install']
[1.336s] Level 1:colcon.colcon_core.package_identification:_identify(src/kalman_1d) by extension 'ignore'
[1.336s] Level 1:colcon.colcon_core.package_identification:_identify(src/kalman_1d) by extension 'ignore_ament_install'
[1.336s] Level 1:colcon.colcon_core.package_identification:_identify(src/kalman_1d) by extensions ['colcon_pkg']
[1.336s] Level 1:colcon.colcon_core.package_identification:_identify(src/kalman_1d) by extension 'colcon_pkg'
[1.336s] Level 1:colcon.colcon_core.package_identification:_identify(src/kalman_1d) by extensions ['colcon_meta']
[1.336s] Level 1:colcon.colcon_core.package_identification:_identify(src/kalman_1d) by extension 'colcon_meta'
[1.337s] Level 1:colcon.colcon_core.package_identification:_identify(src/kalman_1d) by extensions ['ros']
[1.337s] Level 1:colcon.colcon_core.package_identification:_identify(src/kalman_1d) by extension 'ros'
[1.341s] DEBUG:colcon.colcon_core.package_identification:Package 'src/kalman_1d' with type 'ros.ament_python' and name 'kalman_1d'
[1.342s] Level 1:colcon.colcon_core.package_discovery:discover_packages(recursive) using defaults
[1.342s] Level 1:colcon.colcon_core.package_discovery:discover_packages(ignore) discover
[1.342s] Level 1:colcon.colcon_core.package_discovery:discover_packages(ignore) using defaults
[1.342s] Level 1:colcon.colcon_core.package_discovery:discover_packages(path) discover
[1.342s] Level 1:colcon.colcon_core.package_discovery:discover_packages(path) using defaults
[1.404s] Level 1:colcon.colcon_core.package_discovery:discover_packages(prefix_path) check parameters
[1.404s] Level 1:colcon.colcon_core.package_discovery:discover_packages(prefix_path) discover
[1.410s] DEBUG:colcon.colcon_installed_package_information.package_discovery:Found 313 installed packages in /opt/ros/foxy
[1.414s] Level 1:colcon.colcon_core.package_discovery:discover_packages(prefix_path) using defaults
[1.643s] Level 5:colcon.colcon_core.verb:set package 'kalman_1d' build argument 'cmake_args' from command line to 'None'
[1.644s] Level 5:colcon.colcon_core.verb:set package 'kalman_1d' build argument 'cmake_target' from command line to 'None'
[1.644s] Level 5:colcon.colcon_core.verb:set package 'kalman_1d' build argument 'cmake_target_skip_unavailable' from command line to 'False'
[1.644s] Level 5:colcon.colcon_core.verb:set package 'kalman_1d' build argument 'cmake_clean_cache' from command line to 'False'
[1.644s] Level 5:colcon.colcon_core.verb:set package 'kalman_1d' build argument 'cmake_clean_first' from command line to 'False'
[1.644s] Level 5:colcon.colcon_core.verb:set package 'kalman_1d' build argument 'cmake_force_configure' from command line to 'False'
[1.644s] Level 5:colcon.colcon_core.verb:set package 'kalman_1d' build argument 'ament_cmake_args' from command line to 'None'
[1.644s] Level 5:colcon.colcon_core.verb:set package 'kalman_1d' build argument 'catkin_cmake_args' from command line to 'None'
[1.644s] Level 5:colcon.colcon_core.verb:set package 'kalman_1d' build argument 'catkin_skip_building_tests' from command line to 'False'
[1.644s] DEBUG:colcon.colcon_core.verb:Building package 'kalman_1d' with the following arguments: {'ament_cmake_args': None, 'build_base': '/home/andrejpadilha/kalman_ws/build/kalman_1d', 'catkin_cmake_args': None, 'catkin_skip_building_tests': False, 'cmake_args': None, 'cmake_clean_cache': False, 'cmake_clean_first': False, 'cmake_force_configure': False, 'cmake_target': None, 'cmake_target_skip_unavailable': False, 'install_base': '/home/andrejpadilha/kalman_ws/install/kalman_1d', 'merge_install': False, 'path': '/home/andrejpadilha/kalman_ws/src/kalman_1d', 'symlink_install': False, 'test_result_base': None}
[1.647s] INFO:colcon.colcon_core.executor:Executing jobs using 'parallel' executor
[1.654s] DEBUG:colcon.colcon_parallel_executor.executor.parallel:run_until_complete
[1.656s] INFO:colcon.colcon_ros.task.ament_python.build:Building ROS package in '/home/andrejpadilha/kalman_ws/src/kalman_1d' with build type 'ament_python'
[1.657s] Level 1:colcon.colcon_core.shell:create_environment_hook('kalman_1d', 'ament_prefix_path')
[1.673s] INFO:colcon.colcon_core.plugin_system:Skipping extension 'colcon_core.shell.bat': Not used on non-Windows systems
[1.673s] INFO:colcon.colcon_core.shell:Creating environment hook '/home/andrejpadilha/kalman_ws/install/kalman_1d/share/kalman_1d/hook/ament_prefix_path.ps1'
[1.675s] INFO:colcon.colcon_core.shell:Creating environment descriptor '/home/andrejpadilha/kalman_ws/install/kalman_1d/share/kalman_1d/hook/ament_prefix_path.dsv'
[1.675s] INFO:colcon.colcon_core.shell:Creating environment hook '/home/andrejpadilha/kalman_ws/install/kalman_1d/share/kalman_1d/hook/ament_prefix_path.sh'
[1.678s] INFO:colcon.colcon_core.shell:Skip shell extension 'powershell' for command environment: Not usable outside of PowerShell
[1.678s] DEBUG:colcon.colcon_core.shell:Skip shell extension 'dsv' for command environment
[4.388s] INFO:colcon.colcon_core.task.python.build:Building Python package in '/home/andrejpadilha/kalman_ws/src/kalman_1d'
[4.393s] INFO:colcon.colcon_core.shell:Skip shell extension 'powershell' for command environment: Not usable outside of PowerShell
[4.393s] DEBUG:colcon.colcon_core.shell:Skip shell extension 'dsv' for command environment
[8.655s] DEBUG:colcon.colcon_core.event_handler.log_command:Invoking command in '/home/andrejpadilha/kalman_ws/src/kalman_1d': PYTHONPATH=/home/andrejpadilha/kalman_ws/install/kalman_1d/lib/python3.8/site-packages:${PYTHONPATH} /usr/bin/python3 setup.py egg_info --egg-base ../../build/kalman_1d build --build-base /home/andrejpadilha/kalman_ws/build/kalman_1d/build install --prefix /home/andrejpadilha/kalman_ws/install/kalman_1d --record /home/andrejpadilha/kalman_ws/build/kalman_1d/install.log --single-version-externally-managed
[14.895s] DEBUG:colcon.colcon_core.event_handler.log_command:Invoked command in '/home/andrejpadilha/kalman_ws/src/kalman_1d' returned '0': PYTHONPATH=/home/andrejpadilha/kalman_ws/install/kalman_1d/lib/python3.8/site-packages:${PYTHONPATH} /usr/bin/python3 setup.py egg_info --egg-base ../../build/kalman_1d build --build-base /home/andrejpadilha/kalman_ws/build/kalman_1d/build install --prefix /home/andrejpadilha/kalman_ws/install/kalman_1d --record /home/andrejpadilha/kalman_ws/build/kalman_1d/install.log --single-version-externally-managed
[14.911s] Level 1:colcon.colcon_core.environment:checking '/home/andrejpadilha/kalman_ws/install/kalman_1d' for CMake module files
[14.913s] Level 1:colcon.colcon_core.environment:checking '/home/andrejpadilha/kalman_ws/install/kalman_1d' for CMake config files
[14.915s] Level 1:colcon.colcon_core.environment:checking '/home/andrejpadilha/kalman_ws/install/kalman_1d/lib'
[14.916s] Level 1:colcon.colcon_core.environment:checking '/home/andrejpadilha/kalman_ws/install/kalman_1d/bin'
[14.917s] Level 1:colcon.colcon_core.environment:checking '/home/andrejpadilha/kalman_ws/install/kalman_1d/lib/pkgconfig/kalman_1d.pc'
[14.918s] Level 1:colcon.colcon_core.environment:checking '/home/andrejpadilha/kalman_ws/install/kalman_1d/lib/python3.8/site-packages'
[14.918s] Level 1:colcon.colcon_core.shell:create_environment_hook('kalman_1d', 'pythonpath')
[14.921s] INFO:colcon.colcon_core.shell:Creating environment hook '/home/andrejpadilha/kalman_ws/install/kalman_1d/share/kalman_1d/hook/pythonpath.ps1'
[14.923s] INFO:colcon.colcon_core.shell:Creating environment descriptor '/home/andrejpadilha/kalman_ws/install/kalman_1d/share/kalman_1d/hook/pythonpath.dsv'
[14.925s] INFO:colcon.colcon_core.shell:Creating environment hook '/home/andrejpadilha/kalman_ws/install/kalman_1d/share/kalman_1d/hook/pythonpath.sh'
[14.929s] Level 1:colcon.colcon_core.environment:checking '/home/andrejpadilha/kalman_ws/install/kalman_1d/bin'
[14.929s] Level 1:colcon.colcon_core.environment:create_environment_scripts_only(kalman_1d)
[14.935s] INFO:colcon.colcon_core.shell:Creating package script '/home/andrejpadilha/kalman_ws/install/kalman_1d/share/kalman_1d/package.ps1'
[14.938s] INFO:colcon.colcon_core.shell:Creating package descriptor '/home/andrejpadilha/kalman_ws/install/kalman_1d/share/kalman_1d/package.dsv'
[14.940s] INFO:colcon.colcon_core.shell:Creating package script '/home/andrejpadilha/kalman_ws/install/kalman_1d/share/kalman_1d/package.sh'
[14.942s] INFO:colcon.colcon_core.shell:Creating package script '/home/andrejpadilha/kalman_ws/install/kalman_1d/share/kalman_1d/package.bash'
[14.943s] INFO:colcon.colcon_core.shell:Creating package script '/home/andrejpadilha/kalman_ws/install/kalman_1d/share/kalman_1d/package.zsh'
[14.945s] Level 1:colcon.colcon_core.environment:create_file_with_runtime_dependencies(/home/andrejpadilha/kalman_ws/install/kalman_1d/share/colcon-core/packages/kalman_1d)
[14.946s] DEBUG:colcon.colcon_parallel_executor.executor.parallel:closing loop
[14.946s] DEBUG:colcon.colcon_parallel_executor.executor.parallel:loop closed
[14.946s] DEBUG:colcon.colcon_parallel_executor.executor.parallel:run_until_complete finished with '0'
[14.946s] DEBUG:colcon.colcon_core.event_reactor:joining thread
[14.981s] INFO:colcon.colcon_core.plugin_system:Skipping extension 'colcon_notification.desktop_notification.terminal_notifier': Not used on non-Darwin systems
[14.981s] INFO:colcon.colcon_core.plugin_system:Skipping extension 'colcon_notification.desktop_notification.win32': Not used on non-Windows systems
[14.981s] INFO:colcon.colcon_notification.desktop_notification:Sending desktop notification using 'notify2'
[15.024s] DEBUG:colcon.colcon_core.event_reactor:joined thread
[15.025s] INFO:colcon.colcon_core.shell:Creating prefix script '/home/andrejpadilha/kalman_ws/install/local_setup.ps1'
[15.029s] INFO:colcon.colcon_core.shell:Creating prefix util module '/home/andrejpadilha/kalman_ws/install/_local_setup_util_ps1.py'
[15.034s] INFO:colcon.colcon_core.shell:Creating prefix chain script '/home/andrejpadilha/kalman_ws/install/setup.ps1'
[15.039s] INFO:colcon.colcon_core.shell:Creating prefix script '/home/andrejpadilha/kalman_ws/install/local_setup.sh'
[15.039s] INFO:colcon.colcon_core.shell:Creating prefix util module '/home/andrejpadilha/kalman_ws/install/_local_setup_util_sh.py'
[15.041s] INFO:colcon.colcon_core.shell:Creating prefix chain script '/home/andrejpadilha/kalman_ws/install/setup.sh'
[15.044s] INFO:colcon.colcon_core.shell:Creating prefix script '/home/andrejpadilha/kalman_ws/install/local_setup.bash'
[15.044s] INFO:colcon.colcon_core.shell:Creating prefix chain script '/home/andrejpadilha/kalman_ws/install/setup.bash'
[15.049s] INFO:colcon.colcon_core.shell:Creating prefix script '/home/andrejpadilha/kalman_ws/install/local_setup.zsh'
[15.054s] INFO:colcon.colcon_core.shell:Creating prefix chain script '/home/andrejpadilha/kalman_ws/install/setup.zsh'
