running egg_info
creating ../../build/kalman_1d/kalman_1d.egg-info
writing ../../build/kalman_1d/kalman_1d.egg-info/PKG-INFO
writing dependency_links to ../../build/kalman_1d/kalman_1d.egg-info/dependency_links.txt
writing entry points to ../../build/kalman_1d/kalman_1d.egg-info/entry_points.txt
writing requirements to ../../build/kalman_1d/kalman_1d.egg-info/requires.txt
writing top-level names to ../../build/kalman_1d/kalman_1d.egg-info/top_level.txt
writing manifest file '../../build/kalman_1d/kalman_1d.egg-info/SOURCES.txt'
reading manifest file '../../build/kalman_1d/kalman_1d.egg-info/SOURCES.txt'
writing manifest file '../../build/kalman_1d/kalman_1d.egg-info/SOURCES.txt'
running build
running build_py
creating /home/andrepadilha/kalman_ws/build/kalman_1d/build
creating /home/andrepadilha/kalman_ws/build/kalman_1d/build/lib
creating /home/andrepadilha/kalman_ws/build/kalman_1d/build/lib/kalman_1d
copying kalman_1d/__init__.py -> /home/andrepadilha/kalman_ws/build/kalman_1d/build/lib/kalman_1d
running install
running install_lib
creating /home/andrepadilha/kalman_ws/install/kalman_1d/lib/python3.8/site-packages/kalman_1d
copying /home/andrepadilha/kalman_ws/build/kalman_1d/build/lib/kalman_1d/__init__.py -> /home/andrepadilha/kalman_ws/install/kalman_1d/lib/python3.8/site-packages/kalman_1d
byte-compiling /home/andrepadilha/kalman_ws/install/kalman_1d/lib/python3.8/site-packages/kalman_1d/__init__.py to __init__.cpython-38.pyc
running install_data
creating /home/andrepadilha/kalman_ws/install/kalman_1d/share/ament_index
creating /home/andrepadilha/kalman_ws/install/kalman_1d/share/ament_index/resource_index
creating /home/andrepadilha/kalman_ws/install/kalman_1d/share/ament_index/resource_index/packages
copying resource/kalman_1d -> /home/andrepadilha/kalman_ws/install/kalman_1d/share/ament_index/resource_index/packages
copying package.xml -> /home/andrepadilha/kalman_ws/install/kalman_1d/share/kalman_1d
copying launch/turtlesim.launch.py -> /home/andrepadilha/kalman_ws/install/kalman_1d/share/kalman_1d
copying launch/turtlebot3.launch.py -> /home/andrepadilha/kalman_ws/install/kalman_1d/share/kalman_1d
running install_egg_info
Copying ../../build/kalman_1d/kalman_1d.egg-info to /home/andrepadilha/kalman_ws/install/kalman_1d/lib/python3.8/site-packages/kalman_1d-0.0.0-py3.8.egg-info
running install_scripts
writing list of installed files to '/home/andrepadilha/kalman_ws/build/kalman_1d/install.log'
