[0.752s] Invoking command in '/home/andrepadilha/kalman_ws/src/kalman_1d': PYTHONPATH=/home/andrepadilha/kalman_ws/install/kalman_1d/lib/python3.8/site-packages:${PYTHONPATH} /usr/bin/python3 setup.py egg_info --egg-base ../../build/kalman_1d build --build-base /home/andrepadilha/kalman_ws/build/kalman_1d/build install --prefix /home/andrepadilha/kalman_ws/install/kalman_1d --record /home/andrepadilha/kalman_ws/build/kalman_1d/install.log --single-version-externally-managed
[0.902s] running egg_info
[0.903s] creating ../../build/kalman_1d/kalman_1d.egg-info
[0.903s] writing ../../build/kalman_1d/kalman_1d.egg-info/PKG-INFO
[0.903s] writing dependency_links to ../../build/kalman_1d/kalman_1d.egg-info/dependency_links.txt
[0.903s] writing entry points to ../../build/kalman_1d/kalman_1d.egg-info/entry_points.txt
[0.903s] writing requirements to ../../build/kalman_1d/kalman_1d.egg-info/requires.txt
[0.903s] writing top-level names to ../../build/kalman_1d/kalman_1d.egg-info/top_level.txt
[0.904s] writing manifest file '../../build/kalman_1d/kalman_1d.egg-info/SOURCES.txt'
[0.927s] reading manifest file '../../build/kalman_1d/kalman_1d.egg-info/SOURCES.txt'
[0.927s] writing manifest file '../../build/kalman_1d/kalman_1d.egg-info/SOURCES.txt'
[0.927s] running build
[0.927s] running build_py
[0.927s] creating /home/andrepadilha/kalman_ws/build/kalman_1d/build
[0.928s] creating /home/andrepadilha/kalman_ws/build/kalman_1d/build/lib
[0.928s] creating /home/andrepadilha/kalman_ws/build/kalman_1d/build/lib/kalman_1d
[0.928s] copying kalman_1d/__init__.py -> /home/andrepadilha/kalman_ws/build/kalman_1d/build/lib/kalman_1d
[0.928s] running install
[0.928s] running install_lib
[0.929s] creating /home/andrepadilha/kalman_ws/install/kalman_1d/lib/python3.8/site-packages/kalman_1d
[0.929s] copying /home/andrepadilha/kalman_ws/build/kalman_1d/build/lib/kalman_1d/__init__.py -> /home/andrepadilha/kalman_ws/install/kalman_1d/lib/python3.8/site-packages/kalman_1d
[0.929s] byte-compiling /home/andrepadilha/kalman_ws/install/kalman_1d/lib/python3.8/site-packages/kalman_1d/__init__.py to __init__.cpython-38.pyc
[0.930s] running install_data
[0.930s] creating /home/andrepadilha/kalman_ws/install/kalman_1d/share/ament_index
[0.930s] creating /home/andrepadilha/kalman_ws/install/kalman_1d/share/ament_index/resource_index
[0.930s] creating /home/andrepadilha/kalman_ws/install/kalman_1d/share/ament_index/resource_index/packages
[0.930s] copying resource/kalman_1d -> /home/andrepadilha/kalman_ws/install/kalman_1d/share/ament_index/resource_index/packages
[0.930s] copying package.xml -> /home/andrepadilha/kalman_ws/install/kalman_1d/share/kalman_1d
[0.930s] copying launch/turtlesim.launch.py -> /home/andrepadilha/kalman_ws/install/kalman_1d/share/kalman_1d
[0.930s] copying launch/turtlebot3.launch.py -> /home/andrepadilha/kalman_ws/install/kalman_1d/share/kalman_1d
[0.930s] running install_egg_info
[0.931s] Copying ../../build/kalman_1d/kalman_1d.egg-info to /home/andrepadilha/kalman_ws/install/kalman_1d/lib/python3.8/site-packages/kalman_1d-0.0.0-py3.8.egg-info
[0.932s] running install_scripts
[0.943s] writing list of installed files to '/home/andrepadilha/kalman_ws/build/kalman_1d/install.log'
[0.965s] Invoked command in '/home/andrepadilha/kalman_ws/src/kalman_1d' returned '0': PYTHONPATH=/home/andrepadilha/kalman_ws/install/kalman_1d/lib/python3.8/site-packages:${PYTHONPATH} /usr/bin/python3 setup.py egg_info --egg-base ../../build/kalman_1d build --build-base /home/andrepadilha/kalman_ws/build/kalman_1d/build install --prefix /home/andrepadilha/kalman_ws/install/kalman_1d --record /home/andrepadilha/kalman_ws/build/kalman_1d/install.log --single-version-externally-managed
