[0.089s] DEBUG:colcon:Command line arguments: ['/usr/bin/colcon', 'build']
[0.089s] DEBUG:colcon:Parsed command line arguments: Namespace(allow_overriding=[], ament_cmake_args=None, base_paths=['.'], build_base='build', catkin_cmake_args=None, catkin_skip_building_tests=False, cmake_args=None, cmake_clean_cache=False, cmake_clean_first=False, cmake_force_configure=False, cmake_target=None, cmake_target_skip_unavailable=False, continue_on_error=False, event_handlers=None, executor='parallel', ignore_user_meta=False, install_base='install', log_base=None, log_level=None, main=<bound method BuildVerb.main of <colcon_core.verb.build.BuildVerb object at 0x7fd29c6c2a30>>, merge_install=False, metas=['./colcon.meta'], packages_above=None, packages_above_and_dependencies=None, packages_above_depth=None, packages_end=None, packages_ignore=None, packages_ignore_regex=None, packages_select=None, packages_select_build_failed=False, packages_select_by_dep=None, packages_select_regex=None, packages_select_test_failures=False, packages_skip=None, packages_skip_build_finished=False, packages_skip_by_dep=None, packages_skip_regex=None, packages_skip_test_passed=False, packages_skip_up_to=None, packages_start=None, packages_up_to=None, packages_up_to_regex=None, parallel_workers=16, paths=None, symlink_install=False, test_result_base=None, verb_extension=<colcon_core.verb.build.BuildVerb object at 0x7fd29c6c2a30>, verb_name='build', verb_parser=<colcon_defaults.argument_parser.defaults.DefaultArgumentsDecorator object at 0x7fd29c6c2fa0>)
[0.104s] Level 1:colcon.colcon_core.package_discovery:discover_packages(colcon_meta) check parameters
[0.104s] Level 1:colcon.colcon_core.package_discovery:discover_packages(recursive) check parameters
[0.104s] Level 1:colcon.colcon_core.package_discovery:discover_packages(ignore) check parameters
[0.104s] Level 1:colcon.colcon_core.package_discovery:discover_packages(path) check parameters
[0.104s] Level 1:colcon.colcon_core.package_discovery:discover_packages(colcon_meta) discover
[0.104s] Level 1:colcon.colcon_core.package_discovery:discover_packages(recursive) discover
[0.105s] INFO:colcon.colcon_core.package_discovery:Crawling recursively for packages in '/home/andrepadilha/kalman_ws'
[0.105s] Level 1:colcon.colcon_core.package_identification:_identify(.) by extensions ['ignore', 'ignore_ament_install']
[0.105s] Level 1:colcon.colcon_core.package_identification:_identify(.) by extension 'ignore'
[0.105s] Level 1:colcon.colcon_core.package_identification:_identify(.) by extension 'ignore_ament_install'
[0.105s] Level 1:colcon.colcon_core.package_identification:_identify(.) by extensions ['colcon_pkg']
[0.105s] Level 1:colcon.colcon_core.package_identification:_identify(.) by extension 'colcon_pkg'
[0.105s] Level 1:colcon.colcon_core.package_identification:_identify(.) by extensions ['colcon_meta']
[0.105s] Level 1:colcon.colcon_core.package_identification:_identify(.) by extension 'colcon_meta'
[0.105s] Level 1:colcon.colcon_core.package_identification:_identify(.) by extensions ['ros']
[0.105s] Level 1:colcon.colcon_core.package_identification:_identify(.) by extension 'ros'
[0.118s] Level 1:colcon.colcon_core.package_identification:_identify(.) by extensions ['cmake', 'python']
[0.118s] Level 1:colcon.colcon_core.package_identification:_identify(.) by extension 'cmake'
[0.118s] Level 1:colcon.colcon_core.package_identification:_identify(.) by extension 'python'
[0.118s] Level 1:colcon.colcon_core.package_identification:_identify(.) by extensions ['python_setup_py']
[0.118s] Level 1:colcon.colcon_core.package_identification:_identify(.) by extension 'python_setup_py'
[0.119s] Level 1:colcon.colcon_core.package_identification:_identify(build) by extensions ['ignore', 'ignore_ament_install']
[0.119s] Level 1:colcon.colcon_core.package_identification:_identify(build) by extension 'ignore'
[0.119s] Level 1:colcon.colcon_core.package_identification:_identify(build) ignored
[0.119s] Level 1:colcon.colcon_core.package_identification:_identify(install) by extensions ['ignore', 'ignore_ament_install']
[0.119s] Level 1:colcon.colcon_core.package_identification:_identify(install) by extension 'ignore'
[0.119s] Level 1:colcon.colcon_core.package_identification:_identify(install) ignored
[0.119s] Level 1:colcon.colcon_core.package_identification:_identify(log) by extensions ['ignore', 'ignore_ament_install']
[0.119s] Level 1:colcon.colcon_core.package_identification:_identify(log) by extension 'ignore'
[0.119s] Level 1:colcon.colcon_core.package_identification:_identify(log) ignored
[0.119s] Level 1:colcon.colcon_core.package_identification:_identify(src) by extensions ['ignore', 'ignore_ament_install']
[0.119s] Level 1:colcon.colcon_core.package_identification:_identify(src) by extension 'ignore'
[0.119s] Level 1:colcon.colcon_core.package_identification:_identify(src) by extension 'ignore_ament_install'
[0.119s] Level 1:colcon.colcon_core.package_identification:_identify(src) by extensions ['colcon_pkg']
[0.119s] Level 1:colcon.colcon_core.package_identification:_identify(src) by extension 'colcon_pkg'
[0.119s] Level 1:colcon.colcon_core.package_identification:_identify(src) by extensions ['colcon_meta']
[0.119s] Level 1:colcon.colcon_core.package_identification:_identify(src) by extension 'colcon_meta'
[0.119s] Level 1:colcon.colcon_core.package_identification:_identify(src) by extensions ['ros']
[0.119s] Level 1:colcon.colcon_core.package_identification:_identify(src) by extension 'ros'
[0.119s] Level 1:colcon.colcon_core.package_identification:_identify(src) by extensions ['cmake', 'python']
[0.119s] Level 1:colcon.colcon_core.package_identification:_identify(src) by extension 'cmake'
[0.119s] Level 1:colcon.colcon_core.package_identification:_identify(src) by extension 'python'
[0.119s] Level 1:colcon.colcon_core.package_identification:_identify(src) by extensions ['python_setup_py']
[0.119s] Level 1:colcon.colcon_core.package_identification:_identify(src) by extension 'python_setup_py'
[0.120s] Level 1:colcon.colcon_core.package_identification:_identify(src/kalman_1d) by extensions ['ignore', 'ignore_ament_install']
[0.120s] Level 1:colcon.colcon_core.package_identification:_identify(src/kalman_1d) by extension 'ignore'
[0.120s] Level 1:colcon.colcon_core.package_identification:_identify(src/kalman_1d) by extension 'ignore_ament_install'
[0.120s] Level 1:colcon.colcon_core.package_identification:_identify(src/kalman_1d) by extensions ['colcon_pkg']
[0.120s] Level 1:colcon.colcon_core.package_identification:_identify(src/kalman_1d) by extension 'colcon_pkg'
[0.120s] Level 1:colcon.colcon_core.package_identification:_identify(src/kalman_1d) by extensions ['colcon_meta']
[0.120s] Level 1:colcon.colcon_core.package_identification:_identify(src/kalman_1d) by extension 'colcon_meta'
[0.120s] Level 1:colcon.colcon_core.package_identification:_identify(src/kalman_1d) by extensions ['ros']
[0.120s] Level 1:colcon.colcon_core.package_identification:_identify(src/kalman_1d) by extension 'ros'
[0.121s] DEBUG:colcon.colcon_core.package_identification:Package 'src/kalman_1d' with type 'ros.ament_python' and name 'kalman_1d'
[0.121s] Level 1:colcon.colcon_core.package_identification:_identify(src/obstacles_3d) by extensions ['ignore', 'ignore_ament_install']
[0.122s] Level 1:colcon.colcon_core.package_identification:_identify(src/obstacles_3d) by extension 'ignore'
[0.122s] Level 1:colcon.colcon_core.package_identification:_identify(src/obstacles_3d) by extension 'ignore_ament_install'
[0.122s] Level 1:colcon.colcon_core.package_identification:_identify(src/obstacles_3d) by extensions ['colcon_pkg']
[0.122s] Level 1:colcon.colcon_core.package_identification:_identify(src/obstacles_3d) by extension 'colcon_pkg'
[0.122s] Level 1:colcon.colcon_core.package_identification:_identify(src/obstacles_3d) by extensions ['colcon_meta']
[0.122s] Level 1:colcon.colcon_core.package_identification:_identify(src/obstacles_3d) by extension 'colcon_meta'
[0.122s] Level 1:colcon.colcon_core.package_identification:_identify(src/obstacles_3d) by extensions ['ros']
[0.122s] Level 1:colcon.colcon_core.package_identification:_identify(src/obstacles_3d) by extension 'ros'
[0.122s] DEBUG:colcon.colcon_core.package_identification:Package 'src/obstacles_3d' with type 'ros.ament_python' and name 'obstacles_3d'
[0.122s] Level 1:colcon.colcon_core.package_discovery:discover_packages(recursive) using defaults
[0.122s] Level 1:colcon.colcon_core.package_discovery:discover_packages(ignore) discover
[0.122s] Level 1:colcon.colcon_core.package_discovery:discover_packages(ignore) using defaults
[0.122s] Level 1:colcon.colcon_core.package_discovery:discover_packages(path) discover
[0.122s] Level 1:colcon.colcon_core.package_discovery:discover_packages(path) using defaults
[0.139s] Level 1:colcon.colcon_core.package_discovery:discover_packages(prefix_path) check parameters
[0.139s] Level 1:colcon.colcon_core.package_discovery:discover_packages(prefix_path) discover
[0.141s] DEBUG:colcon.colcon_installed_package_information.package_discovery:Found 2 installed packages in /home/andrepadilha/kalman_ws/install
[0.141s] DEBUG:colcon.colcon_installed_package_information.package_discovery:Found 312 installed packages in /opt/ros/foxy
[0.143s] Level 1:colcon.colcon_core.package_discovery:discover_packages(prefix_path) using defaults
[0.192s] Level 5:colcon.colcon_core.verb:set package 'kalman_1d' build argument 'cmake_args' from command line to 'None'
[0.193s] Level 5:colcon.colcon_core.verb:set package 'kalman_1d' build argument 'cmake_target' from command line to 'None'
[0.193s] Level 5:colcon.colcon_core.verb:set package 'kalman_1d' build argument 'cmake_target_skip_unavailable' from command line to 'False'
[0.193s] Level 5:colcon.colcon_core.verb:set package 'kalman_1d' build argument 'cmake_clean_cache' from command line to 'False'
[0.193s] Level 5:colcon.colcon_core.verb:set package 'kalman_1d' build argument 'cmake_clean_first' from command line to 'False'
[0.193s] Level 5:colcon.colcon_core.verb:set package 'kalman_1d' build argument 'cmake_force_configure' from command line to 'False'
[0.193s] Level 5:colcon.colcon_core.verb:set package 'kalman_1d' build argument 'ament_cmake_args' from command line to 'None'
[0.193s] Level 5:colcon.colcon_core.verb:set package 'kalman_1d' build argument 'catkin_cmake_args' from command line to 'None'
[0.193s] Level 5:colcon.colcon_core.verb:set package 'kalman_1d' build argument 'catkin_skip_building_tests' from command line to 'False'
[0.193s] DEBUG:colcon.colcon_core.verb:Building package 'kalman_1d' with the following arguments: {'ament_cmake_args': None, 'build_base': '/home/andrepadilha/kalman_ws/build/kalman_1d', 'catkin_cmake_args': None, 'catkin_skip_building_tests': False, 'cmake_args': None, 'cmake_clean_cache': False, 'cmake_clean_first': False, 'cmake_force_configure': False, 'cmake_target': None, 'cmake_target_skip_unavailable': False, 'install_base': '/home/andrepadilha/kalman_ws/install/kalman_1d', 'merge_install': False, 'path': '/home/andrepadilha/kalman_ws/src/kalman_1d', 'symlink_install': False, 'test_result_base': None}
[0.193s] Level 5:colcon.colcon_core.verb:set package 'obstacles_3d' build argument 'cmake_args' from command line to 'None'
[0.193s] Level 5:colcon.colcon_core.verb:set package 'obstacles_3d' build argument 'cmake_target' from command line to 'None'
[0.193s] Level 5:colcon.colcon_core.verb:set package 'obstacles_3d' build argument 'cmake_target_skip_unavailable' from command line to 'False'
[0.193s] Level 5:colcon.colcon_core.verb:set package 'obstacles_3d' build argument 'cmake_clean_cache' from command line to 'False'
[0.193s] Level 5:colcon.colcon_core.verb:set package 'obstacles_3d' build argument 'cmake_clean_first' from command line to 'False'
[0.193s] Level 5:colcon.colcon_core.verb:set package 'obstacles_3d' build argument 'cmake_force_configure' from command line to 'False'
[0.193s] Level 5:colcon.colcon_core.verb:set package 'obstacles_3d' build argument 'ament_cmake_args' from command line to 'None'
[0.193s] Level 5:colcon.colcon_core.verb:set package 'obstacles_3d' build argument 'catkin_cmake_args' from command line to 'None'
[0.193s] Level 5:colcon.colcon_core.verb:set package 'obstacles_3d' build argument 'catkin_skip_building_tests' from command line to 'False'
[0.193s] DEBUG:colcon.colcon_core.verb:Building package 'obstacles_3d' with the following arguments: {'ament_cmake_args': None, 'build_base': '/home/andrepadilha/kalman_ws/build/obstacles_3d', 'catkin_cmake_args': None, 'catkin_skip_building_tests': False, 'cmake_args': None, 'cmake_clean_cache': False, 'cmake_clean_first': False, 'cmake_force_configure': False, 'cmake_target': None, 'cmake_target_skip_unavailable': False, 'install_base': '/home/andrepadilha/kalman_ws/install/obstacles_3d', 'merge_install': False, 'path': '/home/andrepadilha/kalman_ws/src/obstacles_3d', 'symlink_install': False, 'test_result_base': None}
[0.193s] INFO:colcon.colcon_core.executor:Executing jobs using 'parallel' executor
[0.195s] DEBUG:colcon.colcon_parallel_executor.executor.parallel:run_until_complete
[0.195s] INFO:colcon.colcon_ros.task.ament_python.build:Building ROS package in '/home/andrepadilha/kalman_ws/src/kalman_1d' with build type 'ament_python'
[0.195s] Level 1:colcon.colcon_core.shell:create_environment_hook('kalman_1d', 'ament_prefix_path')
[0.197s] INFO:colcon.colcon_core.plugin_system:Skipping extension 'colcon_core.shell.bat': Not used on non-Windows systems
[0.197s] INFO:colcon.colcon_core.shell:Creating environment hook '/home/andrepadilha/kalman_ws/install/kalman_1d/share/kalman_1d/hook/ament_prefix_path.ps1'
[0.198s] INFO:colcon.colcon_core.shell:Creating environment descriptor '/home/andrepadilha/kalman_ws/install/kalman_1d/share/kalman_1d/hook/ament_prefix_path.dsv'
[0.198s] INFO:colcon.colcon_core.shell:Creating environment hook '/home/andrepadilha/kalman_ws/install/kalman_1d/share/kalman_1d/hook/ament_prefix_path.sh'
[0.198s] INFO:colcon.colcon_core.shell:Skip shell extension 'powershell' for command environment: Not usable outside of PowerShell
[0.198s] DEBUG:colcon.colcon_core.shell:Skip shell extension 'dsv' for command environment
[0.202s] INFO:colcon.colcon_ros.task.ament_python.build:Building ROS package in '/home/andrepadilha/kalman_ws/src/obstacles_3d' with build type 'ament_python'
[0.202s] Level 1:colcon.colcon_core.shell:create_environment_hook('obstacles_3d', 'ament_prefix_path')
[0.202s] INFO:colcon.colcon_core.shell:Creating environment hook '/home/andrepadilha/kalman_ws/install/obstacles_3d/share/obstacles_3d/hook/ament_prefix_path.ps1'
[0.203s] INFO:colcon.colcon_core.shell:Creating environment descriptor '/home/andrepadilha/kalman_ws/install/obstacles_3d/share/obstacles_3d/hook/ament_prefix_path.dsv'
[0.203s] INFO:colcon.colcon_core.shell:Creating environment hook '/home/andrepadilha/kalman_ws/install/obstacles_3d/share/obstacles_3d/hook/ament_prefix_path.sh'
[0.204s] INFO:colcon.colcon_core.shell:Skip shell extension 'powershell' for command environment: Not usable outside of PowerShell
[0.204s] DEBUG:colcon.colcon_core.shell:Skip shell extension 'dsv' for command environment
[0.359s] INFO:colcon.colcon_core.task.python.build:Building Python package in '/home/andrepadilha/kalman_ws/src/kalman_1d'
[0.359s] INFO:colcon.colcon_core.shell:Skip shell extension 'powershell' for command environment: Not usable outside of PowerShell
[0.359s] DEBUG:colcon.colcon_core.shell:Skip shell extension 'dsv' for command environment
[0.513s] INFO:colcon.colcon_core.task.python.build:Building Python package in '/home/andrepadilha/kalman_ws/src/obstacles_3d'
[0.514s] INFO:colcon.colcon_core.shell:Skip shell extension 'powershell' for command environment: Not usable outside of PowerShell
[0.514s] DEBUG:colcon.colcon_core.shell:Skip shell extension 'dsv' for command environment
[0.794s] DEBUG:colcon.colcon_core.event_handler.log_command:Invoking command in '/home/andrepadilha/kalman_ws/src/obstacles_3d': PYTHONPATH=/home/andrepadilha/kalman_ws/install/obstacles_3d/lib/python3.8/site-packages:${PYTHONPATH} /usr/bin/python3 setup.py egg_info --egg-base ../../build/obstacles_3d build --build-base /home/andrepadilha/kalman_ws/build/obstacles_3d/build install --prefix /home/andrepadilha/kalman_ws/install/obstacles_3d --record /home/andrepadilha/kalman_ws/build/obstacles_3d/install.log --single-version-externally-managed
[0.799s] DEBUG:colcon.colcon_core.event_handler.log_command:Invoking command in '/home/andrepadilha/kalman_ws/src/kalman_1d': PYTHONPATH=/home/andrepadilha/kalman_ws/install/kalman_1d/lib/python3.8/site-packages:${PYTHONPATH} /usr/bin/python3 setup.py egg_info --egg-base ../../build/kalman_1d build --build-base /home/andrepadilha/kalman_ws/build/kalman_1d/build install --prefix /home/andrepadilha/kalman_ws/install/kalman_1d --record /home/andrepadilha/kalman_ws/build/kalman_1d/install.log --single-version-externally-managed
[0.994s] DEBUG:colcon.colcon_core.event_handler.log_command:Invoked command in '/home/andrepadilha/kalman_ws/src/obstacles_3d' returned '0': PYTHONPATH=/home/andrepadilha/kalman_ws/install/obstacles_3d/lib/python3.8/site-packages:${PYTHONPATH} /usr/bin/python3 setup.py egg_info --egg-base ../../build/obstacles_3d build --build-base /home/andrepadilha/kalman_ws/build/obstacles_3d/build install --prefix /home/andrepadilha/kalman_ws/install/obstacles_3d --record /home/andrepadilha/kalman_ws/build/obstacles_3d/install.log --single-version-externally-managed
[0.997s] Level 1:colcon.colcon_core.environment:checking '/home/andrepadilha/kalman_ws/install/obstacles_3d' for CMake module files
[0.997s] Level 1:colcon.colcon_core.environment:checking '/home/andrepadilha/kalman_ws/install/obstacles_3d' for CMake config files
[0.998s] Level 1:colcon.colcon_core.environment:checking '/home/andrepadilha/kalman_ws/install/obstacles_3d/lib'
[0.998s] Level 1:colcon.colcon_core.environment:checking '/home/andrepadilha/kalman_ws/install/obstacles_3d/bin'
[0.998s] Level 1:colcon.colcon_core.environment:checking '/home/andrepadilha/kalman_ws/install/obstacles_3d/lib/pkgconfig/obstacles_3d.pc'
[0.998s] Level 1:colcon.colcon_core.environment:checking '/home/andrepadilha/kalman_ws/install/obstacles_3d/lib/python3.8/site-packages'
[0.998s] Level 1:colcon.colcon_core.shell:create_environment_hook('obstacles_3d', 'pythonpath')
[0.998s] INFO:colcon.colcon_core.shell:Creating environment hook '/home/andrepadilha/kalman_ws/install/obstacles_3d/share/obstacles_3d/hook/pythonpath.ps1'
[0.999s] INFO:colcon.colcon_core.shell:Creating environment descriptor '/home/andrepadilha/kalman_ws/install/obstacles_3d/share/obstacles_3d/hook/pythonpath.dsv'
[0.999s] INFO:colcon.colcon_core.shell:Creating environment hook '/home/andrepadilha/kalman_ws/install/obstacles_3d/share/obstacles_3d/hook/pythonpath.sh'
[0.999s] Level 1:colcon.colcon_core.environment:checking '/home/andrepadilha/kalman_ws/install/obstacles_3d/bin'
[0.999s] Level 1:colcon.colcon_core.environment:create_environment_scripts_only(obstacles_3d)
[1.000s] INFO:colcon.colcon_core.shell:Creating package script '/home/andrepadilha/kalman_ws/install/obstacles_3d/share/obstacles_3d/package.ps1'
[1.000s] INFO:colcon.colcon_core.shell:Creating package descriptor '/home/andrepadilha/kalman_ws/install/obstacles_3d/share/obstacles_3d/package.dsv'
[1.000s] INFO:colcon.colcon_core.shell:Creating package script '/home/andrepadilha/kalman_ws/install/obstacles_3d/share/obstacles_3d/package.sh'
[1.001s] INFO:colcon.colcon_core.shell:Creating package script '/home/andrepadilha/kalman_ws/install/obstacles_3d/share/obstacles_3d/package.bash'
[1.001s] INFO:colcon.colcon_core.shell:Creating package script '/home/andrepadilha/kalman_ws/install/obstacles_3d/share/obstacles_3d/package.zsh'
[1.002s] Level 1:colcon.colcon_core.environment:create_file_with_runtime_dependencies(/home/andrepadilha/kalman_ws/install/obstacles_3d/share/colcon-core/packages/obstacles_3d)
[1.003s] Level 1:colcon.colcon_core.environment:checking '/home/andrepadilha/kalman_ws/install/kalman_1d' for CMake module files
[1.003s] DEBUG:colcon.colcon_core.event_handler.log_command:Invoked command in '/home/andrepadilha/kalman_ws/src/kalman_1d' returned '0': PYTHONPATH=/home/andrepadilha/kalman_ws/install/kalman_1d/lib/python3.8/site-packages:${PYTHONPATH} /usr/bin/python3 setup.py egg_info --egg-base ../../build/kalman_1d build --build-base /home/andrepadilha/kalman_ws/build/kalman_1d/build install --prefix /home/andrepadilha/kalman_ws/install/kalman_1d --record /home/andrepadilha/kalman_ws/build/kalman_1d/install.log --single-version-externally-managed
[1.004s] Level 1:colcon.colcon_core.environment:checking '/home/andrepadilha/kalman_ws/install/kalman_1d' for CMake config files
[1.004s] Level 1:colcon.colcon_core.environment:checking '/home/andrepadilha/kalman_ws/install/kalman_1d/lib'
[1.004s] Level 1:colcon.colcon_core.environment:checking '/home/andrepadilha/kalman_ws/install/kalman_1d/bin'
[1.004s] Level 1:colcon.colcon_core.environment:checking '/home/andrepadilha/kalman_ws/install/kalman_1d/lib/pkgconfig/kalman_1d.pc'
[1.004s] Level 1:colcon.colcon_core.environment:checking '/home/andrepadilha/kalman_ws/install/kalman_1d/lib/python3.8/site-packages'
[1.004s] Level 1:colcon.colcon_core.shell:create_environment_hook('kalman_1d', 'pythonpath')
[1.004s] INFO:colcon.colcon_core.shell:Creating environment hook '/home/andrepadilha/kalman_ws/install/kalman_1d/share/kalman_1d/hook/pythonpath.ps1'
[1.005s] INFO:colcon.colcon_core.shell:Creating environment descriptor '/home/andrepadilha/kalman_ws/install/kalman_1d/share/kalman_1d/hook/pythonpath.dsv'
[1.005s] INFO:colcon.colcon_core.shell:Creating environment hook '/home/andrepadilha/kalman_ws/install/kalman_1d/share/kalman_1d/hook/pythonpath.sh'
[1.005s] Level 1:colcon.colcon_core.environment:checking '/home/andrepadilha/kalman_ws/install/kalman_1d/bin'
[1.005s] Level 1:colcon.colcon_core.environment:create_environment_scripts_only(kalman_1d)
[1.006s] INFO:colcon.colcon_core.shell:Creating package script '/home/andrepadilha/kalman_ws/install/kalman_1d/share/kalman_1d/package.ps1'
[1.006s] INFO:colcon.colcon_core.shell:Creating package descriptor '/home/andrepadilha/kalman_ws/install/kalman_1d/share/kalman_1d/package.dsv'
[1.006s] INFO:colcon.colcon_core.shell:Creating package script '/home/andrepadilha/kalman_ws/install/kalman_1d/share/kalman_1d/package.sh'
[1.006s] INFO:colcon.colcon_core.shell:Creating package script '/home/andrepadilha/kalman_ws/install/kalman_1d/share/kalman_1d/package.bash'
[1.007s] INFO:colcon.colcon_core.shell:Creating package script '/home/andrepadilha/kalman_ws/install/kalman_1d/share/kalman_1d/package.zsh'
[1.007s] Level 1:colcon.colcon_core.environment:create_file_with_runtime_dependencies(/home/andrepadilha/kalman_ws/install/kalman_1d/share/colcon-core/packages/kalman_1d)
[1.007s] DEBUG:colcon.colcon_parallel_executor.executor.parallel:closing loop
[1.007s] DEBUG:colcon.colcon_parallel_executor.executor.parallel:loop closed
[1.007s] DEBUG:colcon.colcon_parallel_executor.executor.parallel:run_until_complete finished with '0'
[1.007s] DEBUG:colcon.colcon_core.event_reactor:joining thread
[1.012s] INFO:colcon.colcon_core.plugin_system:Skipping extension 'colcon_notification.desktop_notification.terminal_notifier': Not used on non-Darwin systems
[1.012s] INFO:colcon.colcon_core.plugin_system:Skipping extension 'colcon_notification.desktop_notification.win32': Not used on non-Windows systems
[1.012s] INFO:colcon.colcon_notification.desktop_notification:Sending desktop notification using 'notify2'
[1.020s] DEBUG:colcon.colcon_core.event_reactor:joined thread
[1.021s] INFO:colcon.colcon_core.shell:Creating prefix script '/home/andrepadilha/kalman_ws/install/local_setup.ps1'
[1.021s] INFO:colcon.colcon_core.shell:Creating prefix util module '/home/andrepadilha/kalman_ws/install/_local_setup_util_ps1.py'
[1.022s] INFO:colcon.colcon_core.shell:Creating prefix chain script '/home/andrepadilha/kalman_ws/install/setup.ps1'
[1.023s] INFO:colcon.colcon_core.shell:Creating prefix script '/home/andrepadilha/kalman_ws/install/local_setup.sh'
[1.023s] INFO:colcon.colcon_core.shell:Creating prefix util module '/home/andrepadilha/kalman_ws/install/_local_setup_util_sh.py'
[1.024s] INFO:colcon.colcon_core.shell:Creating prefix chain script '/home/andrepadilha/kalman_ws/install/setup.sh'
[1.025s] INFO:colcon.colcon_core.shell:Creating prefix script '/home/andrepadilha/kalman_ws/install/local_setup.bash'
[1.025s] INFO:colcon.colcon_core.shell:Creating prefix chain script '/home/andrepadilha/kalman_ws/install/setup.bash'
[1.026s] INFO:colcon.colcon_core.shell:Creating prefix script '/home/andrepadilha/kalman_ws/install/local_setup.zsh'
[1.026s] INFO:colcon.colcon_core.shell:Creating prefix chain script '/home/andrepadilha/kalman_ws/install/setup.zsh'
