[0.152s] DEBUG:colcon:Command line arguments: ['/usr/bin/colcon', 'build']
[0.152s] DEBUG:colcon:Parsed command line arguments: Namespace(allow_overriding=[], ament_cmake_args=None, base_paths=['.'], build_base='build', catkin_cmake_args=None, catkin_skip_building_tests=False, cmake_args=None, cmake_clean_cache=False, cmake_clean_first=False, cmake_force_configure=False, cmake_target=None, cmake_target_skip_unavailable=False, continue_on_error=False, event_handlers=None, executor='parallel', ignore_user_meta=False, install_base='install', log_base=None, log_level=None, main=<bound method BuildVerb.main of <colcon_core.verb.build.BuildVerb object at 0x7f40430f5520>>, merge_install=False, metas=['./colcon.meta'], packages_above=None, packages_above_and_dependencies=None, packages_above_depth=None, packages_end=None, packages_ignore=None, packages_ignore_regex=None, packages_select=None, packages_select_build_failed=False, packages_select_by_dep=None, packages_select_regex=None, packages_select_test_failures=False, packages_skip=None, packages_skip_build_finished=False, packages_skip_by_dep=None, packages_skip_regex=None, packages_skip_test_passed=False, packages_skip_up_to=None, packages_start=None, packages_up_to=None, packages_up_to_regex=None, parallel_workers=16, paths=None, symlink_install=False, test_result_base=None, verb_extension=<colcon_core.verb.build.BuildVerb object at 0x7f40430f5520>, verb_name='build', verb_parser=<colcon_defaults.argument_parser.defaults.DefaultArgumentsDecorator object at 0x7f40430f5a60>)
[0.181s] Level 1:colcon.colcon_core.package_discovery:discover_packages(colcon_meta) check parameters
[0.181s] Level 1:colcon.colcon_core.package_discovery:discover_packages(recursive) check parameters
[0.181s] Level 1:colcon.colcon_core.package_discovery:discover_packages(ignore) check parameters
[0.181s] Level 1:colcon.colcon_core.package_discovery:discover_packages(path) check parameters
[0.181s] Level 1:colcon.colcon_core.package_discovery:discover_packages(colcon_meta) discover
[0.181s] Level 1:colcon.colcon_core.package_discovery:discover_packages(recursive) discover
[0.181s] INFO:colcon.colcon_core.package_discovery:Crawling recursively for packages in '/home/andrepadilha/kalman_ws'
[0.181s] Level 1:colcon.colcon_core.package_identification:_identify(.) by extensions ['ignore', 'ignore_ament_install']
[0.181s] Level 1:colcon.colcon_core.package_identification:_identify(.) by extension 'ignore'
[0.181s] Level 1:colcon.colcon_core.package_identification:_identify(.) by extension 'ignore_ament_install'
[0.182s] Level 1:colcon.colcon_core.package_identification:_identify(.) by extensions ['colcon_pkg']
[0.182s] Level 1:colcon.colcon_core.package_identification:_identify(.) by extension 'colcon_pkg'
[0.182s] Level 1:colcon.colcon_core.package_identification:_identify(.) by extensions ['colcon_meta']
[0.182s] Level 1:colcon.colcon_core.package_identification:_identify(.) by extension 'colcon_meta'
[0.182s] Level 1:colcon.colcon_core.package_identification:_identify(.) by extensions ['ros']
[0.182s] Level 1:colcon.colcon_core.package_identification:_identify(.) by extension 'ros'
[0.196s] Level 1:colcon.colcon_core.package_identification:_identify(.) by extensions ['cmake', 'python']
[0.196s] Level 1:colcon.colcon_core.package_identification:_identify(.) by extension 'cmake'
[0.196s] Level 1:colcon.colcon_core.package_identification:_identify(.) by extension 'python'
[0.196s] Level 1:colcon.colcon_core.package_identification:_identify(.) by extensions ['python_setup_py']
[0.196s] Level 1:colcon.colcon_core.package_identification:_identify(.) by extension 'python_setup_py'
[0.196s] Level 1:colcon.colcon_core.package_identification:_identify(build) by extensions ['ignore', 'ignore_ament_install']
[0.196s] Level 1:colcon.colcon_core.package_identification:_identify(build) by extension 'ignore'
[0.196s] Level 1:colcon.colcon_core.package_identification:_identify(build) ignored
[0.196s] Level 1:colcon.colcon_core.package_identification:_identify(install) by extensions ['ignore', 'ignore_ament_install']
[0.196s] Level 1:colcon.colcon_core.package_identification:_identify(install) by extension 'ignore'
[0.196s] Level 1:colcon.colcon_core.package_identification:_identify(install) ignored
[0.196s] Level 1:colcon.colcon_core.package_identification:_identify(log) by extensions ['ignore', 'ignore_ament_install']
[0.196s] Level 1:colcon.colcon_core.package_identification:_identify(log) by extension 'ignore'
[0.196s] Level 1:colcon.colcon_core.package_identification:_identify(log) ignored
[0.197s] Level 1:colcon.colcon_core.package_identification:_identify(models) by extensions ['ignore', 'ignore_ament_install']
[0.197s] Level 1:colcon.colcon_core.package_identification:_identify(models) by extension 'ignore'
[0.197s] Level 1:colcon.colcon_core.package_identification:_identify(models) by extension 'ignore_ament_install'
[0.197s] Level 1:colcon.colcon_core.package_identification:_identify(models) by extensions ['colcon_pkg']
[0.197s] Level 1:colcon.colcon_core.package_identification:_identify(models) by extension 'colcon_pkg'
[0.197s] Level 1:colcon.colcon_core.package_identification:_identify(models) by extensions ['colcon_meta']
[0.197s] Level 1:colcon.colcon_core.package_identification:_identify(models) by extension 'colcon_meta'
[0.197s] Level 1:colcon.colcon_core.package_identification:_identify(models) by extensions ['ros']
[0.197s] Level 1:colcon.colcon_core.package_identification:_identify(models) by extension 'ros'
[0.197s] Level 1:colcon.colcon_core.package_identification:_identify(models) by extensions ['cmake', 'python']
[0.197s] Level 1:colcon.colcon_core.package_identification:_identify(models) by extension 'cmake'
[0.197s] Level 1:colcon.colcon_core.package_identification:_identify(models) by extension 'python'
[0.197s] Level 1:colcon.colcon_core.package_identification:_identify(models) by extensions ['python_setup_py']
[0.197s] Level 1:colcon.colcon_core.package_identification:_identify(models) by extension 'python_setup_py'
[0.197s] Level 1:colcon.colcon_core.package_identification:_identify(models/brick_box_3x1x3) by extensions ['ignore', 'ignore_ament_install']
[0.197s] Level 1:colcon.colcon_core.package_identification:_identify(models/brick_box_3x1x3) by extension 'ignore'
[0.197s] Level 1:colcon.colcon_core.package_identification:_identify(models/brick_box_3x1x3) by extension 'ignore_ament_install'
[0.197s] Level 1:colcon.colcon_core.package_identification:_identify(models/brick_box_3x1x3) by extensions ['colcon_pkg']
[0.197s] Level 1:colcon.colcon_core.package_identification:_identify(models/brick_box_3x1x3) by extension 'colcon_pkg'
[0.197s] Level 1:colcon.colcon_core.package_identification:_identify(models/brick_box_3x1x3) by extensions ['colcon_meta']
[0.197s] Level 1:colcon.colcon_core.package_identification:_identify(models/brick_box_3x1x3) by extension 'colcon_meta'
[0.197s] Level 1:colcon.colcon_core.package_identification:_identify(models/brick_box_3x1x3) by extensions ['ros']
[0.197s] Level 1:colcon.colcon_core.package_identification:_identify(models/brick_box_3x1x3) by extension 'ros'
[0.197s] Level 1:colcon.colcon_core.package_identification:_identify(models/brick_box_3x1x3) by extensions ['cmake', 'python']
[0.197s] Level 1:colcon.colcon_core.package_identification:_identify(models/brick_box_3x1x3) by extension 'cmake'
[0.197s] Level 1:colcon.colcon_core.package_identification:_identify(models/brick_box_3x1x3) by extension 'python'
[0.197s] Level 1:colcon.colcon_core.package_identification:_identify(models/brick_box_3x1x3) by extensions ['python_setup_py']
[0.197s] Level 1:colcon.colcon_core.package_identification:_identify(models/brick_box_3x1x3) by extension 'python_setup_py'
[0.198s] Level 1:colcon.colcon_core.package_identification:_identify(models/brick_box_3x1x3/materials) by extensions ['ignore', 'ignore_ament_install']
[0.198s] Level 1:colcon.colcon_core.package_identification:_identify(models/brick_box_3x1x3/materials) by extension 'ignore'
[0.198s] Level 1:colcon.colcon_core.package_identification:_identify(models/brick_box_3x1x3/materials) by extension 'ignore_ament_install'
[0.198s] Level 1:colcon.colcon_core.package_identification:_identify(models/brick_box_3x1x3/materials) by extensions ['colcon_pkg']
[0.198s] Level 1:colcon.colcon_core.package_identification:_identify(models/brick_box_3x1x3/materials) by extension 'colcon_pkg'
[0.198s] Level 1:colcon.colcon_core.package_identification:_identify(models/brick_box_3x1x3/materials) by extensions ['colcon_meta']
[0.198s] Level 1:colcon.colcon_core.package_identification:_identify(models/brick_box_3x1x3/materials) by extension 'colcon_meta'
[0.198s] Level 1:colcon.colcon_core.package_identification:_identify(models/brick_box_3x1x3/materials) by extensions ['ros']
[0.198s] Level 1:colcon.colcon_core.package_identification:_identify(models/brick_box_3x1x3/materials) by extension 'ros'
[0.198s] Level 1:colcon.colcon_core.package_identification:_identify(models/brick_box_3x1x3/materials) by extensions ['cmake', 'python']
[0.198s] Level 1:colcon.colcon_core.package_identification:_identify(models/brick_box_3x1x3/materials) by extension 'cmake'
[0.198s] Level 1:colcon.colcon_core.package_identification:_identify(models/brick_box_3x1x3/materials) by extension 'python'
[0.198s] Level 1:colcon.colcon_core.package_identification:_identify(models/brick_box_3x1x3/materials) by extensions ['python_setup_py']
[0.198s] Level 1:colcon.colcon_core.package_identification:_identify(models/brick_box_3x1x3/materials) by extension 'python_setup_py'
[0.198s] Level 1:colcon.colcon_core.package_identification:_identify(models/brick_box_3x1x3/materials/scripts) by extensions ['ignore', 'ignore_ament_install']
[0.198s] Level 1:colcon.colcon_core.package_identification:_identify(models/brick_box_3x1x3/materials/scripts) by extension 'ignore'
[0.198s] Level 1:colcon.colcon_core.package_identification:_identify(models/brick_box_3x1x3/materials/scripts) by extension 'ignore_ament_install'
[0.198s] Level 1:colcon.colcon_core.package_identification:_identify(models/brick_box_3x1x3/materials/scripts) by extensions ['colcon_pkg']
[0.198s] Level 1:colcon.colcon_core.package_identification:_identify(models/brick_box_3x1x3/materials/scripts) by extension 'colcon_pkg'
[0.198s] Level 1:colcon.colcon_core.package_identification:_identify(models/brick_box_3x1x3/materials/scripts) by extensions ['colcon_meta']
[0.198s] Level 1:colcon.colcon_core.package_identification:_identify(models/brick_box_3x1x3/materials/scripts) by extension 'colcon_meta'
[0.198s] Level 1:colcon.colcon_core.package_identification:_identify(models/brick_box_3x1x3/materials/scripts) by extensions ['ros']
[0.198s] Level 1:colcon.colcon_core.package_identification:_identify(models/brick_box_3x1x3/materials/scripts) by extension 'ros'
[0.198s] Level 1:colcon.colcon_core.package_identification:_identify(models/brick_box_3x1x3/materials/scripts) by extensions ['cmake', 'python']
[0.198s] Level 1:colcon.colcon_core.package_identification:_identify(models/brick_box_3x1x3/materials/scripts) by extension 'cmake'
[0.198s] Level 1:colcon.colcon_core.package_identification:_identify(models/brick_box_3x1x3/materials/scripts) by extension 'python'
[0.198s] Level 1:colcon.colcon_core.package_identification:_identify(models/brick_box_3x1x3/materials/scripts) by extensions ['python_setup_py']
[0.199s] Level 1:colcon.colcon_core.package_identification:_identify(models/brick_box_3x1x3/materials/scripts) by extension 'python_setup_py'
[0.199s] Level 1:colcon.colcon_core.package_identification:_identify(models/brick_box_3x1x3/materials/textures) by extensions ['ignore', 'ignore_ament_install']
[0.199s] Level 1:colcon.colcon_core.package_identification:_identify(models/brick_box_3x1x3/materials/textures) by extension 'ignore'
[0.199s] Level 1:colcon.colcon_core.package_identification:_identify(models/brick_box_3x1x3/materials/textures) by extension 'ignore_ament_install'
[0.199s] Level 1:colcon.colcon_core.package_identification:_identify(models/brick_box_3x1x3/materials/textures) by extensions ['colcon_pkg']
[0.199s] Level 1:colcon.colcon_core.package_identification:_identify(models/brick_box_3x1x3/materials/textures) by extension 'colcon_pkg'
[0.199s] Level 1:colcon.colcon_core.package_identification:_identify(models/brick_box_3x1x3/materials/textures) by extensions ['colcon_meta']
[0.199s] Level 1:colcon.colcon_core.package_identification:_identify(models/brick_box_3x1x3/materials/textures) by extension 'colcon_meta'
[0.199s] Level 1:colcon.colcon_core.package_identification:_identify(models/brick_box_3x1x3/materials/textures) by extensions ['ros']
[0.199s] Level 1:colcon.colcon_core.package_identification:_identify(models/brick_box_3x1x3/materials/textures) by extension 'ros'
[0.199s] Level 1:colcon.colcon_core.package_identification:_identify(models/brick_box_3x1x3/materials/textures) by extensions ['cmake', 'python']
[0.199s] Level 1:colcon.colcon_core.package_identification:_identify(models/brick_box_3x1x3/materials/textures) by extension 'cmake'
[0.199s] Level 1:colcon.colcon_core.package_identification:_identify(models/brick_box_3x1x3/materials/textures) by extension 'python'
[0.199s] Level 1:colcon.colcon_core.package_identification:_identify(models/brick_box_3x1x3/materials/textures) by extensions ['python_setup_py']
[0.199s] Level 1:colcon.colcon_core.package_identification:_identify(models/brick_box_3x1x3/materials/textures) by extension 'python_setup_py'
[0.199s] Level 1:colcon.colcon_core.package_identification:_identify(models/brick_box_3x1x3/meshes) by extensions ['ignore', 'ignore_ament_install']
[0.199s] Level 1:colcon.colcon_core.package_identification:_identify(models/brick_box_3x1x3/meshes) by extension 'ignore'
[0.199s] Level 1:colcon.colcon_core.package_identification:_identify(models/brick_box_3x1x3/meshes) by extension 'ignore_ament_install'
[0.199s] Level 1:colcon.colcon_core.package_identification:_identify(models/brick_box_3x1x3/meshes) by extensions ['colcon_pkg']
[0.199s] Level 1:colcon.colcon_core.package_identification:_identify(models/brick_box_3x1x3/meshes) by extension 'colcon_pkg'
[0.199s] Level 1:colcon.colcon_core.package_identification:_identify(models/brick_box_3x1x3/meshes) by extensions ['colcon_meta']
[0.199s] Level 1:colcon.colcon_core.package_identification:_identify(models/brick_box_3x1x3/meshes) by extension 'colcon_meta'
[0.199s] Level 1:colcon.colcon_core.package_identification:_identify(models/brick_box_3x1x3/meshes) by extensions ['ros']
[0.199s] Level 1:colcon.colcon_core.package_identification:_identify(models/brick_box_3x1x3/meshes) by extension 'ros'
[0.199s] Level 1:colcon.colcon_core.package_identification:_identify(models/brick_box_3x1x3/meshes) by extensions ['cmake', 'python']
[0.199s] Level 1:colcon.colcon_core.package_identification:_identify(models/brick_box_3x1x3/meshes) by extension 'cmake'
[0.199s] Level 1:colcon.colcon_core.package_identification:_identify(models/brick_box_3x1x3/meshes) by extension 'python'
[0.200s] Level 1:colcon.colcon_core.package_identification:_identify(models/brick_box_3x1x3/meshes) by extensions ['python_setup_py']
[0.200s] Level 1:colcon.colcon_core.package_identification:_identify(models/brick_box_3x1x3/meshes) by extension 'python_setup_py'
[0.200s] Level 1:colcon.colcon_core.package_identification:_identify(src) by extensions ['ignore', 'ignore_ament_install']
[0.200s] Level 1:colcon.colcon_core.package_identification:_identify(src) by extension 'ignore'
[0.200s] Level 1:colcon.colcon_core.package_identification:_identify(src) by extension 'ignore_ament_install'
[0.200s] Level 1:colcon.colcon_core.package_identification:_identify(src) by extensions ['colcon_pkg']
[0.200s] Level 1:colcon.colcon_core.package_identification:_identify(src) by extension 'colcon_pkg'
[0.200s] Level 1:colcon.colcon_core.package_identification:_identify(src) by extensions ['colcon_meta']
[0.200s] Level 1:colcon.colcon_core.package_identification:_identify(src) by extension 'colcon_meta'
[0.200s] Level 1:colcon.colcon_core.package_identification:_identify(src) by extensions ['ros']
[0.200s] Level 1:colcon.colcon_core.package_identification:_identify(src) by extension 'ros'
[0.200s] Level 1:colcon.colcon_core.package_identification:_identify(src) by extensions ['cmake', 'python']
[0.200s] Level 1:colcon.colcon_core.package_identification:_identify(src) by extension 'cmake'
[0.200s] Level 1:colcon.colcon_core.package_identification:_identify(src) by extension 'python'
[0.200s] Level 1:colcon.colcon_core.package_identification:_identify(src) by extensions ['python_setup_py']
[0.200s] Level 1:colcon.colcon_core.package_identification:_identify(src) by extension 'python_setup_py'
[0.200s] Level 1:colcon.colcon_core.package_identification:_identify(src/kalman_1d) by extensions ['ignore', 'ignore_ament_install']
[0.200s] Level 1:colcon.colcon_core.package_identification:_identify(src/kalman_1d) by extension 'ignore'
[0.200s] Level 1:colcon.colcon_core.package_identification:_identify(src/kalman_1d) by extension 'ignore_ament_install'
[0.200s] Level 1:colcon.colcon_core.package_identification:_identify(src/kalman_1d) by extensions ['colcon_pkg']
[0.200s] Level 1:colcon.colcon_core.package_identification:_identify(src/kalman_1d) by extension 'colcon_pkg'
[0.200s] Level 1:colcon.colcon_core.package_identification:_identify(src/kalman_1d) by extensions ['colcon_meta']
[0.200s] Level 1:colcon.colcon_core.package_identification:_identify(src/kalman_1d) by extension 'colcon_meta'
[0.200s] Level 1:colcon.colcon_core.package_identification:_identify(src/kalman_1d) by extensions ['ros']
[0.200s] Level 1:colcon.colcon_core.package_identification:_identify(src/kalman_1d) by extension 'ros'
[0.202s] DEBUG:colcon.colcon_core.package_identification:Package 'src/kalman_1d' with type 'ros.ament_python' and name 'kalman_1d'
[0.202s] Level 1:colcon.colcon_core.package_discovery:discover_packages(recursive) using defaults
[0.202s] Level 1:colcon.colcon_core.package_discovery:discover_packages(ignore) discover
[0.202s] Level 1:colcon.colcon_core.package_discovery:discover_packages(ignore) using defaults
[0.202s] Level 1:colcon.colcon_core.package_discovery:discover_packages(path) discover
[0.202s] Level 1:colcon.colcon_core.package_discovery:discover_packages(path) using defaults
[0.232s] Level 1:colcon.colcon_core.package_discovery:discover_packages(prefix_path) check parameters
[0.232s] Level 1:colcon.colcon_core.package_discovery:discover_packages(prefix_path) discover
[0.241s] DEBUG:colcon.colcon_installed_package_information.package_discovery:Found 1 installed packages in /home/andrepadilha/kalman_ws/install
[0.247s] DEBUG:colcon.colcon_installed_package_information.package_discovery:Found 340 installed packages in /home/andrepadilha/ros2_humble/install
[0.248s] Level 1:colcon.colcon_core.package_discovery:discover_packages(prefix_path) using defaults
[0.264s] Level 5:colcon.colcon_core.verb:set package 'kalman_1d' build argument 'cmake_args' from command line to 'None'
[0.264s] Level 5:colcon.colcon_core.verb:set package 'kalman_1d' build argument 'cmake_target' from command line to 'None'
[0.264s] Level 5:colcon.colcon_core.verb:set package 'kalman_1d' build argument 'cmake_target_skip_unavailable' from command line to 'False'
[0.264s] Level 5:colcon.colcon_core.verb:set package 'kalman_1d' build argument 'cmake_clean_cache' from command line to 'False'
[0.264s] Level 5:colcon.colcon_core.verb:set package 'kalman_1d' build argument 'cmake_clean_first' from command line to 'False'
[0.264s] Level 5:colcon.colcon_core.verb:set package 'kalman_1d' build argument 'cmake_force_configure' from command line to 'False'
[0.264s] Level 5:colcon.colcon_core.verb:set package 'kalman_1d' build argument 'ament_cmake_args' from command line to 'None'
[0.264s] Level 5:colcon.colcon_core.verb:set package 'kalman_1d' build argument 'catkin_cmake_args' from command line to 'None'
[0.264s] Level 5:colcon.colcon_core.verb:set package 'kalman_1d' build argument 'catkin_skip_building_tests' from command line to 'False'
[0.264s] DEBUG:colcon.colcon_core.verb:Building package 'kalman_1d' with the following arguments: {'ament_cmake_args': None, 'build_base': '/home/andrepadilha/kalman_ws/build/kalman_1d', 'catkin_cmake_args': None, 'catkin_skip_building_tests': False, 'cmake_args': None, 'cmake_clean_cache': False, 'cmake_clean_first': False, 'cmake_force_configure': False, 'cmake_target': None, 'cmake_target_skip_unavailable': False, 'install_base': '/home/andrepadilha/kalman_ws/install/kalman_1d', 'merge_install': False, 'path': '/home/andrepadilha/kalman_ws/src/kalman_1d', 'symlink_install': False, 'test_result_base': None}
[0.265s] INFO:colcon.colcon_core.executor:Executing jobs using 'parallel' executor
[0.266s] DEBUG:colcon.colcon_parallel_executor.executor.parallel:run_until_complete
[0.267s] INFO:colcon.colcon_ros.task.ament_python.build:Building ROS package in '/home/andrepadilha/kalman_ws/src/kalman_1d' with build type 'ament_python'
[0.267s] Level 1:colcon.colcon_core.shell:create_environment_hook('kalman_1d', 'ament_prefix_path')
[0.271s] INFO:colcon.colcon_core.plugin_system:Skipping extension 'colcon_core.shell.bat': Not used on non-Windows systems
[0.272s] INFO:colcon.colcon_core.shell:Creating environment hook '/home/andrepadilha/kalman_ws/install/kalman_1d/share/kalman_1d/hook/ament_prefix_path.ps1'
[0.272s] INFO:colcon.colcon_core.shell:Creating environment descriptor '/home/andrepadilha/kalman_ws/install/kalman_1d/share/kalman_1d/hook/ament_prefix_path.dsv'
[0.272s] INFO:colcon.colcon_core.shell:Creating environment hook '/home/andrepadilha/kalman_ws/install/kalman_1d/share/kalman_1d/hook/ament_prefix_path.sh'
[0.273s] INFO:colcon.colcon_core.shell:Skip shell extension 'powershell' for command environment: Not usable outside of PowerShell
[0.273s] DEBUG:colcon.colcon_core.shell:Skip shell extension 'dsv' for command environment
[0.818s] INFO:colcon.colcon_core.task.python.build:Building Python package in '/home/andrepadilha/kalman_ws/src/kalman_1d'
[0.819s] INFO:colcon.colcon_core.shell:Skip shell extension 'powershell' for command environment: Not usable outside of PowerShell
[0.819s] DEBUG:colcon.colcon_core.shell:Skip shell extension 'dsv' for command environment
[1.535s] DEBUG:colcon.colcon_core.event_handler.log_command:Invoking command in '/home/andrepadilha/kalman_ws/src/kalman_1d': PYTHONPATH=/home/andrepadilha/kalman_ws/install/kalman_1d/lib/python3.8/site-packages:${PYTHONPATH} /usr/bin/python3 setup.py egg_info --egg-base ../../build/kalman_1d build --build-base /home/andrepadilha/kalman_ws/build/kalman_1d/build install --prefix /home/andrepadilha/kalman_ws/install/kalman_1d --record /home/andrepadilha/kalman_ws/build/kalman_1d/install.log --single-version-externally-managed
[2.123s] DEBUG:colcon.colcon_core.event_handler.log_command:Invoked command in '/home/andrepadilha/kalman_ws/src/kalman_1d' returned '0': PYTHONPATH=/home/andrepadilha/kalman_ws/install/kalman_1d/lib/python3.8/site-packages:${PYTHONPATH} /usr/bin/python3 setup.py egg_info --egg-base ../../build/kalman_1d build --build-base /home/andrepadilha/kalman_ws/build/kalman_1d/build install --prefix /home/andrepadilha/kalman_ws/install/kalman_1d --record /home/andrepadilha/kalman_ws/build/kalman_1d/install.log --single-version-externally-managed
[2.128s] Level 1:colcon.colcon_core.environment:checking '/home/andrepadilha/kalman_ws/install/kalman_1d' for CMake module files
[2.128s] Level 1:colcon.colcon_core.environment:checking '/home/andrepadilha/kalman_ws/install/kalman_1d' for CMake config files
[2.129s] Level 1:colcon.colcon_core.environment:checking '/home/andrepadilha/kalman_ws/install/kalman_1d/lib'
[2.129s] Level 1:colcon.colcon_core.environment:checking '/home/andrepadilha/kalman_ws/install/kalman_1d/bin'
[2.129s] Level 1:colcon.colcon_core.environment:checking '/home/andrepadilha/kalman_ws/install/kalman_1d/lib/pkgconfig/kalman_1d.pc'
[2.129s] Level 1:colcon.colcon_core.environment:checking '/home/andrepadilha/kalman_ws/install/kalman_1d/lib/python3.8/site-packages'
[2.129s] Level 1:colcon.colcon_core.shell:create_environment_hook('kalman_1d', 'pythonpath')
[2.130s] INFO:colcon.colcon_core.shell:Creating environment hook '/home/andrepadilha/kalman_ws/install/kalman_1d/share/kalman_1d/hook/pythonpath.ps1'
[2.130s] INFO:colcon.colcon_core.shell:Creating environment descriptor '/home/andrepadilha/kalman_ws/install/kalman_1d/share/kalman_1d/hook/pythonpath.dsv'
[2.130s] INFO:colcon.colcon_core.shell:Creating environment hook '/home/andrepadilha/kalman_ws/install/kalman_1d/share/kalman_1d/hook/pythonpath.sh'
[2.130s] Level 1:colcon.colcon_core.environment:checking '/home/andrepadilha/kalman_ws/install/kalman_1d/bin'
[2.130s] Level 1:colcon.colcon_core.environment:create_environment_scripts_only(kalman_1d)
[2.131s] INFO:colcon.colcon_core.shell:Creating package script '/home/andrepadilha/kalman_ws/install/kalman_1d/share/kalman_1d/package.ps1'
[2.131s] INFO:colcon.colcon_core.shell:Creating package descriptor '/home/andrepadilha/kalman_ws/install/kalman_1d/share/kalman_1d/package.dsv'
[2.132s] INFO:colcon.colcon_core.shell:Creating package script '/home/andrepadilha/kalman_ws/install/kalman_1d/share/kalman_1d/package.sh'
[2.132s] INFO:colcon.colcon_core.shell:Creating package script '/home/andrepadilha/kalman_ws/install/kalman_1d/share/kalman_1d/package.bash'
[2.133s] INFO:colcon.colcon_core.shell:Creating package script '/home/andrepadilha/kalman_ws/install/kalman_1d/share/kalman_1d/package.zsh'
[2.133s] Level 1:colcon.colcon_core.environment:create_file_with_runtime_dependencies(/home/andrepadilha/kalman_ws/install/kalman_1d/share/colcon-core/packages/kalman_1d)
[2.133s] DEBUG:colcon.colcon_parallel_executor.executor.parallel:closing loop
[2.133s] DEBUG:colcon.colcon_parallel_executor.executor.parallel:loop closed
[2.133s] DEBUG:colcon.colcon_parallel_executor.executor.parallel:run_until_complete finished with '0'
[2.133s] DEBUG:colcon.colcon_core.event_reactor:joining thread
[2.142s] INFO:colcon.colcon_core.plugin_system:Skipping extension 'colcon_notification.desktop_notification.terminal_notifier': Not used on non-Darwin systems
[2.142s] INFO:colcon.colcon_core.plugin_system:Skipping extension 'colcon_notification.desktop_notification.win32': Not used on non-Windows systems
[2.142s] INFO:colcon.colcon_notification.desktop_notification:Sending desktop notification using 'notify2'
[2.154s] DEBUG:colcon.colcon_core.event_reactor:joined thread
[2.154s] INFO:colcon.colcon_core.shell:Creating prefix script '/home/andrepadilha/kalman_ws/install/local_setup.ps1'
[2.155s] INFO:colcon.colcon_core.shell:Creating prefix util module '/home/andrepadilha/kalman_ws/install/_local_setup_util_ps1.py'
[2.156s] INFO:colcon.colcon_core.shell:Creating prefix chain script '/home/andrepadilha/kalman_ws/install/setup.ps1'
[2.164s] INFO:colcon.colcon_core.shell:Creating prefix script '/home/andrepadilha/kalman_ws/install/local_setup.sh'
[2.165s] INFO:colcon.colcon_core.shell:Creating prefix util module '/home/andrepadilha/kalman_ws/install/_local_setup_util_sh.py'
[2.165s] INFO:colcon.colcon_core.shell:Creating prefix chain script '/home/andrepadilha/kalman_ws/install/setup.sh'
[2.173s] INFO:colcon.colcon_core.shell:Creating prefix script '/home/andrepadilha/kalman_ws/install/local_setup.bash'
[2.173s] INFO:colcon.colcon_core.shell:Creating prefix chain script '/home/andrepadilha/kalman_ws/install/setup.bash'
[2.182s] INFO:colcon.colcon_core.shell:Creating prefix script '/home/andrepadilha/kalman_ws/install/local_setup.zsh'
[2.182s] INFO:colcon.colcon_core.shell:Creating prefix chain script '/home/andrepadilha/kalman_ws/install/setup.zsh'
