[7.041s] Invoking command in '/home/andrejpadilha/kalman_ws/src/kalman_1d': PYTHONPATH=/home/andrejpadilha/kalman_ws/install/kalman_1d/lib/python3.8/site-packages:${PYTHONPATH} /usr/bin/python3 setup.py egg_info --egg-base ../../build/kalman_1d build --build-base /home/andrejpadilha/kalman_ws/build/kalman_1d/build install --prefix /home/andrejpadilha/kalman_ws/install/kalman_1d --record /home/andrejpadilha/kalman_ws/build/kalman_1d/install.log --single-version-externally-managed
[7.996s] /home/andrejpadilha/.local/lib/python3.8/site-packages/setuptools/dist.py:772: UserWarning: Usage of dash-separated 'script-dir' will not be supported in future versions. Please use the underscore name 'script_dir' instead
[7.996s]   warnings.warn(
[7.996s] /home/andrejpadilha/.local/lib/python3.8/site-packages/setuptools/dist.py:772: UserWarning: Usage of dash-separated 'install-scripts' will not be supported in future versions. Please use the underscore name 'install_scripts' instead
[7.997s]   warnings.warn(
[10.002s] running egg_info
[10.215s] writing ../../build/kalman_1d/kalman_1d.egg-info/PKG-INFO
[10.380s] writing dependency_links to ../../build/kalman_1d/kalman_1d.egg-info/dependency_links.txt
[10.867s] writing entry points to ../../build/kalman_1d/kalman_1d.egg-info/entry_points.txt
[11.175s] writing requirements to ../../build/kalman_1d/kalman_1d.egg-info/requires.txt
[11.334s] writing top-level names to ../../build/kalman_1d/kalman_1d.egg-info/top_level.txt
[11.566s] reading manifest file '../../build/kalman_1d/kalman_1d.egg-info/SOURCES.txt'
[11.568s] writing manifest file '../../build/kalman_1d/kalman_1d.egg-info/SOURCES.txt'
[11.568s] running build
[11.568s] running build_py
[11.570s] running install
[11.571s] /home/andrejpadilha/.local/lib/python3.8/site-packages/setuptools/command/install.py:34: SetuptoolsDeprecationWarning: setup.py install is deprecated. Use build and pip and other standards-based tools.
[11.571s]   warnings.warn(
[11.591s] running install_lib
[11.853s] byte-compiling /home/andrejpadilha/kalman_ws/install/kalman_1d/lib/python3.8/site-packages/kalman_1d/teleport_service (copy).py to teleport_service (copy).cpython-38.pyc
[11.855s]   File "/home/andrejpadilha/kalman_ws/install/kalman_1d/lib/python3.8/site-packages/kalman_1d/teleport_service (copy).py", line 52
[11.855s]     except rospy.ServiceException, e:
[11.855s]                                  ^
[11.856s] SyntaxError: invalid syntax
[11.856s] 
[11.857s] byte-compiling /home/andrejpadilha/kalman_ws/install/kalman_1d/lib/python3.8/site-packages/kalman_1d/teleport_service.py to teleport_service.cpython-38.pyc
[11.857s]   File "/home/andrejpadilha/kalman_ws/install/kalman_1d/lib/python3.8/site-packages/kalman_1d/teleport_service.py", line 52
[11.857s]     except rospy.ServiceException, e:
[11.857s]                                  ^
[11.857s] SyntaxError: invalid syntax
[11.858s] 
[11.858s] running install_data
[11.894s] copying launch/main.launch.py -> /home/andrejpadilha/kalman_ws/install/kalman_1d/share/kalman_1d
[11.894s] running install_egg_info
[12.094s] removing '/home/andrejpadilha/kalman_ws/install/kalman_1d/lib/python3.8/site-packages/kalman_1d-0.0.0-py3.8.egg-info' (and everything under it)
[12.095s] Copying ../../build/kalman_1d/kalman_1d.egg-info to /home/andrejpadilha/kalman_ws/install/kalman_1d/lib/python3.8/site-packages/kalman_1d-0.0.0-py3.8.egg-info
[12.097s] running install_scripts
[12.457s] Installing teleport_service script to /home/andrejpadilha/kalman_ws/install/kalman_1d/lib/kalman_1d
[12.457s] Installing turtlebot3_move script to /home/andrejpadilha/kalman_ws/install/kalman_1d/lib/kalman_1d
[12.459s] writing list of installed files to '/home/andrejpadilha/kalman_ws/build/kalman_1d/install.log'
[12.654s] Invoked command in '/home/andrejpadilha/kalman_ws/src/kalman_1d' returned '0': PYTHONPATH=/home/andrejpadilha/kalman_ws/install/kalman_1d/lib/python3.8/site-packages:${PYTHONPATH} /usr/bin/python3 setup.py egg_info --egg-base ../../build/kalman_1d build --build-base /home/andrejpadilha/kalman_ws/build/kalman_1d/build install --prefix /home/andrejpadilha/kalman_ws/install/kalman_1d --record /home/andrejpadilha/kalman_ws/build/kalman_1d/install.log --single-version-externally-managed
