[0.595s] Invoking command in '/home/andrepadilha/kalman_ws/src/kalman_1d': PYTHONPATH=/home/andrepadilha/kalman_ws/install/kalman_1d/lib/python3.8/site-packages:${PYTHONPATH} /usr/bin/python3 setup.py egg_info --egg-base ../../build/kalman_1d build --build-base /home/andrepadilha/kalman_ws/build/kalman_1d/build install --prefix /home/andrepadilha/kalman_ws/install/kalman_1d --record /home/andrepadilha/kalman_ws/build/kalman_1d/install.log --single-version-externally-managed
[0.739s] running egg_info
[0.740s] writing ../../build/kalman_1d/kalman_1d.egg-info/PKG-INFO
[0.740s] writing dependency_links to ../../build/kalman_1d/kalman_1d.egg-info/dependency_links.txt
[0.740s] writing entry points to ../../build/kalman_1d/kalman_1d.egg-info/entry_points.txt
[0.740s] writing requirements to ../../build/kalman_1d/kalman_1d.egg-info/requires.txt
[0.740s] writing top-level names to ../../build/kalman_1d/kalman_1d.egg-info/top_level.txt
[0.764s] reading manifest file '../../build/kalman_1d/kalman_1d.egg-info/SOURCES.txt'
[0.764s] writing manifest file '../../build/kalman_1d/kalman_1d.egg-info/SOURCES.txt'
[0.764s] running build
[0.764s] running build_py
[0.764s] running install
[0.765s] running install_lib
[0.766s] byte-compiling /home/andrepadilha/kalman_ws/install/kalman_1d/lib/python3.8/site-packages/kalman_1d/teleport_service.py to teleport_service.cpython-38.pyc
[0.767s]   File "/home/andrepadilha/kalman_ws/install/kalman_1d/lib/python3.8/site-packages/kalman_1d/teleport_service.py", line 52
[0.767s]     except rospy.ServiceException, e:
[0.767s]                                  ^
[0.767s] SyntaxError: invalid syntax
[0.767s] 
[0.767s] byte-compiling /home/andrepadilha/kalman_ws/install/kalman_1d/lib/python3.8/site-packages/kalman_1d/teleport_service (copy).py to teleport_service (copy).cpython-38.pyc
[0.767s] running install_data
[0.767s]   File "/home/andrepadilha/kalman_ws/install/kalman_1d/lib/python3.8/site-packages/kalman_1d/teleport_service (copy).py", line 52
[0.767s]     except rospy.ServiceException, e:
[0.767s]                                  ^
[0.767s] SyntaxError: invalid syntax
[0.768s] 
[0.768s] copying launch/main.launch.py -> /home/andrepadilha/kalman_ws/install/kalman_1d/share/kalman_1d
[0.768s] running install_egg_info
[0.768s] removing '/home/andrepadilha/kalman_ws/install/kalman_1d/lib/python3.8/site-packages/kalman_1d-0.0.0-py3.8.egg-info' (and everything under it)
[0.768s] Copying ../../build/kalman_1d/kalman_1d.egg-info to /home/andrepadilha/kalman_ws/install/kalman_1d/lib/python3.8/site-packages/kalman_1d-0.0.0-py3.8.egg-info
[0.769s] running install_scripts
[0.780s] Installing teleport_service script to /home/andrepadilha/kalman_ws/install/kalman_1d/lib/kalman_1d
[0.780s] Installing turtlebot3_move script to /home/andrepadilha/kalman_ws/install/kalman_1d/lib/kalman_1d
[0.780s] writing list of installed files to '/home/andrepadilha/kalman_ws/build/kalman_1d/install.log'
[0.800s] Invoked command in '/home/andrepadilha/kalman_ws/src/kalman_1d' returned '0': PYTHONPATH=/home/andrepadilha/kalman_ws/install/kalman_1d/lib/python3.8/site-packages:${PYTHONPATH} /usr/bin/python3 setup.py egg_info --egg-base ../../build/kalman_1d build --build-base /home/andrepadilha/kalman_ws/build/kalman_1d/build install --prefix /home/andrepadilha/kalman_ws/install/kalman_1d --record /home/andrepadilha/kalman_ws/build/kalman_1d/install.log --single-version-externally-managed
